16:19:01 **** Incremental Build of configuration Debug for project SPI_RFID ****
make -j12 all 
arm-none-eabi-gcc "../Core/Src/main.c" -mcpu=cortex-m4 -std=gnu11 -g3 -DDEBUG -DUSE_HAL_DRIVER -DSTM32F446xx -c -I../Core/Inc -I../Drivers/STM32F4xx_HAL_Driver/Inc -I../Drivers/STM32F4xx_HAL_Driver/Inc/Legacy -I../Drivers/CMSIS/Device/ST/STM32F4xx/Include -I../Drivers/CMSIS/Include -O0 -ffunction-sections -fdata-sections -Wall -fstack-usage -fcyclomatic-complexity -MMD -MP -MF"Core/Src/main.d" -MT"Core/Src/main.o" --specs=nano.specs -mfpu=fpv4-sp-d16 -mfloat-abi=hard -mthumb -o "Core/Src/main.o"
arm-none-eabi-gcc -o "SPI_RFID.elf" @"objects.list"   -mcpu=cortex-m4 -T"/home/brati/STM32CubeIDE/workspace_1.12.0/SPI_RFID/STM32F446RETX_FLASH.ld" --specs=nosys.specs -Wl,-Map="SPI_RFID.map" -Wl,--gc-sections -static --specs=nano.specs -mfpu=fpv4-sp-d16 -mfloat-abi=hard -mthumb -Wl,--start-group -lc -lm -Wl,--end-group
/opt/st/stm32cubeide_1.12.0/plugins/com.st.stm32cube.ide.mcu.externaltools.gnu-tools-for-stm32.10.3-2021.10.linux64_1.0.200.202301161003/tools/bin/../lib/gcc/arm-none-eabi/10.3.1/../../../../arm-none-eabi/bin/ld: ./Core/Src/LiquidCrystal_PCF8574.o: in function `lcd_init':
/home/brati/STM32CubeIDE/workspace_1.12.0/SPI_RFID/Debug/../Core/Src/LiquidCrystal_PCF8574.c:77: undefined reference to `delay'
/opt/st/stm32cubeide_1.12.0/plugins/com.st.stm32cube.ide.mcu.externaltools.gnu-tools-for-stm32.10.3-2021.10.linux64_1.0.200.202301161003/tools/bin/../lib/gcc/arm-none-eabi/10.3.1/../../../../arm-none-eabi/bin/ld: /home/brati/STM32CubeIDE/workspace_1.12.0/SPI_RFID/Debug/../Core/Src/LiquidCrystal_PCF8574.c:79: undefined reference to `delay'
/opt/st/stm32cubeide_1.12.0/plugins/com.st.stm32cube.ide.mcu.externaltools.gnu-tools-for-stm32.10.3-2021.10.linux64_1.0.200.202301161003/tools/bin/../lib/gcc/arm-none-eabi/10.3.1/../../../../arm-none-eabi/bin/ld: /home/brati/STM32CubeIDE/workspace_1.12.0/SPI_RFID/Debug/../Core/Src/LiquidCrystal_PCF8574.c:81: undefined reference to `delay'
/opt/st/stm32cubeide_1.12.0/plugins/com.st.stm32cube.ide.mcu.externaltools.gnu-tools-for-stm32.10.3-2021.10.linux64_1.0.200.202301161003/tools/bin/../lib/gcc/arm-none-eabi/10.3.1/../../../../arm-none-eabi/bin/ld: /home/brati/STM32CubeIDE/workspace_1.12.0/SPI_RFID/Debug/../Core/Src/LiquidCrystal_PCF8574.c:83: undefined reference to `delay'
/opt/st/stm32cubeide_1.12.0/plugins/com.st.stm32cube.ide.mcu.externaltools.gnu-tools-for-stm32.10.3-2021.10.linux64_1.0.200.202301161003/tools/bin/../lib/gcc/arm-none-eabi/10.3.1/../../../../arm-none-eabi/bin/ld: /home/brati/STM32CubeIDE/workspace_1.12.0/SPI_RFID/Debug/../Core/Src/LiquidCrystal_PCF8574.c:85: undefined reference to `delay'
/opt/st/stm32cubeide_1.12.0/plugins/com.st.stm32cube.ide.mcu.externaltools.gnu-tools-for-stm32.10.3-2021.10.linux64_1.0.200.202301161003/tools/bin/../lib/gcc/arm-none-eabi/10.3.1/../../../../arm-none-eabi/bin/ld: ./Core/Src/LiquidCrystal_PCF8574.o:/home/brati/STM32CubeIDE/workspace_1.12.0/SPI_RFID/Debug/../Core/Src/LiquidCrystal_PCF8574.c:89: more undefined references to `delay' follow
/opt/st/stm32cubeide_1.12.0/plugins/com.st.stm32cube.ide.mcu.externaltools.gnu-tools-for-stm32.10.3-2021.10.linux64_1.0.200.202301161003/tools/bin/../lib/gcc/arm-none-eabi/10.3.1/../../../../arm-none-eabi/bin/ld: ./Core/Src/main.o: in function `main':
/home/brati/STM32CubeIDE/workspace_1.12.0/SPI_RFID/Debug/../Core/Src/main.c:11: undefined reference to `systick_init_ms'
/opt/st/stm32cubeide_1.12.0/plugins/com.st.stm32cube.ide.mcu.externaltools.gnu-tools-for-stm32.10.3-2021.10.linux64_1.0.200.202301161003/tools/bin/../lib/gcc/arm-none-eabi/10.3.1/../../../../arm-none-eabi/bin/ld: /home/brati/STM32CubeIDE/workspace_1.12.0/SPI_RFID/Debug/../Core/Src/main.c:20: undefined reference to `delay'
/opt/st/stm32cubeide_1.12.0/plugins/com.st.stm32cube.ide.mcu.externaltools.gnu-tools-for-stm32.10.3-2021.10.linux64_1.0.200.202301161003/tools/bin/../lib/gcc/arm-none-eabi/10.3.1/../../../../arm-none-eabi/bin/ld: /home/brati/STM32CubeIDE/workspace_1.12.0/SPI_RFID/Debug/../Core/Src/main.c:34: undefined reference to `delay'
/opt/st/stm32cubeide_1.12.0/plugins/com.st.stm32cube.ide.mcu.externaltools.gnu-tools-for-stm32.10.3-2021.10.linux64_1.0.200.202301161003/tools/bin/../lib/gcc/arm-none-eabi/10.3.1/../../../../arm-none-eabi/bin/ld: /home/brati/STM32CubeIDE/workspace_1.12.0/SPI_RFID/Debug/../Core/Src/main.c:36: undefined reference to `delay'
/opt/st/stm32cubeide_1.12.0/plugins/com.st.stm32cube.ide.mcu.externaltools.gnu-tools-for-stm32.10.3-2021.10.linux64_1.0.200.202301161003/tools/bin/../lib/gcc/arm-none-eabi/10.3.1/../../../../arm-none-eabi/bin/ld: ./Core/Src/spi.o: in function `SPI_Transmit':
/home/brati/STM32CubeIDE/workspace_1.12.0/SPI_RFID/Debug/../Core/Src/spi.c:31: undefined reference to `millis'
/opt/st/stm32cubeide_1.12.0/plugins/com.st.stm32cube.ide.mcu.externaltools.gnu-tools-for-stm32.10.3-2021.10.linux64_1.0.200.202301161003/tools/bin/../lib/gcc/arm-none-eabi/10.3.1/../../../../arm-none-eabi/bin/ld: /home/brati/STM32CubeIDE/workspace_1.12.0/SPI_RFID/Debug/../Core/Src/spi.c:36: undefined reference to `millis'
/opt/st/stm32cubeide_1.12.0/plugins/com.st.stm32cube.ide.mcu.externaltools.gnu-tools-for-stm32.10.3-2021.10.linux64_1.0.200.202301161003/tools/bin/../lib/gcc/arm-none-eabi/10.3.1/../../../../arm-none-eabi/bin/ld: /home/brati/STM32CubeIDE/workspace_1.12.0/SPI_RFID/Debug/../Core/Src/spi.c:40: undefined reference to `millis'
/opt/st/stm32cubeide_1.12.0/plugins/com.st.stm32cube.ide.mcu.externaltools.gnu-tools-for-stm32.10.3-2021.10.linux64_1.0.200.202301161003/tools/bin/../lib/gcc/arm-none-eabi/10.3.1/../../../../arm-none-eabi/bin/ld: /home/brati/STM32CubeIDE/workspace_1.12.0/SPI_RFID/Debug/../Core/Src/spi.c:43: undefined reference to `millis'
/opt/st/stm32cubeide_1.12.0/plugins/com.st.stm32cube.ide.mcu.externaltools.gnu-tools-for-stm32.10.3-2021.10.linux64_1.0.200.202301161003/tools/bin/../lib/gcc/arm-none-eabi/10.3.1/../../../../arm-none-eabi/bin/ld: /home/brati/STM32CubeIDE/workspace_1.12.0/SPI_RFID/Debug/../Core/Src/spi.c:44: undefined reference to `millis'
/opt/st/stm32cubeide_1.12.0/plugins/com.st.stm32cube.ide.mcu.externaltools.gnu-tools-for-stm32.10.3-2021.10.linux64_1.0.200.202301161003/tools/bin/../lib/gcc/arm-none-eabi/10.3.1/../../../../arm-none-eabi/bin/ld: ./Core/Src/spi.o:/home/brati/STM32CubeIDE/workspace_1.12.0/SPI_RFID/Debug/../Core/Src/spi.c:55: more undefined references to `millis' follow
collect2: error: ld returned 1 exit status
make: *** [makefile:64: SPI_RFID.elf] Error 1
"make -j12 all" terminated with exit code 2. Build might be incomplete.

16:19:01 Build Failed. 20 errors, 0 warnings. (took 428ms)

