2023-05-19 00:58:20,501 [INFO] Activator:176 - 


2023-05-19 00:58:20,508 [INFO] Activator:177 - !SESSION log4j initialized
2023-05-19 00:58:26,175 [INFO] LogOutputStream:77 - [STDOUT_REDIRECT] 
2023-05-18 19:28:48,594 [ERROR] LogOutputStream:75 - [STDERR_REDIRECT] SLF4J: Failed to load class "org.slf4j.impl.StaticLoggerBinder".
2023-05-18 19:28:48,595 [ERROR] LogOutputStream:75 - [STDERR_REDIRECT] SLF4J: Defaulting to no-operation (NOP) logger implementation
2023-05-18 19:28:48,595 [ERROR] LogOutputStream:75 - [STDERR_REDIRECT] SLF4J: See http://www.slf4j.org/codes.html#StaticLoggerBinder for further details.
2023-05-18 19:35:18,416 [INFO] Activator:176 - 


2023-05-18 19:35:18,417 [INFO] Activator:177 - !SESSION log4j initialized
2023-05-18 19:35:21,054 [INFO] LogOutputStream:77 - [STDOUT_REDIRECT] 
2023-05-18 19:35:42,478 [ERROR] LogOutputStream:75 - [STDERR_REDIRECT] SLF4J: Failed to load class "org.slf4j.impl.StaticLoggerBinder".
2023-05-18 19:35:42,478 [ERROR] LogOutputStream:75 - [STDERR_REDIRECT] SLF4J: Defaulting to no-operation (NOP) logger implementation
2023-05-18 19:35:42,478 [ERROR] LogOutputStream:75 - [STDERR_REDIRECT] SLF4J: See http://www.slf4j.org/codes.html#StaticLoggerBinder for further details.
2023-05-18 19:48:26,032 [ERROR] LogOutputStream:75 - [STDERR_REDIRECT] Exception in thread "SWV client thread" java.lang.NullPointerException
2023-05-18 19:48:26,033 [ERROR] LogOutputStream:75 - [STDERR_REDIRECT] 	at com.st.stm32cube.ide.mcu.debug.swv.core.SWVPlugin.debugTrace(SWVPlugin.java:85)
2023-05-18 19:48:26,033 [ERROR] LogOutputStream:75 - [STDERR_REDIRECT] 	at com.st.stm32cube.ide.mcu.debug.swv.core.SWVClient.TRACE(SWVClient.java:768)
2023-05-18 19:48:26,033 [ERROR] LogOutputStream:75 - [STDERR_REDIRECT] 	at com.st.stm32cube.ide.mcu.debug.swv.core.SWVClient.createInstrumentationPacket(SWVClient.java:625)
2023-05-18 19:48:26,033 [ERROR] LogOutputStream:75 - [STDERR_REDIRECT] 	at com.st.stm32cube.ide.mcu.debug.swv.core.SWVClient.run(SWVClient.java:376)
2023-05-18 19:53:17,891 [INFO] Activator:176 - 


2023-05-18 19:53:17,892 [INFO] Activator:177 - !SESSION log4j initialized
2023-05-18 19:53:22,854 [INFO] LogOutputStream:77 - [STDOUT_REDIRECT] 
2023-05-18 19:53:44,996 [ERROR] LogOutputStream:75 - [STDERR_REDIRECT] SLF4J: Failed to load class "org.slf4j.impl.StaticLoggerBinder".
2023-05-18 19:53:44,997 [ERROR] LogOutputStream:75 - [STDERR_REDIRECT] SLF4J: Defaulting to no-operation (NOP) logger implementation
2023-05-18 19:53:44,997 [ERROR] LogOutputStream:75 - [STDERR_REDIRECT] SLF4J: See http://www.slf4j.org/codes.html#StaticLoggerBinder for further details.
2023-05-18 20:06:03,706 [INFO] ApplicationProperties:184 - Using Application install path: /opt/st/stm32cubeide_1.12.0/plugins/com.st.stm32cube.common.mx_6.8.0.202302231600
2023-05-18 20:06:03,721 [INFO] DbMcusXml:78 - Set database path to: /opt/st/stm32cubeide_1.12.0/plugins/com.st.stm32cube.common.mx_6.8.0.202302231600//db//mcu/
2023-05-18 20:06:03,721 [INFO] ApiDb:274 - Set plugin database path to: /opt/st/stm32cubeide_1.12.0/plugins/com.st.stm32cube.common.mx_6.8.0.202302231600//db//plugins/boardmanager/
2023-05-18 20:06:03,723 [WARN] ApiDb:259 - Overriding images path with different value:  => /opt/st/stm32cubeide_1.12.0/plugins/com.st.stm32cube.common.mx_6.8.0.202302231600//db//plugins/mcufinder/images/
2023-05-18 20:06:03,735 [INFO] ApiDb:250 - Set database path to: /home/brati/.stmcufinder/plugins/mcufinder//mcu/
2023-05-18 20:06:03,736 [INFO] DbMcusAds:125 - Set database path to: /home/brati/.stmcufinder/plugins/mcufinder//mcu/
2023-05-18 20:06:03,751 [INFO] CrossReferenceDbSqlite:203 - Set database path to: /home/brati/.stmcufinder/plugins/mcufinder//mcu/cs/
2023-05-18 20:06:03,823 [INFO] RulesReader:64 - Compatibility file has been processed (293 Rules)
2023-05-18 20:06:03,862 [INFO] DbMcusXml:78 - Set database path to: /opt/st/stm32cubeide_1.12.0/plugins/com.st.stm32cube.common.mx_6.8.0.202302231600//db//mcu/
2023-05-18 20:06:03,862 [INFO] ApiDb:274 - Set plugin database path to: /opt/st/stm32cubeide_1.12.0/plugins/com.st.stm32cube.common.mx_6.8.0.202302231600//db//plugins/boardmanager/
2023-05-18 20:06:03,862 [INFO] ApiDb:261 - Set plugin images path to: /opt/st/stm32cubeide_1.12.0/plugins/com.st.stm32cube.common.mx_6.8.0.202302231600//db//plugins/mcufinder/images/
2023-05-18 20:06:03,862 [WARN] DbFile:41 - Overriding database path with different value: /home/brati/.stmcufinder/plugins/mcufinder/ => /home/brati/.stmcufinder/plugins/mcufinder
2023-05-18 20:06:03,862 [INFO] ApiDb:250 - Set database path to: /home/brati/.stmcufinder/plugins/mcufinder//mcu/
2023-05-18 20:06:03,863 [WARN] DbFile:41 - Overriding database path with different value: /home/brati/.stmcufinder/plugins/mcufinder/ => /home/brati/.stmcufinder/plugins/mcufinder
2023-05-18 20:06:03,863 [INFO] DbMcusAds:125 - Set database path to: /home/brati/.stmcufinder/plugins/mcufinder//mcu/
2023-05-18 20:06:03,863 [WARN] DbFile:41 - Overriding database path with different value: /home/brati/.stmcufinder/plugins/mcufinder/ => /home/brati/.stmcufinder/plugins/mcufinder
2023-05-18 20:06:03,863 [WARN] DbFile:41 - Overriding database path with different value: /home/brati/.stmcufinder/plugins/mcufinder/ => /home/brati/.stmcufinder/plugins/mcufinder
2023-05-18 20:06:03,863 [INFO] CrossReferenceDbSqlite:203 - Set database path to: /home/brati/.stmcufinder/plugins/mcufinder//mcu/cs/
2023-05-18 20:06:03,912 [INFO] MainPanel:253 - HeapMemory: 772800512
2023-05-18 20:06:04,001 [INFO] DbMcusXml:78 - Set database path to: /opt/st/stm32cubeide_1.12.0/plugins/com.st.stm32cube.common.mx_6.8.0.202302231600//db//mcu/
2023-05-18 20:06:04,001 [INFO] ApiDb:274 - Set plugin database path to: /opt/st/stm32cubeide_1.12.0/plugins/com.st.stm32cube.common.mx_6.8.0.202302231600//db//plugins/boardmanager/
2023-05-18 20:06:04,002 [INFO] ApiDb:261 - Set plugin images path to: /opt/st/stm32cubeide_1.12.0/plugins/com.st.stm32cube.common.mx_6.8.0.202302231600//db//plugins/mcufinder/images/
2023-05-18 20:06:04,002 [WARN] DbFile:41 - Overriding database path with different value: /home/brati/.stmcufinder/plugins/mcufinder/ => /home/brati/.stmcufinder/plugins/mcufinder
2023-05-18 20:06:04,002 [INFO] ApiDb:250 - Set database path to: /home/brati/.stmcufinder/plugins/mcufinder//mcu/
2023-05-18 20:06:04,002 [WARN] DbFile:41 - Overriding database path with different value: /home/brati/.stmcufinder/plugins/mcufinder/ => /home/brati/.stmcufinder/plugins/mcufinder
2023-05-18 20:06:04,002 [INFO] DbMcusAds:125 - Set database path to: /home/brati/.stmcufinder/plugins/mcufinder//mcu/
2023-05-18 20:06:04,002 [WARN] DbFile:41 - Overriding database path with different value: /home/brati/.stmcufinder/plugins/mcufinder/ => /home/brati/.stmcufinder/plugins/mcufinder
2023-05-18 20:06:04,002 [WARN] DbFile:41 - Overriding database path with different value: /home/brati/.stmcufinder/plugins/mcufinder/ => /home/brati/.stmcufinder/plugins/mcufinder
2023-05-18 20:06:04,002 [INFO] CrossReferenceDbSqlite:203 - Set database path to: /home/brati/.stmcufinder/plugins/mcufinder//mcu/cs/
2023-05-18 20:06:04,013 [INFO] ApplicationProperties:184 - Using Application install path: /opt/st/stm32cubeide_1.12.0/plugins/com.st.stm32cube.common.mx_6.8.0.202302231600
2023-05-18 20:06:04,014 [INFO] PluginManage:196 - Search for loadable plugins [exclusion list=, ]
2023-05-18 20:06:04,015 [INFO] PluginManage:310 - Check plugin analytics
2023-05-18 20:06:04,132 [INFO] AnalyticsPlugin:253 - Accepted Software Licenses: 
2023-05-18 20:06:04,132 [INFO] AnalyticsPlugin:255 - Accepted CMSIS Pack Licenses: 
2023-05-18 20:06:04,132 [INFO] AnalyticsPlugin:257 - Accepted Firmware Licenses: FW.F4.1.27.0
2023-05-18 20:06:04,135 [INFO] PluginManage:359 - Loaded plugin analytics (category:tool,tabindex:-1)
2023-05-18 20:06:04,135 [INFO] PluginManage:310 - Check plugin cadmodel
2023-05-18 20:06:04,190 [INFO] CADModel:105 - Init CAD model plugin
2023-05-18 20:06:04,190 [INFO] PluginManage:359 - Loaded plugin cadmodel (category:power,tabindex:5)
2023-05-18 20:06:04,190 [INFO] PluginManage:310 - Check plugin clock
2023-05-18 20:06:04,199 [INFO] PluginManage:359 - Loaded plugin clock (category:base,tabindex:2)
2023-05-18 20:06:04,199 [INFO] PluginManage:310 - Check plugin ddr
2023-05-18 20:06:04,201 [INFO] PluginManage:359 - Loaded plugin ddr (category:tool,tabindex:6)
2023-05-18 20:06:04,201 [INFO] PluginManage:310 - Check plugin filemanager
2023-05-18 20:06:04,303 [INFO] PluginManage:359 - Loaded plugin filemanager (category:base,tabindex:10)
2023-05-18 20:06:04,303 [INFO] PluginManage:310 - Check plugin ipmanager
2023-05-18 20:06:04,307 [INFO] PluginManage:359 - Loaded plugin ipmanager (category:base,tabindex:5)
2023-05-18 20:06:04,307 [INFO] PluginManage:310 - Check plugin lpbam
2023-05-18 20:06:04,314 [INFO] PluginManage:359 - Loaded plugin lpbam (category:base,tabindex:0)
2023-05-18 20:06:04,314 [INFO] PluginManage:310 - Check plugin pinoutandconfiguration
2023-05-18 20:06:04,319 [INFO] PluginManage:359 - Loaded plugin pinoutandconfiguration (category:base,tabindex:1)
2023-05-18 20:06:04,319 [INFO] PluginManage:310 - Check plugin pinoutconfig
2023-05-18 20:06:04,391 [WARN] SupportedApi:132 - Cannot load RTOS API schema: s4s-elt-must-match.1: The content of 'definitions' must match (annotation?, (simpleType | complexType)?, (unique | key | keyref)*)). A problem was found starting at: attribute.
2023-05-18 20:06:04,498 [INFO] PluginManage:359 - Loaded plugin pinoutconfig (category:base,tabindex:0)
2023-05-18 20:06:04,498 [INFO] PluginManage:310 - Check plugin power
2023-05-18 20:06:04,506 [INFO] PluginManage:359 - Loaded plugin power (category:power,tabindex:4)
2023-05-18 20:06:04,506 [INFO] PluginManage:310 - Check plugin projectmanager
2023-05-18 20:06:04,516 [INFO] PluginManage:359 - Loaded plugin projectmanager (category:projectmanager,tabindex:3)
2023-05-18 20:06:04,516 [INFO] PluginManage:310 - Check plugin thirdparty
2023-05-18 20:06:04,627 [INFO] PluginManage:359 - Loaded plugin thirdparty (category:base,tabindex:-1)
2023-05-18 20:06:04,627 [WARN] IntegrityCheckThread:84 - waiting for thirdparty lock release [integrity check]
2023-05-18 20:06:04,628 [INFO] PluginManage:310 - Check plugin tools
2023-05-18 20:06:04,628 [INFO] IntegrityCheckThread:86 - entering critical section [integrity check]
2023-05-18 20:06:04,629 [INFO] ThirdPartyUpdaterWithRetryManager:70 - Updater plugin not ready yet. [1/15]
2023-05-18 20:06:04,629 [INFO] PluginManage:359 - Loaded plugin tools (category:base,tabindex:7)
2023-05-18 20:06:04,629 [INFO] PluginManage:310 - Check plugin tutovideos
2023-05-18 20:06:04,787 [INFO] PluginManage:359 - Loaded plugin tutovideos (category:base,tabindex:-1)
2023-05-18 20:06:04,787 [INFO] PluginManage:310 - Check plugin updater
2023-05-18 20:06:04,799 [INFO] PluginManage:359 - Loaded plugin updater (category:base,tabindex:12)
2023-05-18 20:06:04,799 [INFO] PluginManage:283 - PluginManage : Loaded plugins [15]
2023-05-18 20:06:04,946 [INFO] PinOutPanel:1499 - setPackage(No Configuration,No Configuration)
2023-05-18 20:06:04,984 [INFO] CADModel:165 - CPN selected for project level
2023-05-18 20:06:04,984 [INFO] CADModel:114 - Register for checkConnection events
2023-05-18 20:06:04,995 [INFO] IPUIPlugin:80 - create IPUIPlugin
2023-05-18 20:06:04,997 [INFO] PluginManager:220 - loadIPPluginJar : add plateformsettings
2023-05-18 20:06:05,002 [INFO] IPUIPlugin:80 - create IPUIPlugin
2023-05-18 20:06:05,002 [INFO] PluginManager:220 - loadIPPluginJar : add pdm2pcm
2023-05-18 20:06:05,004 [INFO] IPUIPlugin:80 - create IPUIPlugin
2023-05-18 20:06:05,004 [INFO] PluginManager:220 - loadIPPluginJar : add touchsensing
2023-05-18 20:06:05,006 [INFO] IPUIPlugin:80 - create IPUIPlugin
2023-05-18 20:06:05,006 [INFO] PluginManager:220 - loadIPPluginJar : add can
2023-05-18 20:06:05,009 [INFO] IPUIPlugin:80 - create IPUIPlugin
2023-05-18 20:06:05,010 [INFO] PluginManager:220 - loadIPPluginJar : add dma
2023-05-18 20:06:05,012 [INFO] IPUIPlugin:80 - create IPUIPlugin
2023-05-18 20:06:05,012 [INFO] PluginManager:220 - loadIPPluginJar : add ipddr
2023-05-18 20:06:05,013 [INFO] IPUIPlugin:80 - create IPUIPlugin
2023-05-18 20:06:05,013 [INFO] PluginManager:220 - loadIPPluginJar : add ts
2023-05-18 20:06:05,018 [INFO] IPUIPlugin:80 - create IPUIPlugin
2023-05-18 20:06:05,018 [INFO] PluginManager:220 - loadIPPluginJar : add gic
2023-05-18 20:06:05,019 [INFO] IPUIPlugin:80 - create IPUIPlugin
2023-05-18 20:06:05,019 [INFO] PluginManager:220 - loadIPPluginJar : add lorawan
2023-05-18 20:06:05,021 [INFO] IPUIPlugin:80 - create IPUIPlugin
2023-05-18 20:06:05,021 [INFO] PluginManager:220 - loadIPPluginJar : add gfxmmu
2023-05-18 20:06:05,022 [INFO] IPUIPlugin:80 - create IPUIPlugin
2023-05-18 20:06:05,022 [INFO] PluginManager:220 - loadIPPluginJar : add tsc
2023-05-18 20:06:05,026 [INFO] IPUIPlugin:80 - create IPUIPlugin
2023-05-18 20:06:05,026 [INFO] PluginManager:220 - loadIPPluginJar : add stm32_wpan
2023-05-18 20:06:05,028 [INFO] IPUIPlugin:80 - create IPUIPlugin
2023-05-18 20:06:05,028 [INFO] PluginManager:220 - loadIPPluginJar : add nvic
2023-05-18 20:06:05,030 [INFO] IPUIPlugin:80 - create IPUIPlugin
2023-05-18 20:06:05,030 [INFO] PluginManager:220 - loadIPPluginJar : add usbx
2023-05-18 20:06:05,031 [INFO] IPUIPlugin:80 - create IPUIPlugin
2023-05-18 20:06:05,031 [INFO] PluginManager:220 - loadIPPluginJar : add i3c
2023-05-18 20:06:05,036 [INFO] IPUIPlugin:80 - create IPUIPlugin
2023-05-18 20:06:05,036 [INFO] PluginManager:220 - loadIPPluginJar : add gpio
2023-05-18 20:06:05,039 [INFO] IPUIPlugin:80 - create IPUIPlugin
2023-05-18 20:06:05,039 [INFO] PluginManager:220 - loadIPPluginJar : add sai
2023-05-18 20:06:05,043 [INFO] IPUIPlugin:80 - create IPUIPlugin
2023-05-18 20:06:05,043 [INFO] PluginManager:220 - loadIPPluginJar : add fmc
2023-05-18 20:06:05,048 [INFO] IPUIPlugin:80 - create IPUIPlugin
2023-05-18 20:06:05,048 [INFO] PluginManager:220 - loadIPPluginJar : add freertos
2023-05-18 20:06:05,049 [INFO] IPUIPlugin:80 - create IPUIPlugin
2023-05-18 20:06:05,049 [INFO] PluginManager:220 - loadIPPluginJar : add dma3
2023-05-18 20:06:05,051 [INFO] IPUIPlugin:80 - create IPUIPlugin
2023-05-18 20:06:05,051 [INFO] PluginManager:220 - loadIPPluginJar : add aes
2023-05-18 20:06:05,052 [INFO] IPUIPlugin:80 - create IPUIPlugin
2023-05-18 20:06:05,052 [INFO] PluginManager:220 - loadIPPluginJar : add gtzc
2023-05-18 20:06:05,053 [INFO] IPUIPlugin:80 - create IPUIPlugin
2023-05-18 20:06:05,053 [INFO] PluginManager:220 - loadIPPluginJar : add comp
2023-05-18 20:06:05,054 [INFO] IPUIPlugin:80 - create IPUIPlugin
2023-05-18 20:06:05,055 [INFO] PluginManager:220 - loadIPPluginJar : add usart
2023-05-18 20:06:05,055 [INFO] IPUIPlugin:80 - create IPUIPlugin
2023-05-18 20:06:05,055 [INFO] PluginManager:220 - loadIPPluginJar : add quadspi
2023-05-18 20:06:05,056 [INFO] IPUIPlugin:80 - create IPUIPlugin
2023-05-18 20:06:05,056 [INFO] PluginManager:220 - loadIPPluginJar : add dfsdm
2023-05-18 20:06:05,057 [INFO] IPUIPlugin:80 - create IPUIPlugin
2023-05-18 20:06:05,057 [INFO] PluginManager:220 - loadIPPluginJar : add hash
2023-05-18 20:06:05,059 [INFO] IPUIPlugin:80 - create IPUIPlugin
2023-05-18 20:06:05,059 [INFO] PluginManager:220 - loadIPPluginJar : add opamp
2023-05-18 20:06:05,061 [INFO] IPUIPlugin:80 - create IPUIPlugin
2023-05-18 20:06:05,061 [INFO] PluginManager:220 - loadIPPluginJar : add resmgrutility
2023-05-18 20:06:05,062 [INFO] IPUIPlugin:80 - create IPUIPlugin
2023-05-18 20:06:05,062 [INFO] PluginManager:220 - loadIPPluginJar : add ltdc
2023-05-18 20:06:05,064 [INFO] IPUIPlugin:80 - create IPUIPlugin
2023-05-18 20:06:05,064 [INFO] PluginManager:220 - loadIPPluginJar : add openamp
2023-05-18 20:06:05,065 [INFO] IPUIPlugin:80 - create IPUIPlugin
2023-05-18 20:06:05,065 [INFO] PluginManager:220 - loadIPPluginJar : add spi
2023-05-18 20:06:05,067 [INFO] IPUIPlugin:80 - create IPUIPlugin
2023-05-18 20:06:05,067 [INFO] PluginManager:220 - loadIPPluginJar : add i2c
2023-05-18 20:06:05,072 [INFO] IPUIPlugin:80 - create IPUIPlugin
2023-05-18 20:06:05,072 [INFO] PluginManager:220 - loadIPPluginJar : add mdma
2023-05-18 20:06:05,073 [INFO] IPUIPlugin:80 - create IPUIPlugin
2023-05-18 20:06:05,073 [INFO] PluginManager:220 - loadIPPluginJar : add tim
2023-05-18 20:06:05,078 [INFO] IPUIPlugin:80 - create IPUIPlugin
2023-05-18 20:06:05,078 [INFO] PluginManager:220 - loadIPPluginJar : add linkedlist
2023-05-18 20:06:05,080 [INFO] IPUIPlugin:80 - create IPUIPlugin
2023-05-18 20:06:05,080 [INFO] PluginManager:220 - loadIPPluginJar : add tracer_emb
2023-05-18 20:06:05,081 [INFO] IPUIPlugin:80 - create IPUIPlugin
2023-05-18 20:06:05,081 [INFO] PluginManager:220 - loadIPPluginJar : add genericplugin
2023-05-18 20:06:05,082 [INFO] IPUIPlugin:80 - create IPUIPlugin
2023-05-18 20:06:05,082 [INFO] PluginManager:220 - loadIPPluginJar : add cryp
2023-05-18 20:06:05,083 [INFO] IPUIPlugin:80 - create IPUIPlugin
2023-05-18 20:06:05,084 [INFO] PluginManager:220 - loadIPPluginJar : add i2s
2023-05-18 20:06:05,088 [INFO] IPUIPlugin:80 - create IPUIPlugin
2023-05-18 20:06:05,088 [INFO] PluginManager:220 - loadIPPluginJar : add adc
2023-05-18 20:06:05,089 [INFO] IPUIPlugin:80 - create IPUIPlugin
2023-05-18 20:06:05,089 [INFO] PluginManager:220 - loadIPPluginJar : add ucpd
2023-05-18 20:06:05,118 [INFO] IPUIPlugin:80 - create IPUIPlugin
2023-05-18 20:06:05,118 [INFO] PluginManager:220 - loadIPPluginJar : add fatfs
2023-05-18 20:06:05,212 [INFO] CADModel:165 - CPN selected for project level
2023-05-18 20:06:05,212 [INFO] CADModel:114 - Register for checkConnection events
2023-05-18 20:06:05,212 [FATAL] Updater:308 - Updater called before beeing initialized
2023-05-18 20:06:05,212 [ERROR] CADModel:125 - Updater not yet initialized, retry later 
2023-05-18 20:06:05,308 [INFO] CADModel:165 - CPN selected for project level
2023-05-18 20:06:05,308 [INFO] CADModel:114 - Register for checkConnection events
2023-05-18 20:06:05,308 [FATAL] Updater:308 - Updater called before beeing initialized
2023-05-18 20:06:05,308 [ERROR] CADModel:125 - Updater not yet initialized, retry later 
2023-05-18 20:06:05,310 [FATAL] Updater:308 - Updater called before beeing initialized
2023-05-18 20:06:05,365 [FATAL] Updater:308 - Updater called before beeing initialized
2023-05-18 20:06:05,370 [INFO] DbMcusAds:53 - JSON generation date=Tue Mar 07 14:20:54 IST 2023 (1678179054945)
2023-05-18 20:06:05,370 [FATAL] Updater:308 - Updater called before beeing initialized
2023-05-18 20:06:05,398 [WARN] DetailPanel:346 - Failed to get advertising image, set to default
2023-05-18 20:06:05,505 [FATAL] Updater:308 - Updater called before beeing initialized
2023-05-18 20:06:05,507 [FATAL] Updater:308 - Updater called before beeing initialized
2023-05-18 20:06:05,507 [FATAL] Updater:308 - Updater called before beeing initialized
2023-05-18 20:06:05,507 [WARN] DetailPanel:346 - Failed to get advertising image, set to default
2023-05-18 20:06:05,508 [FATAL] Updater:308 - Updater called before beeing initialized
2023-05-18 20:06:05,534 [ERROR] Updater:1120 - MainUpdater not yet initialized. External WinMGr cannot be set.
2023-05-18 20:06:05,535 [INFO] Updater:1056 - Updater Version found : 6.8.0
2023-05-18 20:06:05,551 [INFO] ApplicationProperties:184 - Using Application install path: /opt/st/stm32cubeide_1.12.0/plugins/com.st.stm32cube.common.mx_6.8.0.202302231600
2023-05-18 20:06:06,929 [INFO] MainUpdater:2854 - connection check result : 10
2023-05-18 20:06:06,931 [INFO] MainUpdater:283 - Updater Check For Update Now.
2023-05-18 20:06:06,932 [INFO] MicroXplorer:498 - Change Database Version : DB.6.0.80
2023-05-18 20:06:07,172 [INFO] CheckServerUpdateThread:120 - End of CheckServer Thread
2023-05-18 20:06:07,351 [INFO] MainUpdater:2854 - connection check result : 10
2023-05-18 20:06:07,356 [INFO] MainUpdater:2854 - connection check result : 10
2023-05-18 20:06:07,434 [INFO] MicroXplorer:468 - Change Database Path : 
2023-05-18 20:06:07,435 [INFO] MicroXplorer:498 - Change Database Version : DB.6.0.80
2023-05-18 20:06:07,436 [WARN] ThirdParty:871 - waiting for thirdparty lock release [close project]
2023-05-18 20:06:07,701 [WARN] PackLoader:240 - Cannot read IP mode file for STMicroelectronics.X-CUBE-GNSS1.6.0.0
2023-05-18 20:06:07,724 [WARN] PackLoader:240 - Cannot read IP mode file for STMicroelectronics.X-CUBE-AZRTOS-F4.1.1.0
2023-05-18 20:06:07,733 [WARN] PackLoader:240 - Cannot read IP mode file for STMicroelectronics.X-CUBE-SMBUS.2.1.0
2023-05-18 20:06:07,735 [WARN] PackLoader:240 - Cannot read IP mode file for wolfSSL.I-CUBE-wolfSSL.5.6.0
2023-05-18 20:06:07,750 [WARN] PackLoader:240 - Cannot read IP mode file for STMicroelectronics.X-CUBE-AZRTOS-F7.1.1.0
2023-05-18 20:06:07,796 [WARN] PackLoader:240 - Cannot read IP mode file for STMicroelectronics.X-CUBE-MEMS1.9.6.0
2023-05-18 20:06:07,903 [ERROR] RealEvaluatedCondition:428 - Found unsupported composite condition: CLASS='Data Exchange' GROUP='STM32_MetaDataManager'
2023-05-18 20:06:07,904 [ERROR] RealEvaluatedCondition:428 - Found unsupported composite condition: CLASS='Data Exchange' GROUP='STM32_MetaDataManager'
2023-05-18 20:06:07,904 [WARN] PackLoader:240 - Cannot read IP mode file for STMicroelectronics.FP-SNS-MOTENV1.4.3.0
2023-05-18 20:06:07,907 [WARN] PackLoader:240 - Cannot read IP mode file for STMicroelectronics.FP-SNS-FLIGHT1.5.0.0
2023-05-18 20:06:07,912 [WARN] PackLoader:240 - Cannot read IP mode file for STMicroelectronics.X-CUBE-BLE1.6.2.4
2023-05-18 20:06:07,918 [WARN] PackLoader:240 - Cannot read IP mode file for emotas.I-CUBE-CANOPEN.1.1.3
2023-05-18 20:06:07,923 [WARN] PackLoader:240 - Cannot read IP mode file for STMicroelectronics.X-CUBE-BLEMGR.2.0.0
2023-05-18 20:06:07,936 [WARN] ConditionMgr:438 - getConditionDescription Invalid condition id : UX DEVICE CLASS RTOS Condition cause : null
2023-05-18 20:06:07,937 [WARN] ConditionMgr:438 - getConditionDescription Invalid condition id : UX DEVICE CLASS RTOS Condition cause : null
2023-05-18 20:06:07,939 [WARN] PackLoader:240 - Cannot read IP mode file for STMicroelectronics.X-CUBE-AZRTOS-H7.3.1.0
2023-05-18 20:06:07,940 [WARN] ConditionMgr:1039 - genDependencies : Invalid condition id : UX DEVICE CLASS RTOS Condition cause : null
2023-05-18 20:06:07,941 [WARN] ConditionMgr:1039 - genDependencies : Invalid condition id : UX DEVICE CLASS RTOS Condition cause : null
2023-05-18 20:06:07,941 [WARN] ConditionMgr:1039 - genDependencies : Invalid condition id : UX DEVICE CLASS RTOS Condition cause : null
2023-05-18 20:06:07,941 [WARN] ConditionMgr:1039 - genDependencies : Invalid condition id : UX DEVICE CLASS RTOS Condition cause : null
2023-05-18 20:06:07,942 [WARN] ConditionMgr:1039 - genDependencies : Invalid condition id : UX DEVICE CLASS RTOS Condition cause : null
2023-05-18 20:06:07,949 [WARN] PackLoader:240 - Cannot read IP mode file for STMicroelectronics.X-CUBE-DISPLAY.3.0.0
2023-05-18 20:06:07,954 [WARN] PackLoader:240 - Cannot read IP mode file for STMicroelectronics.X-CUBE-NFC7.1.0.0
2023-05-18 20:06:07,958 [WARN] PackLoader:240 - Cannot read IP mode file for STMicroelectronics.X-CUBE-EEPRMA1.4.1.0
2023-05-18 20:06:07,964 [WARN] PackLoader:240 - Cannot read IP mode file for WES.I-CUBE-Cesium.1.3.0
2023-05-18 20:06:07,969 [WARN] PackLoader:240 - Cannot read IP mode file for STMicroelectronics.X-CUBE-SFXS2LP1.4.0.0
2023-05-18 20:06:07,973 [WARN] PackLoader:240 - Cannot read IP mode file for STMicroelectronics.X-CUBE-BLE2.3.3.0
2023-05-18 20:06:07,975 [WARN] PackLoader:240 - Cannot read IP mode file for STMicroelectronics.X-CUBE-ISPU.1.1.0
2023-05-18 20:06:07,979 [WARN] PackLoader:240 - Cannot read IP mode file for STMicroelectronics.X-CUBE-AI.8.0.0
2023-05-18 20:06:07,983 [WARN] PackLoader:240 - Cannot read IP mode file for STMicroelectronics.X-CUBE-FREERTOS.1.0.1
2023-05-18 20:06:07,986 [WARN] PackLoader:240 - Cannot read IP mode file for STMicroelectronics.X-CUBE-TOUCHGFX.4.21.3
2023-05-18 20:06:07,988 [WARN] PackLoader:240 - Cannot read IP mode file for STMicroelectronics.X-CUBE-TOUCHGFX.4.21.4
2023-05-18 20:06:07,991 [WARN] PackLoader:240 - Cannot read IP mode file for STMicroelectronics.X-CUBE-ALGOBUILD.1.3.0
2023-05-18 20:06:08,001 [WARN] PackLoader:240 - Cannot read IP mode file for STMicroelectronics.X-CUBE-AZRTOS-L5.1.1.0
2023-05-18 20:06:08,013 [WARN] PackLoader:240 - Cannot read IP mode file for STMicroelectronics.X-CUBE-AZRTOS-G0.1.1.0
2023-05-18 20:06:08,017 [WARN] PackLoader:240 - Cannot read IP mode file for STMicroelectronics.X-CUBE-AI.8.0.1
2023-05-18 20:06:08,023 [WARN] PackLoader:240 - Cannot read IP mode file for STMicroelectronics.X-CUBE-SUBG2.5.0.0
2023-05-18 20:06:08,031 [WARN] PackLoader:240 - Cannot read IP mode file for STMicroelectronics.X-CUBE-NFC4.3.0.0
2023-05-18 20:06:08,041 [WARN] PackLoader:240 - Cannot read IP mode file for STMicroelectronics.X-CUBE-AZRTOS-G4.2.0.0
2023-05-18 20:06:08,049 [WARN] PackLoader:240 - Cannot read IP mode file for STMicroelectronics.X-CUBE-TOF1.3.3.0
2023-05-18 20:06:08,056 [WARN] PackLoader:240 - Cannot read IP mode file for STMicroelectronics.FP-ATR-SIGFOX1.3.2.0
2023-05-18 20:06:08,067 [WARN] PackLoader:240 - Cannot read IP mode file for STMicroelectronics.X-CUBE-AZRTOS-L4.1.0.0
2023-05-18 20:06:08,075 [WARN] PackLoader:240 - Cannot read IP mode file for STMicroelectronics.X-CUBE-AZRTOS-WL.1.0.0
2023-05-18 20:06:08,079 [WARN] PackLoader:240 - Cannot read IP mode file for portGmbH.I-Cube-SoM-uGOAL.1.1.0
2023-05-18 20:06:08,081 [WARN] PackLoader:240 - Cannot read IP mode file for STMicroelectronics.X-CUBE-ALS.1.0.1
2023-05-18 20:06:08,089 [WARN] PackLoader:240 - Cannot read IP mode file for STMicroelectronics.X-CUBE-AZRTOS-WB.1.1.0
2023-05-18 20:06:08,111 [WARN] PackLoader:240 - Cannot read IP mode file for SEGGER.I-CUBE-embOS.1.3.1
2023-05-18 20:06:08,152 [WARN] PackLoader:240 - Cannot read IP mode file for STMicroelectronics.FP-ATR-ASTRA1.2.0.0
2023-05-18 20:06:08,152 [INFO] ThirdParty:978 - Integrity check success = true
2023-05-18 20:06:08,152 [INFO] IntegrityCheckThread:100 - exiting critical section [integrity check]
2023-05-18 20:06:08,153 [INFO] IntegrityCheckThread:103 - End integrity checks thread
2023-05-18 20:06:08,153 [INFO] ThirdParty:873 - entering critical section [close project]
2023-05-18 20:06:08,154 [INFO] ThirdParty:883 - exiting critical section [close project]
2023-05-18 20:06:08,157 [INFO] PinOutPanel:1499 - setPackage(No Configuration,No Configuration)
2023-05-18 20:06:08,161 [INFO] UtilMem:75 - Begin LoadConfig() Used Memory: 275359328 Bytes (772800512)
2023-05-18 20:06:08,163 [INFO] MicroXplorer:468 - Change Database Path : 
2023-05-18 20:06:08,163 [INFO] MicroXplorer:498 - Change Database Version : DB.6.0.80
2023-05-18 20:06:08,163 [INFO] OpenFileManager:308 - Change cursor
2023-05-18 20:06:08,195 [INFO] Mcu:1937 - Initializing MCU STM32F446R(C-E)Tx STM32F446RETx STM32F446RET6
2023-05-18 20:06:09,182 [INFO] Context:659 - Trying to add GPIOservice into a context  which must be forbidden
2023-05-18 20:06:09,641 [INFO] RtosManager:555 - Registered RTOS mode: class=CMSIS, group=RTOS, mode=CMSIS_V1, owner=FREERTOS
2023-05-18 20:06:09,641 [INFO] RtosManager:555 - Registered RTOS mode: class=CMSIS, group=RTOS2, mode=CMSIS_V2, owner=FREERTOS
2023-05-18 20:06:09,641 [INFO] RtosManager:555 - Registered RTOS mode: class=RTOS, group=Core, mode=CMSIS_V1, owner=FREERTOS
2023-05-18 20:06:09,641 [INFO] RtosManager:555 - Registered RTOS mode: class=RTOS, group=Core, mode=CMSIS_V2, owner=FREERTOS
2023-05-18 20:06:09,641 [WARN] ModelIntegratedComponent:184 - Missing modes for component STMicroelectronics:FreeRTOS:0.0.1:STMicroelectronics:RTOS:FreeRTOS:Core:::10.2.0:
2023-05-18 20:06:09,650 [WARN] ModelIntegratedComponent:63 - No mode defined for component null
2023-05-18 20:06:09,651 [WARN] ModelIntegratedComponent:63 - No mode defined for component null
2023-05-18 20:06:09,651 [WARN] ModelIntegratedComponent:63 - No mode defined for component null
2023-05-18 20:06:09,651 [WARN] ModelIntegratedComponent:63 - No mode defined for component null
2023-05-18 20:06:09,651 [WARN] ModelIntegratedComponent:63 - No mode defined for component null
2023-05-18 20:06:09,651 [WARN] ModelIntegratedComponent:63 - No mode defined for component null
2023-05-18 20:06:09,651 [WARN] ModelIntegratedComponent:63 - No mode defined for component null
2023-05-18 20:06:09,651 [WARN] ModelIntegratedComponent:63 - No mode defined for component null
2023-05-18 20:06:09,651 [WARN] ModelIntegratedComponent:63 - No mode defined for component null
2023-05-18 20:06:09,651 [WARN] ModelIntegratedComponent:63 - No mode defined for component null
2023-05-18 20:06:09,651 [WARN] ModelIntegratedComponent:63 - No mode defined for component null
2023-05-18 20:06:09,651 [WARN] ModelIntegratedComponent:63 - No mode defined for component null
2023-05-18 20:06:09,651 [WARN] ModelIntegratedComponent:63 - No mode defined for component null
2023-05-18 20:06:09,651 [WARN] ModelIntegratedComponent:63 - No mode defined for component null
2023-05-18 20:06:09,652 [WARN] ModelIntegratedComponent:63 - No mode defined for component null
2023-05-18 20:06:09,652 [WARN] ModelIntegratedComponent:63 - No mode defined for component null
2023-05-18 20:06:09,652 [WARN] ModelIntegratedComponent:63 - No mode defined for component null
2023-05-18 20:06:09,652 [WARN] ModelIntegratedComponent:63 - No mode defined for component null
2023-05-18 20:06:09,652 [WARN] ModelIntegratedComponent:63 - No mode defined for component null
2023-05-18 20:06:09,652 [WARN] ModelIntegratedComponent:63 - No mode defined for component null
2023-05-18 20:06:09,652 [WARN] ModelIntegratedComponent:63 - No mode defined for component null
2023-05-18 20:06:09,652 [WARN] ModelIntegratedComponent:63 - No mode defined for component null
2023-05-18 20:06:09,652 [WARN] ModelIntegratedComponent:63 - No mode defined for component null
2023-05-18 20:06:09,652 [WARN] ModelIntegratedComponent:63 - No mode defined for component null
2023-05-18 20:06:09,652 [WARN] ModelIntegratedComponent:63 - No mode defined for component null
2023-05-18 20:06:09,652 [WARN] ModelIntegratedComponent:63 - No mode defined for component null
2023-05-18 20:06:09,652 [WARN] ModelIntegratedComponent:63 - No mode defined for component null
2023-05-18 20:06:09,652 [WARN] ModelIntegratedComponent:63 - No mode defined for component null
2023-05-18 20:06:09,652 [WARN] ModelIntegratedComponent:63 - No mode defined for component null
2023-05-18 20:06:09,652 [WARN] ModelIntegratedComponent:63 - No mode defined for component null
2023-05-18 20:06:09,652 [WARN] ModelIntegratedComponent:63 - No mode defined for component null
2023-05-18 20:06:09,652 [WARN] ModelIntegratedComponent:63 - No mode defined for component null
2023-05-18 20:06:09,652 [WARN] ModelIntegratedComponent:63 - No mode defined for component null
2023-05-18 20:06:09,667 [INFO] ThirdPartyModel:298 - Start build external matchings
2023-05-18 20:06:09,888 [INFO] ThirdPartyModel:316 - End build external matchings
2023-05-18 20:06:10,021 [INFO] UtilMem:75 - End LoadConfig() Used Memory: 510871528 Bytes (772800512)
2023-05-18 20:06:10,082 [INFO] ApiDb:581 - Connected to CubeFinder SQLite database (/home/brati/.stmcufinder/plugins/mcufinder/mcu/cube-finder-db.db)
2023-05-18 20:06:10,126 [INFO] ApiDb:668 - CubeFinder database Data Model version=2.1
2023-05-18 20:06:10,127 [INFO] ApiDb:669 - CubeFinder database Configuration version=3.0.35
2023-05-18 20:06:10,127 [INFO] ApiDb:670 - CubeFinder database generation date=2023-05-12 (1683877179)
2023-05-18 20:06:10,127 [INFO] ApiDb:671 - CubeFinder database FW Pack versions=[FP-ATR-ASTRA1_V2.0.0, FP-SNS-FLIGHT1_V5.0.0, FP-SNS-MOTENV1_V4.3.0, STM32Cube_FW_C0_V1.0.1, STM32Cube_FW_F0_V1.11.4, STM32Cube_FW_F3_V1.11.4, STM32Cube_FW_F4_V1.27.1, STM32Cube_FW_F7_V1.17.0, STM32Cube_FW_G0_V1.6.1, STM32Cube_FW_G4_V1.5.1, STM32Cube_FW_H5_V0.5.1, STM32Cube_FW_H5_V1.0.0, STM32Cube_FW_H7_V1.11.0, STM32Cube_FW_L0_V1.12.2, STM32Cube_FW_L5_V1.5.0, STM32Cube_FW_U5_V1.2.0, STM32Cube_FW_WBA_V1.0.0, STM32Cube_FW_WBA_V1.0.0RC1, STM32Cube_FW_WBA_V1.0.0RC3, STM32Cube_FW_WB_V1.15.0RC1, STM32Cube_FW_WB_V1.16.0, STM32Cube_FW_WB_V1.16.0RC2, STM32Cube_FW_WL_V1.3.0, X-CUBE-ALGOBUILD_V1.3.0, X-CUBE-ALS_V1.0.1, X-CUBE-AZRTOS-F4_V1.1.0, X-CUBE-AZRTOS-F7_V1.1.0, X-CUBE-AZRTOS-G0_V1.1.0, X-CUBE-AZRTOS-G4_V2.0.0, X-CUBE-AZRTOS-H7_V3.1.0, X-CUBE-AZRTOS-L4_V1.0.0, X-CUBE-AZRTOS-L5_V1.1.0, X-CUBE-AZRTOS-WB_V1.1.0, X-CUBE-AZRTOS-WL_V1.0.0, X-CUBE-BLE1_V6.2.4, X-CUBE-BLE2_V3.3.0, X-CUBE-BLEMGR_V2.0.0, X-CUBE-EEPRMA1_V4.1.0, X-CUBE-FREERTOS_V1.0.1, X-CUBE-GNSS1_V6.0.0, X-CUBE-MEMS1_V9.1.0, X-CUBE-MEMS1_V9.4.0, X-CUBE-MEMS1_V9.6.0, X-CUBE-NFC4_V3.0.0, X-CUBE-NFC7_V1.0.0, X-CUBE-SFXS2LP1_V4.0.0, X-CUBE-SUBG2_V5.0.0]
2023-05-18 20:06:11,644 [INFO] ApiDb:240 - Found 297 in-development CPN: [B-G473E-ZEST1S, B-WB1M-WPAN1, B-WL5M-SUBG1, NUCLEO-C031C6, NUCLEO-H503RB, NUCLEO-H563ZI, NUCLEO-U545RE-Q, NUCLEO-U5A5ZJ-Q, NUCLEO-WBA52CG, STEVAL-PROTEUS1, STEVAL-STWINBX1, STM320518-EVAL, STM32C0116-DK, STM32C011D6Y3TR, STM32C011D6Y6TR, STM32C011F4P3, STM32C011F4P6, STM32C011F4U3, STM32C011F4U6TR, STM32C011F6P3, STM32C011F6P6, STM32C011F6U3, STM32C011F6U6TR, STM32C011J4M3, STM32C011J4M6, STM32C011J6M3, STM32C011J6M6, STM32C0316-DK, STM32C031C4T3, STM32C031C4T6, STM32C031C4U3, STM32C031C4U6, STM32C031C6T3, STM32C031C6T6, STM32C031C6U3, STM32C031C6U6, STM32C031F4P3, STM32C031F4P6, STM32C031F6P3, STM32C031F6P6, STM32C031G4U3, STM32C031G4U6, STM32C031G6U3, STM32C031G6U6, STM32C031K4T3, STM32C031K4T6, STM32C031K4U3, STM32C031K4U6, STM32C031K6T3, STM32C031K6T6, STM32C031K6U3, STM32C031K6U6, STM32G071K8TXN, STM32G071K8UXN, STM32G081GBU6N, STM32G081KBT6N, STM32G081KBUXN, STM32G0B1CCT6N, STM32G0B1KCT6, STM32G0B1NEY6TR, STM32G0B1RCT6N, STM32G0C1CCT6, STM32G0C1CCT6N, STM32G0C1CCU6N, STM32G0C1CET6N, STM32G0C1CEU6N, STM32G0C1KCT6, STM32G0C1NEY6TR, STM32G0C1RCI6N, STM32G0C1RCT6N, STM32G0C1REI6N, STM32G0C1RET6N, STM32G0C1VCI6, STM32G0C1VEI6, STM32G471CCT6, STM32G471CCU6, STM32G471CET3, STM32G471CET6, STM32G471CEU3, STM32G471CEU6, STM32G471MCT6, STM32G471MET3, STM32G471MET6, STM32G471MEY6TR, STM32G471QCT6, STM32G471QET3, STM32G471RCT6, STM32G471RET3, STM32G471RET6, STM32G471VCH6, STM32G471VCI6, STM32G471VCT6, STM32G471VEH3, STM32G471VEH6, STM32G471VEI3, STM32G471VEI6, STM32G471VET3, STM32G471VET6, STM32G474CCT6, STM32H503CBT6, STM32H503CBU6, STM32H503EBY6TR, STM32H503KBU6, STM32H503RBT6, STM32H562AGI6, STM32H562AII6, STM32H562IGK6, STM32H562IGT6, STM32H562IIK6, STM32H562IIT6, STM32H562RGT6, STM32H562RGV6, STM32H562RIT6, STM32H562RIV6, STM32H562VGT6, STM32H562VIT6, STM32H562ZGT6, STM32H562ZIT6, STM32H563AGI6, STM32H563AII3Q, STM32H563AII6, STM32H563IGK6, STM32H563IGT6, STM32H563IIK3Q, STM32H563IIK6, STM32H563IIT3Q, STM32H563IIT6, STM32H563MIY3QTR, STM32H563RGT6, STM32H563RGV6, STM32H563RIT6, STM32H563RIV6, STM32H563VGT6, STM32H563VIT3Q, STM32H563VIT6, STM32H563ZGT6, STM32H563ZIT3Q, STM32H563ZIT6, STM32H573AII3Q, STM32H573AII6, STM32H573I-DK, STM32H573IIK3Q, STM32H573IIK6, STM32H573IIT3Q, STM32H573IIT6, STM32H573MIY3QTR, STM32H573RIT6, STM32H573RIV6, STM32H573VIT3Q, STM32H573VIT6, STM32H573ZIT3Q, STM32H573ZIT6, STM32L4R5QGI6STR, STM32MP131AAE3, STM32MP131AAF3, STM32MP131AAG3, STM32MP131CAE3, STM32MP131CAF3, STM32MP131CAG3, STM32MP131DAE7, STM32MP131DAF7, STM32MP131DAG7, STM32MP131FAE7, STM32MP131FAF7, STM32MP131FAG7, STM32MP133AAE3, STM32MP133AAF3, STM32MP133AAG3, STM32MP133CAE3, STM32MP133CAF3, STM32MP133CAG3, STM32MP133DAE7, STM32MP133DAF7, STM32MP133DAG7, STM32MP133FAE7, STM32MP133FAF7, STM32MP133FAG7, STM32MP135AAE3, STM32MP135AAF3, STM32MP135AAG3, STM32MP135CAE3, STM32MP135CAF3, STM32MP135CAG3, STM32MP135DAE7, STM32MP135DAF7, STM32MP135DAG7, STM32MP135F-DK, STM32MP135FAE7, STM32MP135FAF7, STM32MP135FAF7T, STM32MP135FAF7U, STM32MP135FAG7, STM32U535CBT6, STM32U535CBT6Q, STM32U535CBU6, STM32U535CBU6Q, STM32U535CCT6, STM32U535CCT6Q, STM32U535CCU6, STM32U535CCU6Q, STM32U535CET6, STM32U535CET6Q, STM32U535CEU6, STM32U535CEU6Q, STM32U535JEY6QTR, STM32U535NCY6QTR, STM32U535NEY6QTR, STM32U535RBI6, STM32U535RBI6Q, STM32U535RBT6, STM32U535RBT6Q, STM32U535RCI6, STM32U535RCI6Q, STM32U535RCT6, STM32U535RCT6Q, STM32U535REI6, STM32U535REI6Q, STM32U535RET6, STM32U535RET6Q, STM32U535VCI6, STM32U535VCI6Q, STM32U535VCT6, STM32U535VCT6Q, STM32U535VEI6, STM32U535VEI6Q, STM32U535VET6, STM32U535VET6Q, STM32U545CET6, STM32U545CET6Q, STM32U545CEU6, STM32U545CEU6Q, STM32U545JEY6QTR, STM32U545NEY6QTR, STM32U545REI6, STM32U545REI6Q, STM32U545RET6, STM32U545RET6Q, STM32U545VEI6, STM32U545VEI6Q, STM32U545VET6, STM32U545VET6Q, STM32U595AIH6, STM32U595AIH6Q, STM32U595AJH6, STM32U595AJH6Q, STM32U595QII6, STM32U595QII6Q, STM32U595QJI6, STM32U595QJI6Q, STM32U595RIT6, STM32U595RIT6Q, STM32U595RJT6, STM32U595RJT6Q, STM32U595VIT6, STM32U595VIT6Q, STM32U595VJT6, STM32U595VJT6Q, STM32U595ZIT6, STM32U595ZIT6Q, STM32U595ZIY6QTR, STM32U595ZJT6, STM32U595ZJT6Q, STM32U595ZJY6QTR, STM32U599BJY6QTR, STM32U599NIH6Q, STM32U599NJH6Q, STM32U599VIT6Q, STM32U599VJT6, STM32U599VJT6Q, STM32U599ZIT6Q, STM32U599ZIY6QTR, STM32U599ZJT6Q, STM32U599ZJY6QTR, STM32U5A5AJH6, STM32U5A5AJH6Q, STM32U5A5QJI6, STM32U5A5QJI6Q, STM32U5A5RJT6, STM32U5A5RJT6Q, STM32U5A5VJT6, STM32U5A5VJT6Q, STM32U5A5ZJT6, STM32U5A5ZJT6Q, STM32U5A5ZJY6QTR, STM32U5A9BJY6QTR, STM32U5A9J-DK, STM32U5A9NJH6Q, STM32U5A9VJT6Q, STM32U5A9ZJT6Q, STM32U5A9ZJY6QTR, STM32WB1MMCH6, STM32WBA52CEU6, STM32WBA52CEU6T, STM32WBA52CGU6, STM32WBA52CGU6T, STM32WL5MOCH6, STM32WL5MOCH6TR]
2023-05-18 20:06:11,647 [INFO] DbMcus:216 - Found 3775 MCUs, 3775 are supported
2023-05-18 20:06:11,648 [INFO] ApiDb:423 - Load user favorites file /home/brati/.stm32cubeide/favorites.mcus.txt: 0 item(s)
2023-05-18 20:06:11,648 [INFO] ApiDb:427 - User favorites MCUs=[]
2023-05-18 20:06:11,648 [INFO] DbMcus:222 - Set 0 / 0 favorites MCUs
2023-05-18 20:06:11,908 [WARN] ThirdParty:833 - waiting for thirdparty lock release [change project]
2023-05-18 20:06:11,908 [INFO] ThirdParty:835 - entering critical section [change project]
2023-05-18 20:06:11,909 [INFO] ThirdParty:1030 - CMSIS Pack Vendor :STMicroelectronics X-CUBE-ISPU 1.1.0
2023-05-18 20:06:11,909 [INFO] ThirdParty:1030 - CMSIS Pack Vendor :STMicroelectronics X-CUBE-GNSS1 6.0.0
2023-05-18 20:06:11,909 [INFO] ThirdParty:1030 - CMSIS Pack Vendor :STMicroelectronics USB_HOST 2.0.0
2023-05-18 20:06:11,909 [INFO] ThirdParty:1030 - CMSIS Pack Vendor :STMicroelectronics X-CUBE-AZRTOS-F4 1.1.0
2023-05-18 20:06:11,909 [INFO] ThirdParty:1030 - CMSIS Pack Vendor :STMicroelectronics LIBJPEG 8.0.0
2023-05-18 20:06:11,909 [INFO] ThirdParty:1030 - CMSIS Pack Vendor :STMicroelectronics X-CUBE-SMBUS 2.1.0
2023-05-18 20:06:11,909 [INFO] ThirdParty:1030 - CMSIS Pack Vendor :wolfSSL I-CUBE-wolfSSL 5.6.0
2023-05-18 20:06:11,909 [INFO] ThirdParty:1030 - CMSIS Pack Vendor :STMicroelectronics USB_DEVICE 3.0.0
2023-05-18 20:06:11,909 [INFO] ThirdParty:1030 - CMSIS Pack Vendor :STMicroelectronics X-CUBE-AI 8.0.0
2023-05-18 20:06:11,909 [INFO] ThirdParty:1030 - CMSIS Pack Vendor :STMicroelectronics X-CUBE-FREERTOS 1.0.1
2023-05-18 20:06:11,909 [INFO] ThirdParty:1030 - CMSIS Pack Vendor :STMicroelectronics X-CUBE-TOUCHGFX 4.21.3
2023-05-18 20:06:11,909 [INFO] ThirdParty:1030 - CMSIS Pack Vendor :STMicroelectronics X-CUBE-AZRTOS-F7 1.1.0
2023-05-18 20:06:11,909 [INFO] ThirdParty:1030 - CMSIS Pack Vendor :STMicroelectronics X-CUBE-TOUCHGFX 4.21.4
2023-05-18 20:06:11,909 [INFO] ThirdParty:1030 - CMSIS Pack Vendor :STMicroelectronics USB_DEVICE 2.0.0
2023-05-18 20:06:11,909 [INFO] ThirdParty:1030 - CMSIS Pack Vendor :STMicroelectronics X-CUBE-MEMS1 9.6.0
2023-05-18 20:06:11,909 [INFO] ThirdParty:1030 - CMSIS Pack Vendor :STMicroelectronics FP-SNS-MOTENV1 4.3.0
2023-05-18 20:06:11,909 [INFO] ThirdParty:1030 - CMSIS Pack Vendor :STMicroelectronics FP-SNS-FLIGHT1 5.0.0
2023-05-18 20:06:11,909 [INFO] ThirdParty:1030 - CMSIS Pack Vendor :STMicroelectronics X-CUBE-ALGOBUILD 1.3.0
2023-05-18 20:06:11,909 [INFO] ThirdParty:1030 - CMSIS Pack Vendor :STMicroelectronics X-CUBE-BLE1 6.2.4
2023-05-18 20:06:11,909 [INFO] ThirdParty:1030 - CMSIS Pack Vendor :STMicroelectronics X-CUBE-AZRTOS-L5 1.1.0
2023-05-18 20:06:11,909 [INFO] ThirdParty:1030 - CMSIS Pack Vendor :STMicroelectronics FreeRTOS 0.0.1
2023-05-18 20:06:11,909 [INFO] ThirdParty:1030 - CMSIS Pack Vendor :emotas I-CUBE-CANOPEN 1.1.3
2023-05-18 20:06:11,909 [INFO] ThirdParty:1030 - CMSIS Pack Vendor :STMicroelectronics X-CUBE-AZRTOS-G0 1.1.0
2023-05-18 20:06:11,909 [INFO] ThirdParty:1030 - CMSIS Pack Vendor :STMicroelectronics X-CUBE-BLEMGR 2.0.0
2023-05-18 20:06:11,909 [INFO] ThirdParty:1030 - CMSIS Pack Vendor :STMicroelectronics X-CUBE-AI 8.0.1
2023-05-18 20:06:11,910 [INFO] ThirdParty:1030 - CMSIS Pack Vendor :STMicroelectronics X-CUBE-SUBG2 5.0.0
2023-05-18 20:06:11,910 [INFO] ThirdParty:1030 - CMSIS Pack Vendor :STMicroelectronics X-CUBE-NFC4 3.0.0
2023-05-18 20:06:11,910 [INFO] ThirdParty:1030 - CMSIS Pack Vendor :STMicroelectronics STM32_WPAN 1.0.0
2023-05-18 20:06:11,910 [INFO] ThirdParty:1030 - CMSIS Pack Vendor :STMicroelectronics lwIP 2.0.3
2023-05-18 20:06:11,910 [INFO] ThirdParty:1030 - CMSIS Pack Vendor :STMicroelectronics USB_HOST 1.0.0
2023-05-18 20:06:11,910 [INFO] ThirdParty:1030 - CMSIS Pack Vendor :STMicroelectronics X-CUBE-AZRTOS-G4 2.0.0
2023-05-18 20:06:11,910 [INFO] ThirdParty:1030 - CMSIS Pack Vendor :STMicroelectronics PDM2PCM 3.1.0
2023-05-18 20:06:11,910 [INFO] ThirdParty:1030 - CMSIS Pack Vendor :STMicroelectronics X-CUBE-AZRTOS-H7 3.1.0
2023-05-18 20:06:11,910 [INFO] ThirdParty:1030 - CMSIS Pack Vendor :STMicroelectronics X-CUBE-TOF1 3.3.0
2023-05-18 20:06:11,910 [INFO] ThirdParty:1030 - CMSIS Pack Vendor :STMicroelectronics PDM2PCM 3.3.0
2023-05-18 20:06:11,910 [INFO] ThirdParty:1030 - CMSIS Pack Vendor :STMicroelectronics X-CUBE-DISPLAY 3.0.0
2023-05-18 20:06:11,910 [INFO] ThirdParty:1030 - CMSIS Pack Vendor :STMicroelectronics FP-ATR-SIGFOX1 3.2.0
2023-05-18 20:06:11,910 [INFO] ThirdParty:1030 - CMSIS Pack Vendor :STMicroelectronics X-CUBE-AZRTOS-L4 1.0.0
2023-05-18 20:06:11,910 [INFO] ThirdParty:1030 - CMSIS Pack Vendor :STMicroelectronics HAL Drivers 0.0.0
2023-05-18 20:06:11,910 [INFO] ThirdParty:1030 - CMSIS Pack Vendor :STMicroelectronics MBEDTLS 2.16.2
2023-05-18 20:06:11,910 [INFO] ThirdParty:1030 - CMSIS Pack Vendor :STMicroelectronics MBEDTLS 2.14.1
2023-05-18 20:06:11,910 [INFO] ThirdParty:1030 - CMSIS Pack Vendor :STMicroelectronics X-CUBE-NFC7 1.0.0
2023-05-18 20:06:11,910 [INFO] ThirdParty:1030 - CMSIS Pack Vendor :STMicroelectronics X-CUBE-AZRTOS-WL 1.0.0
2023-05-18 20:06:11,910 [INFO] ThirdParty:1030 - CMSIS Pack Vendor :STMicroelectronics X-CUBE-EEPRMA1 4.1.0
2023-05-18 20:06:11,910 [INFO] ThirdParty:1030 - CMSIS Pack Vendor :portGmbH I-Cube-SoM-uGOAL 1.1.0
2023-05-18 20:06:11,910 [INFO] ThirdParty:1030 - CMSIS Pack Vendor :STMicroelectronics X-CUBE-ALS 1.0.1
2023-05-18 20:06:11,910 [INFO] ThirdParty:1030 - CMSIS Pack Vendor :STMicroelectronics ThreadX 1.0.0
2023-05-18 20:06:11,910 [INFO] ThirdParty:1030 - CMSIS Pack Vendor :STMicroelectronics X-CUBE-AZRTOS-WB 1.1.0
2023-05-18 20:06:11,910 [INFO] ThirdParty:1030 - CMSIS Pack Vendor :SEGGER I-CUBE-embOS 1.3.1
2023-05-18 20:06:11,910 [INFO] ThirdParty:1030 - CMSIS Pack Vendor :STMicroelectronics USB_DEVICE 1.0.0
2023-05-18 20:06:11,910 [INFO] ThirdParty:1030 - CMSIS Pack Vendor :STMicroelectronics ThreadX 0.0.2
2023-05-18 20:06:11,910 [INFO] ThirdParty:1030 - CMSIS Pack Vendor :WES I-CUBE-Cesium 1.3.0
2023-05-18 20:06:11,910 [INFO] ThirdParty:1030 - CMSIS Pack Vendor :STMicroelectronics FP-ATR-ASTRA1 2.0.0
2023-05-18 20:06:11,911 [INFO] ThirdParty:1030 - CMSIS Pack Vendor :STMicroelectronics lwIP 2.1.2
2023-05-18 20:06:11,911 [INFO] ThirdParty:1030 - CMSIS Pack Vendor :STMicroelectronics X-CUBE-SFXS2LP1 4.0.0
2023-05-18 20:06:11,911 [INFO] ThirdParty:1030 - CMSIS Pack Vendor :STMicroelectronics X-CUBE-BLE2 3.3.0
2023-05-18 20:06:11,911 [INFO] ThirdParty:1030 - CMSIS Pack Vendor :STMicroelectronics PDM2PCM 3.2.0
2023-05-18 20:06:11,911 [INFO] ThirdParty:841 - exiting critical section [change project]
2023-05-18 20:06:12,190 [INFO] PinOutPanel:1499 - setPackage(No Configuration,No Configuration)
2023-05-18 20:06:12,191 [INFO] PinOutPanel:1499 - setPackage(STM32F446RETx,LQFP64)
2023-05-18 20:06:12,615 [INFO] UtilMem:75 - Before build in PCC Used Memory: 329837160 Bytes (772800512)
2023-05-18 20:06:13,099 [INFO] UtilMem:75 - After build in PCC Used Memory: 502852200 Bytes (772800512)
2023-05-18 20:06:13,122 [INFO] IPUIPlugin:80 - create IPUIPlugin
2023-05-18 20:06:13,122 [INFO] IPUIPlugin:80 - create IPUIPlugin
2023-05-18 20:06:13,122 [INFO] IPUIPlugin:80 - create IPUIPlugin
2023-05-18 20:06:13,123 [INFO] IPUIPlugin:80 - create IPUIPlugin
2023-05-18 20:06:13,123 [INFO] IPUIPlugin:80 - create IPUIPlugin
2023-05-18 20:06:13,123 [INFO] IPUIPlugin:80 - create IPUIPlugin
2023-05-18 20:06:13,123 [INFO] IPUIPlugin:80 - create IPUIPlugin
2023-05-18 20:06:13,123 [INFO] IPUIPlugin:80 - create IPUIPlugin
2023-05-18 20:06:13,123 [INFO] IPUIPlugin:80 - create IPUIPlugin
2023-05-18 20:06:13,123 [INFO] IPUIPlugin:80 - create IPUIPlugin
2023-05-18 20:06:13,123 [INFO] IPUIPlugin:80 - create IPUIPlugin
2023-05-18 20:06:13,123 [INFO] IPUIPlugin:80 - create IPUIPlugin
2023-05-18 20:06:13,123 [INFO] IPUIPlugin:80 - create IPUIPlugin
2023-05-18 20:06:13,124 [INFO] IPUIPlugin:80 - create IPUIPlugin
2023-05-18 20:06:13,124 [INFO] IPUIPlugin:80 - create IPUIPlugin
2023-05-18 20:06:13,124 [INFO] IPUIPlugin:80 - create IPUIPlugin
2023-05-18 20:06:13,124 [INFO] IPUIPlugin:80 - create IPUIPlugin
2023-05-18 20:06:13,124 [INFO] IPUIPlugin:80 - create IPUIPlugin
2023-05-18 20:06:13,124 [INFO] IPUIPlugin:80 - create IPUIPlugin
2023-05-18 20:06:13,124 [INFO] IPUIPlugin:80 - create IPUIPlugin
2023-05-18 20:06:13,125 [INFO] IPUIPlugin:80 - create IPUIPlugin
2023-05-18 20:06:13,125 [INFO] IPUIPlugin:80 - create IPUIPlugin
2023-05-18 20:06:13,125 [INFO] IPUIPlugin:80 - create IPUIPlugin
2023-05-18 20:06:13,125 [INFO] IPUIPlugin:80 - create IPUIPlugin
2023-05-18 20:06:13,125 [INFO] IPUIPlugin:80 - create IPUIPlugin
2023-05-18 20:06:13,125 [INFO] IPUIPlugin:80 - create IPUIPlugin
2023-05-18 20:06:13,125 [INFO] IPUIPlugin:80 - create IPUIPlugin
2023-05-18 20:06:13,125 [INFO] IPUIPlugin:80 - create IPUIPlugin
2023-05-18 20:06:13,126 [INFO] IPUIPlugin:80 - create IPUIPlugin
2023-05-18 20:06:13,126 [INFO] IPUIPlugin:80 - create IPUIPlugin
2023-05-18 20:06:13,126 [INFO] IPUIPlugin:80 - create IPUIPlugin
2023-05-18 20:06:13,126 [INFO] IPUIPlugin:80 - create IPUIPlugin
2023-05-18 20:06:13,126 [INFO] IPUIPlugin:80 - create IPUIPlugin
2023-05-18 20:06:13,126 [INFO] IPUIPlugin:80 - create IPUIPlugin
2023-05-18 20:06:13,126 [INFO] IPUIPlugin:80 - create IPUIPlugin
2023-05-18 20:06:13,127 [INFO] IPUIPlugin:80 - create IPUIPlugin
2023-05-18 20:06:13,127 [INFO] IPUIPlugin:80 - create IPUIPlugin
2023-05-18 20:06:13,127 [INFO] IPUIPlugin:80 - create IPUIPlugin
2023-05-18 20:06:13,127 [INFO] IPUIPlugin:80 - create IPUIPlugin
2023-05-18 20:06:13,127 [INFO] IPUIPlugin:80 - create IPUIPlugin
2023-05-18 20:06:13,127 [INFO] IPUIPlugin:80 - create IPUIPlugin
2023-05-18 20:06:13,128 [INFO] IPUIPlugin:80 - create IPUIPlugin
2023-05-18 20:06:13,128 [INFO] IPUIPlugin:80 - create IPUIPlugin
2023-05-18 20:06:13,128 [INFO] IPUIPlugin:80 - create IPUIPlugin
2023-05-18 20:06:13,128 [INFO] IPUIPlugin:80 - create IPUIPlugin
2023-05-18 20:06:13,128 [INFO] IPUIPlugin:80 - create IPUIPlugin
2023-05-18 20:06:13,128 [INFO] IPUIPlugin:80 - create IPUIPlugin
2023-05-18 20:06:13,129 [INFO] IPUIPlugin:80 - create IPUIPlugin
2023-05-18 20:06:13,129 [INFO] IPUIPlugin:80 - create IPUIPlugin
2023-05-18 20:06:13,129 [INFO] IPUIPlugin:80 - create IPUIPlugin
2023-05-18 20:06:13,129 [INFO] IPUIPlugin:80 - create IPUIPlugin
2023-05-18 20:06:13,129 [INFO] IPUIPlugin:80 - create IPUIPlugin
2023-05-18 20:06:13,129 [INFO] IPUIPlugin:80 - create IPUIPlugin
2023-05-18 20:06:13,129 [INFO] IPUIPlugin:80 - create IPUIPlugin
2023-05-18 20:06:13,130 [INFO] IPUIPlugin:80 - create IPUIPlugin
2023-05-18 20:06:13,130 [INFO] IPUIPlugin:80 - create IPUIPlugin
2023-05-18 20:06:13,130 [INFO] IPUIPlugin:80 - create IPUIPlugin
2023-05-18 20:06:13,131 [INFO] IPUIPlugin:80 - create IPUIPlugin
2023-05-18 20:06:13,131 [INFO] IPUIPlugin:80 - create IPUIPlugin
2023-05-18 20:06:13,132 [INFO] IPUIPlugin:80 - create IPUIPlugin
2023-05-18 20:06:13,166 [INFO] ApiDbMcu:507 - Load IP Config File for PDM2PCM
2023-05-18 20:06:13,281 [INFO] CADModel:165 - CPN selected for project levelSTM32F446RET6
2023-05-18 20:06:13,281 [INFO] CADModel:114 - Register for checkConnection events
2023-05-18 20:06:13,320 [INFO] OpenFileManager:328 - Restore cursor
2023-05-18 20:06:33,278 [INFO] NvicIntPanel:101 - NVIC parent = com.st.microxplorer.plugins.ip.nvic.MultiNvicIntPanel[,0,0,507x179,layout=javax.swing.BoxLayout,alignmentX=0.0,alignmentY=0.0,border=,flags=9,maximumSize=,minimumSize=,preferredSize=]
2023-05-18 20:06:34,936 [INFO] NvicIntPanel:101 - NVIC parent = com.st.microxplorer.plugins.ip.nvic.MultiNvicIntPanel[,0,0,0x0,invalid,layout=javax.swing.BoxLayout,alignmentX=0.0,alignmentY=0.0,border=,flags=9,maximumSize=,minimumSize=,preferredSize=]
2023-05-18 20:06:48,112 [INFO] NvicIntPanel:101 - NVIC parent = com.st.microxplorer.plugins.ip.nvic.MultiNvicIntPanel[,0,0,0x0,invalid,layout=javax.swing.BoxLayout,alignmentX=0.0,alignmentY=0.0,border=,flags=9,maximumSize=,minimumSize=,preferredSize=]
2023-05-18 20:06:58,822 [INFO] UtilMem:75 - End SaveConfig() Used Memory: 513646744 Bytes (772800512)
2023-05-18 20:06:59,172 [INFO] UtilMem:75 - End SaveConfig() Used Memory: 537241752 Bytes (772800512)
2023-05-18 20:06:59,693 [INFO] UtilMem:75 - End SaveConfig() Used Memory: 422500344 Bytes (772800512)
2023-05-18 20:07:00,044 [INFO] BlockDiagram:2759 - set Specific Code input for plugin: TIM6_7
2023-05-18 20:07:00,044 [INFO] BlockDiagram:2759 - set Specific Code input for plugin: SYS
2023-05-18 20:07:00,044 [INFO] BlockDiagram:2759 - set Specific Code input for plugin: RCC
2023-05-18 20:07:00,044 [INFO] BlockDiagram:2759 - set Specific Code input for plugin: NVIC
2023-05-18 20:07:00,045 [INFO] BlockDiagram:2759 - set Specific Code input for plugin: GPIO
2023-05-18 20:07:00,046 [INFO] CodeGenerator:793 - code generatio: config db path: /opt/st/stm32cubeide_1.12.0/plugins/com.st.stm32cube.common.mx_6.8.0.202302231600//db/
2023-05-18 20:07:00,478 [INFO] CodeEngine:255 - oldGeneratedFile, /home/brati/STM32CubeIDE/workspace_1.12.0/FreeRTOS/MXTmpFiles/license.tmp_save
2023-05-18 20:07:00,788 [INFO] CodeEngine:279 - Generated code: /home/brati/STM32CubeIDE/workspace_1.12.0/FreeRTOS/MXTmpFiles/license.tmp
2023-05-18 20:07:00,816 [INFO] CodeEngine:255 - oldGeneratedFile, /home/brati/STM32CubeIDE/workspace_1.12.0/FreeRTOS/MXTmpFiles/gpio.tmp_save
2023-05-18 20:07:00,902 [INFO] CodeEngine:279 - Generated code: /home/brati/STM32CubeIDE/workspace_1.12.0/FreeRTOS/MXTmpFiles/gpio.tmp
2023-05-18 20:07:01,008 [INFO] CodeEngine:255 - oldGeneratedFile, /home/brati/STM32CubeIDE/workspace_1.12.0/FreeRTOS/Core/Src/stm32f4xx_it.c_save
2023-05-18 20:07:01,096 [INFO] CodeEngine:279 - Generated code: /home/brati/STM32CubeIDE/workspace_1.12.0/FreeRTOS/Core/Src/stm32f4xx_it.c
2023-05-18 20:07:01,097 [INFO] CodeEngine:255 - oldGeneratedFile, /home/brati/STM32CubeIDE/workspace_1.12.0/FreeRTOS/Core/Inc/stm32f4xx_it.h_save
2023-05-18 20:07:01,192 [INFO] CodeEngine:279 - Generated code: /home/brati/STM32CubeIDE/workspace_1.12.0/FreeRTOS/Core/Inc/stm32f4xx_it.h
2023-05-18 20:07:01,196 [INFO] CodeEngine:255 - oldGeneratedFile, /home/brati/STM32CubeIDE/workspace_1.12.0/FreeRTOS/Core/Src/stm32f4xx_hal_msp.c_save
2023-05-18 20:07:01,277 [INFO] CodeEngine:279 - Generated code: /home/brati/STM32CubeIDE/workspace_1.12.0/FreeRTOS/Core/Src/stm32f4xx_hal_msp.c
2023-05-18 20:07:01,278 [INFO] CodeEngine:255 - oldGeneratedFile, /home/brati/STM32CubeIDE/workspace_1.12.0/FreeRTOS/MXTmpFiles/system.tmp_save
2023-05-18 20:07:01,362 [INFO] CodeEngine:279 - Generated code: /home/brati/STM32CubeIDE/workspace_1.12.0/FreeRTOS/MXTmpFiles/system.tmp
2023-05-18 20:07:01,363 [INFO] CodeEngine:255 - oldGeneratedFile, /home/brati/STM32CubeIDE/workspace_1.12.0/FreeRTOS/Core/Src/stm32f4xx_hal_timebase_tim.c_save
2023-05-18 20:07:01,410 [INFO] CodeEngine:279 - Generated code: /home/brati/STM32CubeIDE/workspace_1.12.0/FreeRTOS/Core/Src/stm32f4xx_hal_timebase_tim.c
2023-05-18 20:07:01,412 [INFO] CodeEngine:311 - oldGeneratedFile, /home/brati/STM32CubeIDE/workspace_1.12.0/FreeRTOS/Core/Inc/stm32f4xx_hal_conf.h_save
2023-05-18 20:07:01,466 [INFO] CodeEngine:335 - Generated code: /home/brati/STM32CubeIDE/workspace_1.12.0/FreeRTOS/Core/Inc/stm32f4xx_hal_conf.h
2023-05-18 20:07:01,492 [WARN] IPConfigManager:2937 - Warning: the RefConfig PLL2P_FOR_MCO is not available in your config.xml file
2023-05-18 20:07:01,496 [WARN] IPConfigManager:3431 - IP not found : TIM
2023-05-18 20:07:01,497 [WARN] CodeGenerator:3754 - IP not found : null
2023-05-18 20:07:01,498 [INFO] CodeEngine:255 - oldGeneratedFile, /home/brati/STM32CubeIDE/workspace_1.12.0/FreeRTOS/Core/Inc/main.h_save
2023-05-18 20:07:01,596 [INFO] CodeEngine:279 - Generated code: /home/brati/STM32CubeIDE/workspace_1.12.0/FreeRTOS/Core/Inc/main.h
2023-05-18 20:07:01,598 [INFO] CodeEngine:255 - oldGeneratedFile, /home/brati/STM32CubeIDE/workspace_1.12.0/FreeRTOS/Core/Src/main.c_save
2023-05-18 20:07:01,754 [INFO] CodeEngine:279 - Generated code: /home/brati/STM32CubeIDE/workspace_1.12.0/FreeRTOS/Core/Src/main.c
2023-05-18 20:07:02,190 [INFO] ProjectBuilder:2996 - Time for Copy HAL[1] : 47mS.
2023-05-18 20:07:02,199 [INFO] ProjectBuilder:4304 - Project Generator version: 3.19.2
2023-05-18 20:07:02,493 [INFO] ConfigFileManager:1483 - The Die is : DIE421
2023-05-18 20:07:02,506 [INFO] ApiDbMcu:507 - Load IP Config File for FATFS
2023-05-18 20:07:02,526 [INFO] ApiDbMcu:507 - Load IP Config File for FREERTOS
2023-05-18 20:07:02,530 [INFO] ApiDbMcu:507 - Load IP Config File for LIBJPEG
2023-05-18 20:07:02,560 [INFO] ApiDbMcu:507 - Load IP Config File for MBEDTLS
2023-05-18 20:07:02,587 [INFO] ApiDbMcu:507 - Load IP Config File for USB_DEVICE
2023-05-18 20:07:02,595 [INFO] ApiDbMcu:507 - Load IP Config File for USB_HOST
2023-05-18 20:07:03,282 [INFO] LogOutputStream:77 - [STDOUT_REDIRECT] 
2023-05-18 20:07:04,066 [INFO] ProjectBuilder:4505 - Time for Generating toolchain IDE Files: 1867mS.
2023-05-18 20:07:04,067 [INFO] ProjectBuilder:2867 - Time for Copy CMSIS : 0mS.
2023-05-18 20:07:04,068 [INFO] ProjectBuilder:2867 - Time for Copy CMSIS : 0mS.
2023-05-18 20:36:03,741 [INFO] UtilMem:75 - End SaveConfig() Used Memory: 785210640 Bytes (1073741824)
2023-05-18 20:36:03,977 [INFO] BlockDiagram:2759 - set Specific Code input for plugin: TIM6_7
2023-05-18 20:36:03,977 [INFO] BlockDiagram:2759 - set Specific Code input for plugin: SYS
2023-05-18 20:36:03,977 [INFO] BlockDiagram:2759 - set Specific Code input for plugin: RCC
2023-05-18 20:36:03,977 [INFO] BlockDiagram:2759 - set Specific Code input for plugin: NVIC
2023-05-18 20:36:03,978 [INFO] BlockDiagram:2759 - set Specific Code input for plugin: GPIO
2023-05-18 20:36:03,978 [INFO] CodeGenerator:793 - code generatio: config db path: /opt/st/stm32cubeide_1.12.0/plugins/com.st.stm32cube.common.mx_6.8.0.202302231600//db/
2023-05-18 20:36:04,223 [INFO] CodeEngine:255 - oldGeneratedFile, /home/brati/STM32CubeIDE/workspace_1.12.0/FreeRTOS/MXTmpFiles/license.tmp_save
2023-05-18 20:36:04,292 [INFO] CodeEngine:279 - Generated code: /home/brati/STM32CubeIDE/workspace_1.12.0/FreeRTOS/MXTmpFiles/license.tmp
2023-05-18 20:36:04,303 [INFO] CodeEngine:255 - oldGeneratedFile, /home/brati/STM32CubeIDE/workspace_1.12.0/FreeRTOS/MXTmpFiles/gpio.tmp_save
2023-05-18 20:36:04,358 [INFO] CodeEngine:279 - Generated code: /home/brati/STM32CubeIDE/workspace_1.12.0/FreeRTOS/MXTmpFiles/gpio.tmp
2023-05-18 20:36:04,443 [INFO] CodeEngine:255 - oldGeneratedFile, /home/brati/STM32CubeIDE/workspace_1.12.0/FreeRTOS/Core/Src/stm32f4xx_it.c_save
2023-05-18 20:36:04,617 [INFO] CodeEngine:279 - Generated code: /home/brati/STM32CubeIDE/workspace_1.12.0/FreeRTOS/Core/Src/stm32f4xx_it.c
2023-05-18 20:36:04,618 [INFO] CodeEngine:255 - oldGeneratedFile, /home/brati/STM32CubeIDE/workspace_1.12.0/FreeRTOS/Core/Inc/stm32f4xx_it.h_save
2023-05-18 20:36:04,661 [INFO] CodeEngine:279 - Generated code: /home/brati/STM32CubeIDE/workspace_1.12.0/FreeRTOS/Core/Inc/stm32f4xx_it.h
2023-05-18 20:36:04,663 [INFO] CodeEngine:255 - oldGeneratedFile, /home/brati/STM32CubeIDE/workspace_1.12.0/FreeRTOS/Core/Src/stm32f4xx_hal_msp.c_save
2023-05-18 20:36:04,740 [INFO] CodeEngine:279 - Generated code: /home/brati/STM32CubeIDE/workspace_1.12.0/FreeRTOS/Core/Src/stm32f4xx_hal_msp.c
2023-05-18 20:36:04,741 [INFO] CodeEngine:255 - oldGeneratedFile, /home/brati/STM32CubeIDE/workspace_1.12.0/FreeRTOS/MXTmpFiles/system.tmp_save
2023-05-18 20:36:04,783 [INFO] CodeEngine:279 - Generated code: /home/brati/STM32CubeIDE/workspace_1.12.0/FreeRTOS/MXTmpFiles/system.tmp
2023-05-18 20:36:04,784 [INFO] CodeEngine:255 - oldGeneratedFile, /home/brati/STM32CubeIDE/workspace_1.12.0/FreeRTOS/Core/Src/stm32f4xx_hal_timebase_tim.c_save
2023-05-18 20:36:04,828 [INFO] CodeEngine:279 - Generated code: /home/brati/STM32CubeIDE/workspace_1.12.0/FreeRTOS/Core/Src/stm32f4xx_hal_timebase_tim.c
2023-05-18 20:36:04,830 [INFO] CodeEngine:311 - oldGeneratedFile, /home/brati/STM32CubeIDE/workspace_1.12.0/FreeRTOS/Core/Inc/stm32f4xx_hal_conf.h_save
2023-05-18 20:36:04,879 [INFO] CodeEngine:335 - Generated code: /home/brati/STM32CubeIDE/workspace_1.12.0/FreeRTOS/Core/Inc/stm32f4xx_hal_conf.h
2023-05-18 20:36:04,898 [WARN] IPConfigManager:2937 - Warning: the RefConfig PLL2P_FOR_MCO is not available in your config.xml file
2023-05-18 20:36:04,901 [WARN] IPConfigManager:3431 - IP not found : TIM
2023-05-18 20:36:04,901 [WARN] CodeGenerator:3754 - IP not found : null
2023-05-18 20:36:04,902 [INFO] CodeEngine:255 - oldGeneratedFile, /home/brati/STM32CubeIDE/workspace_1.12.0/FreeRTOS/Core/Inc/main.h_save
2023-05-18 20:36:04,959 [INFO] CodeEngine:279 - Generated code: /home/brati/STM32CubeIDE/workspace_1.12.0/FreeRTOS/Core/Inc/main.h
2023-05-18 20:36:04,960 [INFO] CodeEngine:255 - oldGeneratedFile, /home/brati/STM32CubeIDE/workspace_1.12.0/FreeRTOS/Core/Src/main.c_save
2023-05-18 20:36:05,028 [INFO] CodeEngine:279 - Generated code: /home/brati/STM32CubeIDE/workspace_1.12.0/FreeRTOS/Core/Src/main.c
2023-05-18 20:36:05,441 [INFO] ProjectBuilder:2996 - Time for Copy HAL[1] : 12mS.
2023-05-18 20:36:05,442 [INFO] ProjectBuilder:4304 - Project Generator version: 3.19.2
2023-05-18 20:36:05,644 [INFO] ConfigFileManager:1483 - The Die is : DIE421
2023-05-18 20:36:06,559 [INFO] ProjectBuilder:4505 - Time for Generating toolchain IDE Files: 1116mS.
2023-05-18 20:36:06,559 [INFO] ProjectBuilder:2867 - Time for Copy CMSIS : 0mS.
2023-05-18 20:36:06,559 [INFO] ProjectBuilder:2867 - Time for Copy CMSIS : 0mS.
2023-05-18 20:36:06,830 [INFO] NvicIntPanel:101 - NVIC parent = com.st.microxplorer.plugins.ip.nvic.MultiNvicIntPanel[,0,0,0x0,invalid,layout=javax.swing.BoxLayout,alignmentX=0.0,alignmentY=0.0,border=,flags=9,maximumSize=,minimumSize=,preferredSize=]
2023-05-18 20:40:01,035 [ERROR] ConfigurationRetriever:142 - IOException on connection: connect timed out
2023-05-18 21:04:47,490 [INFO] MainUpdater:2854 - connection check result : 10
2023-05-18 21:04:47,491 [INFO] MainUpdater:2854 - connection check result : 10
2023-05-18 21:04:47,511 [INFO] MicroXplorer:468 - Change Database Path : 
2023-05-18 21:04:47,511 [INFO] MicroXplorer:498 - Change Database Version : DB.6.0.80
2023-05-18 21:04:47,525 [WARN] ThirdParty:871 - waiting for thirdparty lock release [close project]
2023-05-18 21:04:47,525 [INFO] ThirdParty:873 - entering critical section [close project]
2023-05-18 21:04:47,525 [INFO] ThirdParty:883 - exiting critical section [close project]
2023-05-18 21:04:47,527 [INFO] PinOutPanel:1499 - setPackage(No Configuration,No Configuration)
2023-05-18 21:04:47,532 [WARN] IpParametersView:150 - Warning: This peripheral hasn't parameters
2023-05-18 21:04:47,538 [WARN] MainPanel:257 - <html><b><center>Warning: This peripheral has no parameters to be configured<br></b></html>
2023-05-18 21:04:47,547 [INFO] UtilMem:75 - Begin LoadConfig() Used Memory: 375708136 Bytes (1073741824)
2023-05-18 21:04:47,548 [INFO] MicroXplorer:468 - Change Database Path : 
2023-05-18 21:04:47,548 [INFO] MicroXplorer:498 - Change Database Version : DB.6.0.80
2023-05-18 21:04:47,548 [INFO] OpenFileManager:308 - Change cursor
2023-05-18 21:04:47,561 [INFO] RulesReader:64 - Compatibility file has been processed (293 Rules)
2023-05-18 21:04:47,564 [INFO] Mcu:1937 - Initializing MCU STM32F446R(C-E)Tx STM32F446RETx STM32F446RET6
2023-05-18 21:04:48,226 [INFO] Context:659 - Trying to add GPIOservice into a context  which must be forbidden
2023-05-18 21:04:48,558 [INFO] RtosManager:555 - Registered RTOS mode: class=CMSIS, group=RTOS, mode=CMSIS_V1, owner=FREERTOS
2023-05-18 21:04:48,558 [INFO] RtosManager:555 - Registered RTOS mode: class=CMSIS, group=RTOS2, mode=CMSIS_V2, owner=FREERTOS
2023-05-18 21:04:48,558 [INFO] RtosManager:555 - Registered RTOS mode: class=RTOS, group=Core, mode=CMSIS_V1, owner=FREERTOS
2023-05-18 21:04:48,558 [INFO] RtosManager:555 - Registered RTOS mode: class=RTOS, group=Core, mode=CMSIS_V2, owner=FREERTOS
2023-05-18 21:04:48,558 [WARN] ModelIntegratedComponent:184 - Missing modes for component STMicroelectronics:FreeRTOS:0.0.1:STMicroelectronics:RTOS:FreeRTOS:Core:::10.2.0:
2023-05-18 21:04:48,566 [WARN] ModelIntegratedComponent:63 - No mode defined for component null
2023-05-18 21:04:48,566 [WARN] ModelIntegratedComponent:63 - No mode defined for component null
2023-05-18 21:04:48,566 [WARN] ModelIntegratedComponent:63 - No mode defined for component null
2023-05-18 21:04:48,566 [WARN] ModelIntegratedComponent:63 - No mode defined for component null
2023-05-18 21:04:48,566 [WARN] ModelIntegratedComponent:63 - No mode defined for component null
2023-05-18 21:04:48,566 [WARN] ModelIntegratedComponent:63 - No mode defined for component null
2023-05-18 21:04:48,566 [WARN] ModelIntegratedComponent:63 - No mode defined for component null
2023-05-18 21:04:48,566 [WARN] ModelIntegratedComponent:63 - No mode defined for component null
2023-05-18 21:04:48,566 [WARN] ModelIntegratedComponent:63 - No mode defined for component null
2023-05-18 21:04:48,566 [WARN] ModelIntegratedComponent:63 - No mode defined for component null
2023-05-18 21:04:48,566 [WARN] ModelIntegratedComponent:63 - No mode defined for component null
2023-05-18 21:04:48,566 [WARN] ModelIntegratedComponent:63 - No mode defined for component null
2023-05-18 21:04:48,566 [WARN] ModelIntegratedComponent:63 - No mode defined for component null
2023-05-18 21:04:48,566 [WARN] ModelIntegratedComponent:63 - No mode defined for component null
2023-05-18 21:04:48,566 [WARN] ModelIntegratedComponent:63 - No mode defined for component null
2023-05-18 21:04:48,567 [WARN] ModelIntegratedComponent:63 - No mode defined for component null
2023-05-18 21:04:48,567 [WARN] ModelIntegratedComponent:63 - No mode defined for component null
2023-05-18 21:04:48,567 [WARN] ModelIntegratedComponent:63 - No mode defined for component null
2023-05-18 21:04:48,567 [WARN] ModelIntegratedComponent:63 - No mode defined for component null
2023-05-18 21:04:48,567 [WARN] ModelIntegratedComponent:63 - No mode defined for component null
2023-05-18 21:04:48,567 [WARN] ModelIntegratedComponent:63 - No mode defined for component null
2023-05-18 21:04:48,567 [WARN] ModelIntegratedComponent:63 - No mode defined for component null
2023-05-18 21:04:48,567 [WARN] ModelIntegratedComponent:63 - No mode defined for component null
2023-05-18 21:04:48,567 [WARN] ModelIntegratedComponent:63 - No mode defined for component null
2023-05-18 21:04:48,567 [WARN] ModelIntegratedComponent:63 - No mode defined for component null
2023-05-18 21:04:48,567 [WARN] ModelIntegratedComponent:63 - No mode defined for component null
2023-05-18 21:04:48,567 [WARN] ModelIntegratedComponent:63 - No mode defined for component null
2023-05-18 21:04:48,567 [WARN] ModelIntegratedComponent:63 - No mode defined for component null
2023-05-18 21:04:48,567 [WARN] ModelIntegratedComponent:63 - No mode defined for component null
2023-05-18 21:04:48,567 [WARN] ModelIntegratedComponent:63 - No mode defined for component null
2023-05-18 21:04:48,567 [WARN] ModelIntegratedComponent:63 - No mode defined for component null
2023-05-18 21:04:48,567 [WARN] ModelIntegratedComponent:63 - No mode defined for component null
2023-05-18 21:04:48,567 [WARN] ModelIntegratedComponent:63 - No mode defined for component null
2023-05-18 21:04:48,574 [INFO] ThirdPartyModel:298 - Start build external matchings
2023-05-18 21:04:48,795 [INFO] ThirdPartyModel:316 - End build external matchings
2023-05-18 21:04:48,928 [INFO] UtilMem:75 - End LoadConfig() Used Memory: 487950712 Bytes (1073741824)
2023-05-18 21:04:48,934 [WARN] ThirdParty:833 - waiting for thirdparty lock release [change project]
2023-05-18 21:04:48,935 [INFO] ThirdParty:835 - entering critical section [change project]
2023-05-18 21:04:48,935 [INFO] ThirdParty:1030 - CMSIS Pack Vendor :STMicroelectronics X-CUBE-ISPU 1.1.0
2023-05-18 21:04:48,935 [INFO] ThirdParty:1030 - CMSIS Pack Vendor :STMicroelectronics X-CUBE-GNSS1 6.0.0
2023-05-18 21:04:48,935 [INFO] ThirdParty:1030 - CMSIS Pack Vendor :STMicroelectronics USB_HOST 2.0.0
2023-05-18 21:04:48,935 [INFO] ThirdParty:1030 - CMSIS Pack Vendor :STMicroelectronics X-CUBE-AZRTOS-F4 1.1.0
2023-05-18 21:04:48,935 [INFO] ThirdParty:1030 - CMSIS Pack Vendor :STMicroelectronics LIBJPEG 8.0.0
2023-05-18 21:04:48,935 [INFO] ThirdParty:1030 - CMSIS Pack Vendor :STMicroelectronics X-CUBE-SMBUS 2.1.0
2023-05-18 21:04:48,935 [INFO] ThirdParty:1030 - CMSIS Pack Vendor :wolfSSL I-CUBE-wolfSSL 5.6.0
2023-05-18 21:04:48,935 [INFO] ThirdParty:1030 - CMSIS Pack Vendor :STMicroelectronics USB_DEVICE 3.0.0
2023-05-18 21:04:48,935 [INFO] ThirdParty:1030 - CMSIS Pack Vendor :STMicroelectronics X-CUBE-AI 8.0.0
2023-05-18 21:04:48,935 [INFO] ThirdParty:1030 - CMSIS Pack Vendor :STMicroelectronics X-CUBE-FREERTOS 1.0.1
2023-05-18 21:04:48,935 [INFO] ThirdParty:1030 - CMSIS Pack Vendor :STMicroelectronics X-CUBE-TOUCHGFX 4.21.3
2023-05-18 21:04:48,935 [INFO] ThirdParty:1030 - CMSIS Pack Vendor :STMicroelectronics X-CUBE-AZRTOS-F7 1.1.0
2023-05-18 21:04:48,935 [INFO] ThirdParty:1030 - CMSIS Pack Vendor :STMicroelectronics X-CUBE-TOUCHGFX 4.21.4
2023-05-18 21:04:48,935 [INFO] ThirdParty:1030 - CMSIS Pack Vendor :STMicroelectronics USB_DEVICE 2.0.0
2023-05-18 21:04:48,935 [INFO] ThirdParty:1030 - CMSIS Pack Vendor :STMicroelectronics X-CUBE-MEMS1 9.6.0
2023-05-18 21:04:48,935 [INFO] ThirdParty:1030 - CMSIS Pack Vendor :STMicroelectronics FP-SNS-MOTENV1 4.3.0
2023-05-18 21:04:48,935 [INFO] ThirdParty:1030 - CMSIS Pack Vendor :STMicroelectronics FP-SNS-FLIGHT1 5.0.0
2023-05-18 21:04:48,935 [INFO] ThirdParty:1030 - CMSIS Pack Vendor :STMicroelectronics X-CUBE-ALGOBUILD 1.3.0
2023-05-18 21:04:48,935 [INFO] ThirdParty:1030 - CMSIS Pack Vendor :STMicroelectronics X-CUBE-BLE1 6.2.4
2023-05-18 21:04:48,935 [INFO] ThirdParty:1030 - CMSIS Pack Vendor :STMicroelectronics X-CUBE-AZRTOS-L5 1.1.0
2023-05-18 21:04:48,935 [INFO] ThirdParty:1030 - CMSIS Pack Vendor :STMicroelectronics FreeRTOS 0.0.1
2023-05-18 21:04:48,935 [INFO] ThirdParty:1030 - CMSIS Pack Vendor :emotas I-CUBE-CANOPEN 1.1.3
2023-05-18 21:04:48,935 [INFO] ThirdParty:1030 - CMSIS Pack Vendor :STMicroelectronics X-CUBE-AZRTOS-G0 1.1.0
2023-05-18 21:04:48,935 [INFO] ThirdParty:1030 - CMSIS Pack Vendor :STMicroelectronics X-CUBE-BLEMGR 2.0.0
2023-05-18 21:04:48,936 [INFO] ThirdParty:1030 - CMSIS Pack Vendor :STMicroelectronics X-CUBE-AI 8.0.1
2023-05-18 21:04:48,936 [INFO] ThirdParty:1030 - CMSIS Pack Vendor :STMicroelectronics X-CUBE-SUBG2 5.0.0
2023-05-18 21:04:48,936 [INFO] ThirdParty:1030 - CMSIS Pack Vendor :STMicroelectronics X-CUBE-NFC4 3.0.0
2023-05-18 21:04:48,936 [INFO] ThirdParty:1030 - CMSIS Pack Vendor :STMicroelectronics STM32_WPAN 1.0.0
2023-05-18 21:04:48,936 [INFO] ThirdParty:1030 - CMSIS Pack Vendor :STMicroelectronics lwIP 2.0.3
2023-05-18 21:04:48,936 [INFO] ThirdParty:1030 - CMSIS Pack Vendor :STMicroelectronics USB_HOST 1.0.0
2023-05-18 21:04:48,936 [INFO] ThirdParty:1030 - CMSIS Pack Vendor :STMicroelectronics X-CUBE-AZRTOS-G4 2.0.0
2023-05-18 21:04:48,936 [INFO] ThirdParty:1030 - CMSIS Pack Vendor :STMicroelectronics PDM2PCM 3.1.0
2023-05-18 21:04:48,936 [INFO] ThirdParty:1030 - CMSIS Pack Vendor :STMicroelectronics X-CUBE-AZRTOS-H7 3.1.0
2023-05-18 21:04:48,936 [INFO] ThirdParty:1030 - CMSIS Pack Vendor :STMicroelectronics X-CUBE-TOF1 3.3.0
2023-05-18 21:04:48,936 [INFO] ThirdParty:1030 - CMSIS Pack Vendor :STMicroelectronics PDM2PCM 3.3.0
2023-05-18 21:04:48,936 [INFO] ThirdParty:1030 - CMSIS Pack Vendor :STMicroelectronics X-CUBE-DISPLAY 3.0.0
2023-05-18 21:04:48,936 [INFO] ThirdParty:1030 - CMSIS Pack Vendor :STMicroelectronics FP-ATR-SIGFOX1 3.2.0
2023-05-18 21:04:48,936 [INFO] ThirdParty:1030 - CMSIS Pack Vendor :STMicroelectronics X-CUBE-AZRTOS-L4 1.0.0
2023-05-18 21:04:48,936 [INFO] ThirdParty:1030 - CMSIS Pack Vendor :STMicroelectronics HAL Drivers 0.0.0
2023-05-18 21:04:48,936 [INFO] ThirdParty:1030 - CMSIS Pack Vendor :STMicroelectronics MBEDTLS 2.16.2
2023-05-18 21:04:48,936 [INFO] ThirdParty:1030 - CMSIS Pack Vendor :STMicroelectronics MBEDTLS 2.14.1
2023-05-18 21:04:48,936 [INFO] ThirdParty:1030 - CMSIS Pack Vendor :STMicroelectronics X-CUBE-NFC7 1.0.0
2023-05-18 21:04:48,936 [INFO] ThirdParty:1030 - CMSIS Pack Vendor :STMicroelectronics X-CUBE-AZRTOS-WL 1.0.0
2023-05-18 21:04:48,936 [INFO] ThirdParty:1030 - CMSIS Pack Vendor :STMicroelectronics X-CUBE-EEPRMA1 4.1.0
2023-05-18 21:04:48,936 [INFO] ThirdParty:1030 - CMSIS Pack Vendor :portGmbH I-Cube-SoM-uGOAL 1.1.0
2023-05-18 21:04:48,936 [INFO] ThirdParty:1030 - CMSIS Pack Vendor :STMicroelectronics X-CUBE-ALS 1.0.1
2023-05-18 21:04:48,936 [INFO] ThirdParty:1030 - CMSIS Pack Vendor :STMicroelectronics ThreadX 1.0.0
2023-05-18 21:04:48,936 [INFO] ThirdParty:1030 - CMSIS Pack Vendor :STMicroelectronics X-CUBE-AZRTOS-WB 1.1.0
2023-05-18 21:04:48,936 [INFO] ThirdParty:1030 - CMSIS Pack Vendor :SEGGER I-CUBE-embOS 1.3.1
2023-05-18 21:04:48,936 [INFO] ThirdParty:1030 - CMSIS Pack Vendor :STMicroelectronics USB_DEVICE 1.0.0
2023-05-18 21:04:48,936 [INFO] ThirdParty:1030 - CMSIS Pack Vendor :STMicroelectronics ThreadX 0.0.2
2023-05-18 21:04:48,936 [INFO] ThirdParty:1030 - CMSIS Pack Vendor :WES I-CUBE-Cesium 1.3.0
2023-05-18 21:04:48,936 [INFO] ThirdParty:1030 - CMSIS Pack Vendor :STMicroelectronics FP-ATR-ASTRA1 2.0.0
2023-05-18 21:04:48,936 [INFO] ThirdParty:1030 - CMSIS Pack Vendor :STMicroelectronics lwIP 2.1.2
2023-05-18 21:04:48,936 [INFO] ThirdParty:1030 - CMSIS Pack Vendor :STMicroelectronics X-CUBE-SFXS2LP1 4.0.0
2023-05-18 21:04:48,937 [INFO] ThirdParty:1030 - CMSIS Pack Vendor :STMicroelectronics X-CUBE-BLE2 3.3.0
2023-05-18 21:04:48,937 [INFO] ThirdParty:1030 - CMSIS Pack Vendor :STMicroelectronics PDM2PCM 3.2.0
2023-05-18 21:04:48,937 [INFO] ThirdParty:841 - exiting critical section [change project]
2023-05-18 21:04:49,166 [INFO] PinOutPanel:1499 - setPackage(No Configuration,No Configuration)
2023-05-18 21:04:49,167 [INFO] PinOutPanel:1499 - setPackage(STM32F446RETx,LQFP64)
2023-05-18 21:04:49,355 [INFO] UtilMem:75 - Before build in PCC Used Memory: 691359144 Bytes (1073741824)
2023-05-18 21:04:49,494 [INFO] UtilMem:75 - After build in PCC Used Memory: 739593640 Bytes (1073741824)
2023-05-18 21:04:49,509 [INFO] IPUIPlugin:80 - create IPUIPlugin
2023-05-18 21:04:49,510 [INFO] IPUIPlugin:80 - create IPUIPlugin
2023-05-18 21:04:49,510 [INFO] IPUIPlugin:80 - create IPUIPlugin
2023-05-18 21:04:49,510 [INFO] IPUIPlugin:80 - create IPUIPlugin
2023-05-18 21:04:49,510 [INFO] IPUIPlugin:80 - create IPUIPlugin
2023-05-18 21:04:49,510 [INFO] IPUIPlugin:80 - create IPUIPlugin
2023-05-18 21:04:49,510 [INFO] IPUIPlugin:80 - create IPUIPlugin
2023-05-18 21:04:49,510 [INFO] IPUIPlugin:80 - create IPUIPlugin
2023-05-18 21:04:49,510 [INFO] IPUIPlugin:80 - create IPUIPlugin
2023-05-18 21:04:49,510 [INFO] IPUIPlugin:80 - create IPUIPlugin
2023-05-18 21:04:49,510 [INFO] IPUIPlugin:80 - create IPUIPlugin
2023-05-18 21:04:49,510 [INFO] IPUIPlugin:80 - create IPUIPlugin
2023-05-18 21:04:49,511 [INFO] IPUIPlugin:80 - create IPUIPlugin
2023-05-18 21:04:49,511 [INFO] IPUIPlugin:80 - create IPUIPlugin
2023-05-18 21:04:49,511 [INFO] IPUIPlugin:80 - create IPUIPlugin
2023-05-18 21:04:49,511 [INFO] IPUIPlugin:80 - create IPUIPlugin
2023-05-18 21:04:49,511 [INFO] IPUIPlugin:80 - create IPUIPlugin
2023-05-18 21:04:49,511 [INFO] IPUIPlugin:80 - create IPUIPlugin
2023-05-18 21:04:49,511 [INFO] IPUIPlugin:80 - create IPUIPlugin
2023-05-18 21:04:49,511 [INFO] IPUIPlugin:80 - create IPUIPlugin
2023-05-18 21:04:49,511 [INFO] IPUIPlugin:80 - create IPUIPlugin
2023-05-18 21:04:49,512 [INFO] IPUIPlugin:80 - create IPUIPlugin
2023-05-18 21:04:49,512 [INFO] IPUIPlugin:80 - create IPUIPlugin
2023-05-18 21:04:49,512 [INFO] IPUIPlugin:80 - create IPUIPlugin
2023-05-18 21:04:49,512 [INFO] IPUIPlugin:80 - create IPUIPlugin
2023-05-18 21:04:49,512 [INFO] IPUIPlugin:80 - create IPUIPlugin
2023-05-18 21:04:49,512 [INFO] IPUIPlugin:80 - create IPUIPlugin
2023-05-18 21:04:49,512 [INFO] IPUIPlugin:80 - create IPUIPlugin
2023-05-18 21:04:49,512 [INFO] IPUIPlugin:80 - create IPUIPlugin
2023-05-18 21:04:49,513 [INFO] IPUIPlugin:80 - create IPUIPlugin
2023-05-18 21:04:49,513 [INFO] IPUIPlugin:80 - create IPUIPlugin
2023-05-18 21:04:49,513 [INFO] IPUIPlugin:80 - create IPUIPlugin
2023-05-18 21:04:49,513 [INFO] IPUIPlugin:80 - create IPUIPlugin
2023-05-18 21:04:49,513 [INFO] IPUIPlugin:80 - create IPUIPlugin
2023-05-18 21:04:49,513 [INFO] IPUIPlugin:80 - create IPUIPlugin
2023-05-18 21:04:49,513 [INFO] IPUIPlugin:80 - create IPUIPlugin
2023-05-18 21:04:49,514 [INFO] IPUIPlugin:80 - create IPUIPlugin
2023-05-18 21:04:49,514 [INFO] IPUIPlugin:80 - create IPUIPlugin
2023-05-18 21:04:49,514 [INFO] IPUIPlugin:80 - create IPUIPlugin
2023-05-18 21:04:49,514 [INFO] IPUIPlugin:80 - create IPUIPlugin
2023-05-18 21:04:49,514 [INFO] IPUIPlugin:80 - create IPUIPlugin
2023-05-18 21:04:49,514 [INFO] IPUIPlugin:80 - create IPUIPlugin
2023-05-18 21:04:49,514 [INFO] IPUIPlugin:80 - create IPUIPlugin
2023-05-18 21:04:49,515 [INFO] IPUIPlugin:80 - create IPUIPlugin
2023-05-18 21:04:49,515 [INFO] IPUIPlugin:80 - create IPUIPlugin
2023-05-18 21:04:49,515 [INFO] IPUIPlugin:80 - create IPUIPlugin
2023-05-18 21:04:49,515 [INFO] IPUIPlugin:80 - create IPUIPlugin
2023-05-18 21:04:49,515 [INFO] IPUIPlugin:80 - create IPUIPlugin
2023-05-18 21:04:49,515 [INFO] IPUIPlugin:80 - create IPUIPlugin
2023-05-18 21:04:49,516 [INFO] IPUIPlugin:80 - create IPUIPlugin
2023-05-18 21:04:49,516 [INFO] IPUIPlugin:80 - create IPUIPlugin
2023-05-18 21:04:49,516 [INFO] IPUIPlugin:80 - create IPUIPlugin
2023-05-18 21:04:49,516 [INFO] IPUIPlugin:80 - create IPUIPlugin
2023-05-18 21:04:49,516 [INFO] IPUIPlugin:80 - create IPUIPlugin
2023-05-18 21:04:49,516 [INFO] IPUIPlugin:80 - create IPUIPlugin
2023-05-18 21:04:49,516 [INFO] IPUIPlugin:80 - create IPUIPlugin
2023-05-18 21:04:49,517 [INFO] IPUIPlugin:80 - create IPUIPlugin
2023-05-18 21:04:49,517 [INFO] IPUIPlugin:80 - create IPUIPlugin
2023-05-18 21:04:49,518 [INFO] IPUIPlugin:80 - create IPUIPlugin
2023-05-18 21:04:49,518 [INFO] IPUIPlugin:80 - create IPUIPlugin
2023-05-18 21:04:49,520 [INFO] ApiDbMcu:507 - Load IP Config File for PDM2PCM
2023-05-18 21:04:49,553 [INFO] CADModel:165 - CPN selected for project levelSTM32F446RET6
2023-05-18 21:04:49,553 [INFO] CADModel:114 - Register for checkConnection events
2023-05-18 21:04:49,591 [INFO] OpenFileManager:328 - Restore cursor
