2023-05-16 15:28:11,887 [INFO] MainUpdater:2854 - connection check result : 10
2023-05-16 15:28:11,897 [INFO] MainUpdater:2854 - connection check result : 10
2023-05-16 15:28:12,275 [INFO] MicroXplorer:468 - Change Database Path : 
2023-05-16 15:28:12,275 [INFO] MicroXplorer:498 - Change Database Version : DB.6.0.80
2023-05-16 15:28:12,332 [WARN] ThirdParty:871 - waiting for thirdparty lock release [close project]
2023-05-16 15:28:12,332 [INFO] ThirdParty:873 - entering critical section [close project]
2023-05-16 15:28:12,332 [INFO] ThirdParty:883 - exiting critical section [close project]
2023-05-16 15:28:12,337 [INFO] PinOutPanel:1499 - setPackage(No Configuration,No Configuration)
2023-05-16 15:28:12,385 [WARN] IpParametersView:150 - Warning: This peripheral hasn't parameters
2023-05-16 15:28:12,407 [WARN] MainPanel:257 - <html><b><center>Warning: This peripheral has no parameters to be configured<br></b></html>
2023-05-16 15:28:12,423 [INFO] UtilMem:75 - Begin LoadConfig() Used Memory: 431594552 Bytes (622854144)
2023-05-16 15:28:12,424 [INFO] MicroXplorer:468 - Change Database Path : 
2023-05-16 15:28:12,424 [INFO] MicroXplorer:498 - Change Database Version : DB.6.0.80
2023-05-16 15:28:12,424 [INFO] OpenFileManager:308 - Change cursor
2023-05-16 15:28:12,431 [INFO] Mcu:1937 - Initializing MCU STM32F446R(C-E)Tx STM32F446RETx STM32F446RET6
2023-05-16 15:28:13,079 [INFO] Context:659 - Trying to add GPIOservice into a context  which must be forbidden
2023-05-16 15:28:13,348 [INFO] RtosManager:555 - Registered RTOS mode: class=CMSIS, group=RTOS, mode=CMSIS_V1, owner=FREERTOS
2023-05-16 15:28:13,348 [INFO] RtosManager:555 - Registered RTOS mode: class=CMSIS, group=RTOS2, mode=CMSIS_V2, owner=FREERTOS
2023-05-16 15:28:13,348 [INFO] RtosManager:555 - Registered RTOS mode: class=RTOS, group=Core, mode=CMSIS_V1, owner=FREERTOS
2023-05-16 15:28:13,348 [INFO] RtosManager:555 - Registered RTOS mode: class=RTOS, group=Core, mode=CMSIS_V2, owner=FREERTOS
2023-05-16 15:28:13,348 [WARN] ModelIntegratedComponent:184 - Missing modes for component STMicroelectronics:FreeRTOS:0.0.1:STMicroelectronics:RTOS:FreeRTOS:Core:::10.2.0:
2023-05-16 15:28:13,353 [WARN] ModelIntegratedComponent:63 - No mode defined for component null
2023-05-16 15:28:13,353 [WARN] ModelIntegratedComponent:63 - No mode defined for component null
2023-05-16 15:28:13,353 [WARN] ModelIntegratedComponent:63 - No mode defined for component null
2023-05-16 15:28:13,353 [WARN] ModelIntegratedComponent:63 - No mode defined for component null
2023-05-16 15:28:13,353 [WARN] ModelIntegratedComponent:63 - No mode defined for component null
2023-05-16 15:28:13,354 [WARN] ModelIntegratedComponent:63 - No mode defined for component null
2023-05-16 15:28:13,354 [WARN] ModelIntegratedComponent:63 - No mode defined for component null
2023-05-16 15:28:13,354 [WARN] ModelIntegratedComponent:63 - No mode defined for component null
2023-05-16 15:28:13,354 [WARN] ModelIntegratedComponent:63 - No mode defined for component null
2023-05-16 15:28:13,354 [WARN] ModelIntegratedComponent:63 - No mode defined for component null
2023-05-16 15:28:13,354 [WARN] ModelIntegratedComponent:63 - No mode defined for component null
2023-05-16 15:28:13,354 [WARN] ModelIntegratedComponent:63 - No mode defined for component null
2023-05-16 15:28:13,354 [WARN] ModelIntegratedComponent:63 - No mode defined for component null
2023-05-16 15:28:13,354 [WARN] ModelIntegratedComponent:63 - No mode defined for component null
2023-05-16 15:28:13,354 [WARN] ModelIntegratedComponent:63 - No mode defined for component null
2023-05-16 15:28:13,354 [WARN] ModelIntegratedComponent:63 - No mode defined for component null
2023-05-16 15:28:13,354 [WARN] ModelIntegratedComponent:63 - No mode defined for component null
2023-05-16 15:28:13,354 [WARN] ModelIntegratedComponent:63 - No mode defined for component null
2023-05-16 15:28:13,354 [WARN] ModelIntegratedComponent:63 - No mode defined for component null
2023-05-16 15:28:13,354 [WARN] ModelIntegratedComponent:63 - No mode defined for component null
2023-05-16 15:28:13,354 [WARN] ModelIntegratedComponent:63 - No mode defined for component null
2023-05-16 15:28:13,354 [WARN] ModelIntegratedComponent:63 - No mode defined for component null
2023-05-16 15:28:13,354 [WARN] ModelIntegratedComponent:63 - No mode defined for component null
2023-05-16 15:28:13,354 [WARN] ModelIntegratedComponent:63 - No mode defined for component null
2023-05-16 15:28:13,355 [WARN] ModelIntegratedComponent:63 - No mode defined for component null
2023-05-16 15:28:13,355 [WARN] ModelIntegratedComponent:63 - No mode defined for component null
2023-05-16 15:28:13,355 [WARN] ModelIntegratedComponent:63 - No mode defined for component null
2023-05-16 15:28:13,355 [WARN] ModelIntegratedComponent:63 - No mode defined for component null
2023-05-16 15:28:13,355 [WARN] ModelIntegratedComponent:63 - No mode defined for component null
2023-05-16 15:28:13,355 [WARN] ModelIntegratedComponent:63 - No mode defined for component null
2023-05-16 15:28:13,355 [WARN] ModelIntegratedComponent:63 - No mode defined for component null
2023-05-16 15:28:13,355 [WARN] ModelIntegratedComponent:63 - No mode defined for component null
2023-05-16 15:28:13,355 [WARN] ModelIntegratedComponent:63 - No mode defined for component null
2023-05-16 15:28:13,361 [INFO] ThirdPartyModel:298 - Start build external matchings
2023-05-16 15:28:13,637 [INFO] ThirdPartyModel:316 - End build external matchings
2023-05-16 15:28:13,644 [INFO] ImportTextPane:194 - (OptionalMessage_ERROR) IP (RCC) : Invalid parameter (48MHZClocksFreq_Value)
2023-05-16 15:28:13,644 [INFO] ImportTextPane:194 - (OptionalMessage_ERROR) IP (RCC) : Invalid parameter (EthernetFreq_Value)
2023-05-16 15:28:13,645 [INFO] ImportTextPane:194 - (OptionalMessage_ERROR) IP (RCC) : Parameter (FLatency) has Id (AdvancedSettings) currently not set
2023-05-16 15:28:13,645 [INFO] ImportTextPane:194 - (OptionalMessage_ERROR) IP (RCC) : Invalid parameter (FamilyName)
2023-05-16 15:28:13,645 [INFO] ImportTextPane:194 - (OptionalMessage_ERROR) IP (RCC) : Invalid parameter (I2SClocksFreq_Value)
2023-05-16 15:28:13,645 [INFO] ImportTextPane:194 - (OptionalMessage_ERROR) IP (RCC) : Parameter (SDIOFreq_Value) has invalid value (50000000)
2023-05-16 15:28:13,645 [INFO] ImportTextPane:194 - (OptionalMessage_ERROR) IP (RCC) : Parameter (USBFreq_Value) has invalid value (50000000)
2023-05-16 15:28:13,645 [INFO] ImportTextPane:194 - (OptionalMessage_ERROR) IP (RCC) : Invalid parameter (VCOInputMFreq_Value)
2023-05-16 15:28:13,646 [INFO] ImportTextPane:194 - (OptionalMessage_ERROR) IP (RCC) : Invalid parameter (VcooutputI2S)
2023-05-16 15:28:13,749 [INFO] UtilMem:75 - End LoadConfig() Used Memory: 520984768 Bytes (622854144)
2023-05-16 15:28:13,755 [WARN] ThirdParty:833 - waiting for thirdparty lock release [change project]
2023-05-16 15:28:13,755 [INFO] ThirdParty:835 - entering critical section [change project]
2023-05-16 15:28:13,755 [INFO] ThirdParty:1030 - CMSIS Pack Vendor :STMicroelectronics X-CUBE-ISPU 1.1.0
2023-05-16 15:28:13,756 [INFO] ThirdParty:1030 - CMSIS Pack Vendor :STMicroelectronics X-CUBE-GNSS1 6.0.0
2023-05-16 15:28:13,756 [INFO] ThirdParty:1030 - CMSIS Pack Vendor :STMicroelectronics USB_HOST 2.0.0
2023-05-16 15:28:13,756 [INFO] ThirdParty:1030 - CMSIS Pack Vendor :STMicroelectronics X-CUBE-AZRTOS-F4 1.1.0
2023-05-16 15:28:13,756 [INFO] ThirdParty:1030 - CMSIS Pack Vendor :STMicroelectronics LIBJPEG 8.0.0
2023-05-16 15:28:13,756 [INFO] ThirdParty:1030 - CMSIS Pack Vendor :STMicroelectronics X-CUBE-SMBUS 2.1.0
2023-05-16 15:28:13,756 [INFO] ThirdParty:1030 - CMSIS Pack Vendor :wolfSSL I-CUBE-wolfSSL 5.6.0
2023-05-16 15:28:13,756 [INFO] ThirdParty:1030 - CMSIS Pack Vendor :STMicroelectronics USB_DEVICE 3.0.0
2023-05-16 15:28:13,756 [INFO] ThirdParty:1030 - CMSIS Pack Vendor :STMicroelectronics X-CUBE-AI 8.0.0
2023-05-16 15:28:13,756 [INFO] ThirdParty:1030 - CMSIS Pack Vendor :STMicroelectronics X-CUBE-FREERTOS 1.0.1
2023-05-16 15:28:13,756 [INFO] ThirdParty:1030 - CMSIS Pack Vendor :STMicroelectronics X-CUBE-TOUCHGFX 4.21.3
2023-05-16 15:28:13,756 [INFO] ThirdParty:1030 - CMSIS Pack Vendor :STMicroelectronics X-CUBE-AZRTOS-F7 1.1.0
2023-05-16 15:28:13,756 [INFO] ThirdParty:1030 - CMSIS Pack Vendor :STMicroelectronics X-CUBE-TOUCHGFX 4.21.4
2023-05-16 15:28:13,756 [INFO] ThirdParty:1030 - CMSIS Pack Vendor :STMicroelectronics USB_DEVICE 2.0.0
2023-05-16 15:28:13,756 [INFO] ThirdParty:1030 - CMSIS Pack Vendor :STMicroelectronics X-CUBE-MEMS1 9.6.0
2023-05-16 15:28:13,756 [INFO] ThirdParty:1030 - CMSIS Pack Vendor :STMicroelectronics FP-SNS-MOTENV1 4.3.0
2023-05-16 15:28:13,756 [INFO] ThirdParty:1030 - CMSIS Pack Vendor :STMicroelectronics FP-SNS-FLIGHT1 5.0.0
2023-05-16 15:28:13,756 [INFO] ThirdParty:1030 - CMSIS Pack Vendor :STMicroelectronics X-CUBE-ALGOBUILD 1.3.0
2023-05-16 15:28:13,756 [INFO] ThirdParty:1030 - CMSIS Pack Vendor :STMicroelectronics X-CUBE-BLE1 6.2.4
2023-05-16 15:28:13,757 [INFO] ThirdParty:1030 - CMSIS Pack Vendor :STMicroelectronics X-CUBE-AZRTOS-L5 1.1.0
2023-05-16 15:28:13,757 [INFO] ThirdParty:1030 - CMSIS Pack Vendor :STMicroelectronics FreeRTOS 0.0.1
2023-05-16 15:28:13,757 [INFO] ThirdParty:1030 - CMSIS Pack Vendor :emotas I-CUBE-CANOPEN 1.1.3
2023-05-16 15:28:13,757 [INFO] ThirdParty:1030 - CMSIS Pack Vendor :STMicroelectronics X-CUBE-AZRTOS-G0 1.1.0
2023-05-16 15:28:13,757 [INFO] ThirdParty:1030 - CMSIS Pack Vendor :STMicroelectronics X-CUBE-BLEMGR 2.0.0
2023-05-16 15:28:13,757 [INFO] ThirdParty:1030 - CMSIS Pack Vendor :STMicroelectronics X-CUBE-AI 8.0.1
2023-05-16 15:28:13,757 [INFO] ThirdParty:1030 - CMSIS Pack Vendor :STMicroelectronics X-CUBE-SUBG2 5.0.0
2023-05-16 15:28:13,757 [INFO] ThirdParty:1030 - CMSIS Pack Vendor :STMicroelectronics X-CUBE-NFC4 3.0.0
2023-05-16 15:28:13,757 [INFO] ThirdParty:1030 - CMSIS Pack Vendor :STMicroelectronics STM32_WPAN 1.0.0
2023-05-16 15:28:13,757 [INFO] ThirdParty:1030 - CMSIS Pack Vendor :STMicroelectronics lwIP 2.0.3
2023-05-16 15:28:13,757 [INFO] ThirdParty:1030 - CMSIS Pack Vendor :STMicroelectronics USB_HOST 1.0.0
2023-05-16 15:28:13,757 [INFO] ThirdParty:1030 - CMSIS Pack Vendor :STMicroelectronics X-CUBE-AZRTOS-G4 2.0.0
2023-05-16 15:28:13,757 [INFO] ThirdParty:1030 - CMSIS Pack Vendor :STMicroelectronics PDM2PCM 3.1.0
2023-05-16 15:28:13,757 [INFO] ThirdParty:1030 - CMSIS Pack Vendor :STMicroelectronics X-CUBE-AZRTOS-H7 3.1.0
2023-05-16 15:28:13,757 [INFO] ThirdParty:1030 - CMSIS Pack Vendor :STMicroelectronics X-CUBE-TOF1 3.3.0
2023-05-16 15:28:13,757 [INFO] ThirdParty:1030 - CMSIS Pack Vendor :STMicroelectronics PDM2PCM 3.3.0
2023-05-16 15:28:13,757 [INFO] ThirdParty:1030 - CMSIS Pack Vendor :STMicroelectronics X-CUBE-DISPLAY 3.0.0
2023-05-16 15:28:13,757 [INFO] ThirdParty:1030 - CMSIS Pack Vendor :STMicroelectronics FP-ATR-SIGFOX1 3.2.0
2023-05-16 15:28:13,757 [INFO] ThirdParty:1030 - CMSIS Pack Vendor :STMicroelectronics X-CUBE-AZRTOS-L4 1.0.0
2023-05-16 15:28:13,757 [INFO] ThirdParty:1030 - CMSIS Pack Vendor :STMicroelectronics HAL Drivers 0.0.0
2023-05-16 15:28:13,757 [INFO] ThirdParty:1030 - CMSIS Pack Vendor :STMicroelectronics MBEDTLS 2.16.2
2023-05-16 15:28:13,757 [INFO] ThirdParty:1030 - CMSIS Pack Vendor :STMicroelectronics MBEDTLS 2.14.1
2023-05-16 15:28:13,757 [INFO] ThirdParty:1030 - CMSIS Pack Vendor :STMicroelectronics X-CUBE-NFC7 1.0.0
2023-05-16 15:28:13,757 [INFO] ThirdParty:1030 - CMSIS Pack Vendor :STMicroelectronics X-CUBE-AZRTOS-WL 1.0.0
2023-05-16 15:28:13,757 [INFO] ThirdParty:1030 - CMSIS Pack Vendor :STMicroelectronics X-CUBE-EEPRMA1 4.1.0
2023-05-16 15:28:13,757 [INFO] ThirdParty:1030 - CMSIS Pack Vendor :portGmbH I-Cube-SoM-uGOAL 1.1.0
2023-05-16 15:28:13,757 [INFO] ThirdParty:1030 - CMSIS Pack Vendor :STMicroelectronics X-CUBE-ALS 1.0.1
2023-05-16 15:28:13,758 [INFO] ThirdParty:1030 - CMSIS Pack Vendor :STMicroelectronics ThreadX 1.0.0
2023-05-16 15:28:13,758 [INFO] ThirdParty:1030 - CMSIS Pack Vendor :STMicroelectronics X-CUBE-AZRTOS-WB 1.1.0
2023-05-16 15:28:13,758 [INFO] ThirdParty:1030 - CMSIS Pack Vendor :SEGGER I-CUBE-embOS 1.3.1
2023-05-16 15:28:13,758 [INFO] ThirdParty:1030 - CMSIS Pack Vendor :STMicroelectronics USB_DEVICE 1.0.0
2023-05-16 15:28:13,758 [INFO] ThirdParty:1030 - CMSIS Pack Vendor :STMicroelectronics ThreadX 0.0.2
2023-05-16 15:28:13,758 [INFO] ThirdParty:1030 - CMSIS Pack Vendor :WES I-CUBE-Cesium 1.3.0
2023-05-16 15:28:13,758 [INFO] ThirdParty:1030 - CMSIS Pack Vendor :STMicroelectronics FP-ATR-ASTRA1 2.0.0
2023-05-16 15:28:13,758 [INFO] ThirdParty:1030 - CMSIS Pack Vendor :STMicroelectronics lwIP 2.1.2
2023-05-16 15:28:13,758 [INFO] ThirdParty:1030 - CMSIS Pack Vendor :STMicroelectronics X-CUBE-SFXS2LP1 4.0.0
2023-05-16 15:28:13,758 [INFO] ThirdParty:1030 - CMSIS Pack Vendor :STMicroelectronics X-CUBE-BLE2 3.3.0
2023-05-16 15:28:13,758 [INFO] ThirdParty:1030 - CMSIS Pack Vendor :STMicroelectronics PDM2PCM 3.2.0
2023-05-16 15:28:13,758 [INFO] ThirdParty:841 - exiting critical section [change project]
2023-05-16 15:28:14,039 [INFO] PinOutPanel:1499 - setPackage(No Configuration,No Configuration)
2023-05-16 15:28:14,040 [INFO] PinOutPanel:1499 - setPackage(STM32F446RETx,LQFP64)
2023-05-16 15:28:14,391 [INFO] UtilMem:75 - Before build in PCC Used Memory: 341441808 Bytes (622854144)
2023-05-16 15:28:14,544 [INFO] UtilMem:75 - After build in PCC Used Memory: 390198544 Bytes (622854144)
2023-05-16 15:28:14,563 [INFO] IPUIPlugin:80 - create IPUIPlugin
2023-05-16 15:28:14,564 [INFO] IPUIPlugin:80 - create IPUIPlugin
2023-05-16 15:28:14,564 [INFO] IPUIPlugin:80 - create IPUIPlugin
2023-05-16 15:28:14,564 [INFO] IPUIPlugin:80 - create IPUIPlugin
2023-05-16 15:28:14,564 [INFO] IPUIPlugin:80 - create IPUIPlugin
2023-05-16 15:28:14,564 [INFO] IPUIPlugin:80 - create IPUIPlugin
2023-05-16 15:28:14,564 [INFO] IPUIPlugin:80 - create IPUIPlugin
2023-05-16 15:28:14,564 [INFO] IPUIPlugin:80 - create IPUIPlugin
2023-05-16 15:28:14,564 [INFO] IPUIPlugin:80 - create IPUIPlugin
2023-05-16 15:28:14,564 [INFO] IPUIPlugin:80 - create IPUIPlugin
2023-05-16 15:28:14,564 [INFO] IPUIPlugin:80 - create IPUIPlugin
2023-05-16 15:28:14,565 [INFO] IPUIPlugin:80 - create IPUIPlugin
2023-05-16 15:28:14,565 [INFO] IPUIPlugin:80 - create IPUIPlugin
2023-05-16 15:28:14,565 [INFO] IPUIPlugin:80 - create IPUIPlugin
2023-05-16 15:28:14,565 [INFO] IPUIPlugin:80 - create IPUIPlugin
2023-05-16 15:28:14,565 [INFO] IPUIPlugin:80 - create IPUIPlugin
2023-05-16 15:28:14,565 [INFO] IPUIPlugin:80 - create IPUIPlugin
2023-05-16 15:28:14,565 [INFO] IPUIPlugin:80 - create IPUIPlugin
2023-05-16 15:28:14,565 [INFO] IPUIPlugin:80 - create IPUIPlugin
2023-05-16 15:28:14,565 [INFO] IPUIPlugin:80 - create IPUIPlugin
2023-05-16 15:28:14,566 [INFO] IPUIPlugin:80 - create IPUIPlugin
2023-05-16 15:28:14,566 [INFO] IPUIPlugin:80 - create IPUIPlugin
2023-05-16 15:28:14,566 [INFO] IPUIPlugin:80 - create IPUIPlugin
2023-05-16 15:28:14,566 [INFO] IPUIPlugin:80 - create IPUIPlugin
2023-05-16 15:28:14,566 [INFO] IPUIPlugin:80 - create IPUIPlugin
2023-05-16 15:28:14,566 [INFO] IPUIPlugin:80 - create IPUIPlugin
2023-05-16 15:28:14,566 [INFO] IPUIPlugin:80 - create IPUIPlugin
2023-05-16 15:28:14,566 [INFO] IPUIPlugin:80 - create IPUIPlugin
2023-05-16 15:28:14,567 [INFO] IPUIPlugin:80 - create IPUIPlugin
2023-05-16 15:28:14,567 [INFO] IPUIPlugin:80 - create IPUIPlugin
2023-05-16 15:28:14,567 [INFO] IPUIPlugin:80 - create IPUIPlugin
2023-05-16 15:28:14,567 [INFO] IPUIPlugin:80 - create IPUIPlugin
2023-05-16 15:28:14,567 [INFO] IPUIPlugin:80 - create IPUIPlugin
2023-05-16 15:28:14,567 [INFO] IPUIPlugin:80 - create IPUIPlugin
2023-05-16 15:28:14,568 [INFO] IPUIPlugin:80 - create IPUIPlugin
2023-05-16 15:28:14,568 [INFO] IPUIPlugin:80 - create IPUIPlugin
2023-05-16 15:28:14,568 [INFO] IPUIPlugin:80 - create IPUIPlugin
2023-05-16 15:28:14,568 [INFO] IPUIPlugin:80 - create IPUIPlugin
2023-05-16 15:28:14,568 [INFO] IPUIPlugin:80 - create IPUIPlugin
2023-05-16 15:28:14,568 [INFO] IPUIPlugin:80 - create IPUIPlugin
2023-05-16 15:28:14,568 [INFO] IPUIPlugin:80 - create IPUIPlugin
2023-05-16 15:28:14,569 [INFO] IPUIPlugin:80 - create IPUIPlugin
2023-05-16 15:28:14,569 [INFO] IPUIPlugin:80 - create IPUIPlugin
2023-05-16 15:28:14,569 [INFO] IPUIPlugin:80 - create IPUIPlugin
2023-05-16 15:28:14,569 [INFO] IPUIPlugin:80 - create IPUIPlugin
2023-05-16 15:28:14,569 [INFO] IPUIPlugin:80 - create IPUIPlugin
2023-05-16 15:28:14,569 [INFO] IPUIPlugin:80 - create IPUIPlugin
2023-05-16 15:28:14,570 [INFO] IPUIPlugin:80 - create IPUIPlugin
2023-05-16 15:28:14,570 [INFO] IPUIPlugin:80 - create IPUIPlugin
2023-05-16 15:28:14,570 [INFO] IPUIPlugin:80 - create IPUIPlugin
2023-05-16 15:28:14,570 [INFO] IPUIPlugin:80 - create IPUIPlugin
2023-05-16 15:28:14,570 [INFO] IPUIPlugin:80 - create IPUIPlugin
2023-05-16 15:28:14,570 [INFO] IPUIPlugin:80 - create IPUIPlugin
2023-05-16 15:28:14,571 [INFO] IPUIPlugin:80 - create IPUIPlugin
2023-05-16 15:28:14,571 [INFO] IPUIPlugin:80 - create IPUIPlugin
2023-05-16 15:28:14,571 [INFO] IPUIPlugin:80 - create IPUIPlugin
2023-05-16 15:28:14,571 [INFO] IPUIPlugin:80 - create IPUIPlugin
2023-05-16 15:28:14,571 [INFO] IPUIPlugin:80 - create IPUIPlugin
2023-05-16 15:28:14,572 [INFO] IPUIPlugin:80 - create IPUIPlugin
2023-05-16 15:28:14,572 [INFO] IPUIPlugin:80 - create IPUIPlugin
2023-05-16 15:28:14,575 [INFO] ApiDbMcu:507 - Load IP Config File for PDM2PCM
2023-05-16 15:28:14,611 [INFO] CADModel:165 - CPN selected for project levelSTM32F446RET6
2023-05-16 15:28:14,611 [INFO] CADModel:114 - Register for checkConnection events
2023-05-16 15:28:14,648 [INFO] OpenFileManager:328 - Restore cursor
2023-05-16 15:28:30,050 [INFO] UtilMem:75 - End SaveConfig() Used Memory: 267395008 Bytes (622854144)
2023-05-16 15:28:31,206 [INFO] UtilMem:75 - End SaveConfig() Used Memory: 336617088 Bytes (622854144)
2023-05-16 15:28:32,696 [INFO] UtilMem:75 - End SaveConfig() Used Memory: 456115800 Bytes (622854144)
2023-05-16 15:28:33,198 [INFO] BlockDiagram:2759 - set Specific Code input for plugin: SYS
2023-05-16 15:28:33,198 [INFO] BlockDiagram:2759 - set Specific Code input for plugin: RCC
2023-05-16 15:28:33,199 [INFO] BlockDiagram:2759 - set Specific Code input for plugin: NVIC
2023-05-16 15:28:33,199 [INFO] BlockDiagram:2759 - set Specific Code input for plugin: USART
2023-05-16 15:28:33,199 [INFO] BlockDiagram:2759 - set Specific Code input for plugin: USART
2023-05-16 15:28:33,199 [INFO] BlockDiagram:2759 - set Specific Code input for plugin: GPIO
2023-05-16 15:28:33,201 [INFO] CodeGenerator:793 - code generatio: config db path: /opt/st/stm32cubeide_1.12.0/plugins/com.st.stm32cube.common.mx_6.8.0.202302231600//db/
2023-05-16 15:28:33,490 [INFO] CodeEngine:255 - oldGeneratedFile, /home/brati/Downloads/ESP8266_WebServer_Interface/MXTmpFiles/license.tmp_save
2023-05-16 15:28:33,760 [INFO] CodeEngine:279 - Generated code: /home/brati/Downloads/ESP8266_WebServer_Interface/MXTmpFiles/license.tmp
2023-05-16 15:28:33,792 [INFO] CodeEngine:255 - oldGeneratedFile, /home/brati/Downloads/ESP8266_WebServer_Interface/MXTmpFiles/gpio.tmp_save
2023-05-16 15:28:33,863 [INFO] CodeEngine:279 - Generated code: /home/brati/Downloads/ESP8266_WebServer_Interface/MXTmpFiles/gpio.tmp
2023-05-16 15:28:33,952 [INFO] CodeEngine:255 - oldGeneratedFile, /home/brati/Downloads/ESP8266_WebServer_Interface/Core/Src/stm32f4xx_it.c_save
2023-05-16 15:28:34,047 [INFO] CodeEngine:279 - Generated code: /home/brati/Downloads/ESP8266_WebServer_Interface/Core/Src/stm32f4xx_it.c
2023-05-16 15:28:34,048 [INFO] CodeEngine:255 - oldGeneratedFile, /home/brati/Downloads/ESP8266_WebServer_Interface/Core/Inc/stm32f4xx_it.h_save
2023-05-16 15:28:34,102 [INFO] CodeEngine:279 - Generated code: /home/brati/Downloads/ESP8266_WebServer_Interface/Core/Inc/stm32f4xx_it.h
2023-05-16 15:28:34,105 [INFO] CodeEngine:255 - oldGeneratedFile, /home/brati/Downloads/ESP8266_WebServer_Interface/Core/Src/stm32f4xx_hal_msp.c_save
2023-05-16 15:28:34,200 [INFO] CodeEngine:279 - Generated code: /home/brati/Downloads/ESP8266_WebServer_Interface/Core/Src/stm32f4xx_hal_msp.c
2023-05-16 15:28:34,202 [INFO] CodeEngine:255 - oldGeneratedFile, /home/brati/Downloads/ESP8266_WebServer_Interface/MXTmpFiles/system.tmp_save
2023-05-16 15:28:34,336 [INFO] CodeEngine:279 - Generated code: /home/brati/Downloads/ESP8266_WebServer_Interface/MXTmpFiles/system.tmp
2023-05-16 15:28:34,338 [INFO] CodeEngine:311 - oldGeneratedFile, /home/brati/Downloads/ESP8266_WebServer_Interface/Core/Inc/stm32f4xx_hal_conf.h_save
2023-05-16 15:28:34,413 [INFO] CodeEngine:335 - Generated code: /home/brati/Downloads/ESP8266_WebServer_Interface/Core/Inc/stm32f4xx_hal_conf.h
2023-05-16 15:28:34,447 [WARN] IPConfigManager:2937 - Warning: the RefConfig PLL2P_FOR_MCO is not available in your config.xml file
2023-05-16 15:28:34,456 [INFO] CodeEngine:255 - oldGeneratedFile, /home/brati/Downloads/ESP8266_WebServer_Interface/Core/Inc/main.h_save
2023-05-16 15:28:34,524 [INFO] CodeEngine:279 - Generated code: /home/brati/Downloads/ESP8266_WebServer_Interface/Core/Inc/main.h
2023-05-16 15:28:34,525 [INFO] CodeEngine:255 - oldGeneratedFile, /home/brati/Downloads/ESP8266_WebServer_Interface/Core/Src/main.c_save
2023-05-16 15:28:34,639 [INFO] CodeEngine:279 - Generated code: /home/brati/Downloads/ESP8266_WebServer_Interface/Core/Src/main.c
2023-05-16 15:28:35,136 [INFO] ProjectBuilder:2996 - Time for Copy HAL[1] : 20mS.
2023-05-16 15:28:35,143 [INFO] ProjectBuilder:4304 - Project Generator version: 3.19.2
2023-05-16 15:28:35,498 [INFO] ConfigFileManager:1483 - The Die is : DIE421
2023-05-16 15:28:35,512 [INFO] ApiDbMcu:507 - Load IP Config File for FATFS
2023-05-16 15:28:35,543 [INFO] ApiDbMcu:507 - Load IP Config File for FREERTOS
2023-05-16 15:28:35,548 [INFO] ApiDbMcu:507 - Load IP Config File for LIBJPEG
2023-05-16 15:28:35,613 [INFO] ApiDbMcu:507 - Load IP Config File for MBEDTLS
2023-05-16 15:28:35,655 [INFO] ApiDbMcu:507 - Load IP Config File for USB_DEVICE
2023-05-16 15:28:35,666 [INFO] ApiDbMcu:507 - Load IP Config File for USB_HOST
2023-05-16 15:28:36,921 [INFO] ProjectBuilder:4505 - Time for Generating toolchain IDE Files: 1777mS.
2023-05-16 15:28:36,922 [INFO] ProjectBuilder:2867 - Time for Copy CMSIS : 1mS.
2023-05-16 15:28:36,922 [INFO] ProjectBuilder:2867 - Time for Copy CMSIS : 0mS.
2023-05-16 15:30:09,485 [INFO] Gpio:273 - dependency for GPIO [RCC, SYS, USART1, USART2]
2023-05-16 15:30:24,338 [INFO] UtilMem:75 - End SaveConfig() Used Memory: 599651192 Bytes (748683264)
2023-05-16 15:30:25,805 [INFO] UtilMem:75 - End SaveConfig() Used Memory: 344280312 Bytes (748683264)
2023-05-16 15:30:26,680 [INFO] UtilMem:75 - End SaveConfig() Used Memory: 423445752 Bytes (748683264)
2023-05-16 15:30:26,846 [INFO] BlockDiagram:2759 - set Specific Code input for plugin: SYS
2023-05-16 15:30:26,846 [INFO] BlockDiagram:2759 - set Specific Code input for plugin: RCC
2023-05-16 15:30:26,846 [INFO] BlockDiagram:2759 - set Specific Code input for plugin: NVIC
2023-05-16 15:30:26,847 [INFO] BlockDiagram:2759 - set Specific Code input for plugin: USART
2023-05-16 15:30:26,847 [INFO] BlockDiagram:2759 - set Specific Code input for plugin: USART
2023-05-16 15:30:26,847 [INFO] BlockDiagram:2759 - set Specific Code input for plugin: GPIO
2023-05-16 15:30:26,848 [INFO] CodeGenerator:793 - code generatio: config db path: /opt/st/stm32cubeide_1.12.0/plugins/com.st.stm32cube.common.mx_6.8.0.202302231600//db/
2023-05-16 15:30:27,044 [INFO] CodeEngine:255 - oldGeneratedFile, /home/brati/Downloads/ESP8266_WebServer_Interface/MXTmpFiles/license.tmp_save
2023-05-16 15:30:27,092 [INFO] CodeEngine:279 - Generated code: /home/brati/Downloads/ESP8266_WebServer_Interface/MXTmpFiles/license.tmp
2023-05-16 15:30:27,105 [INFO] CodeEngine:255 - oldGeneratedFile, /home/brati/Downloads/ESP8266_WebServer_Interface/MXTmpFiles/gpio.tmp_save
2023-05-16 15:30:27,152 [INFO] CodeEngine:279 - Generated code: /home/brati/Downloads/ESP8266_WebServer_Interface/MXTmpFiles/gpio.tmp
2023-05-16 15:30:27,209 [INFO] CodeEngine:255 - oldGeneratedFile, /home/brati/Downloads/ESP8266_WebServer_Interface/Core/Src/stm32f4xx_it.c_save
2023-05-16 15:30:27,265 [INFO] CodeEngine:279 - Generated code: /home/brati/Downloads/ESP8266_WebServer_Interface/Core/Src/stm32f4xx_it.c
2023-05-16 15:30:27,266 [INFO] CodeEngine:255 - oldGeneratedFile, /home/brati/Downloads/ESP8266_WebServer_Interface/Core/Inc/stm32f4xx_it.h_save
2023-05-16 15:30:27,307 [INFO] CodeEngine:279 - Generated code: /home/brati/Downloads/ESP8266_WebServer_Interface/Core/Inc/stm32f4xx_it.h
2023-05-16 15:30:27,308 [INFO] CodeEngine:255 - oldGeneratedFile, /home/brati/Downloads/ESP8266_WebServer_Interface/Core/Src/stm32f4xx_hal_msp.c_save
2023-05-16 15:30:27,369 [INFO] CodeEngine:279 - Generated code: /home/brati/Downloads/ESP8266_WebServer_Interface/Core/Src/stm32f4xx_hal_msp.c
2023-05-16 15:30:27,370 [INFO] CodeEngine:255 - oldGeneratedFile, /home/brati/Downloads/ESP8266_WebServer_Interface/MXTmpFiles/system.tmp_save
2023-05-16 15:30:27,409 [INFO] CodeEngine:279 - Generated code: /home/brati/Downloads/ESP8266_WebServer_Interface/MXTmpFiles/system.tmp
2023-05-16 15:30:27,410 [INFO] CodeEngine:311 - oldGeneratedFile, /home/brati/Downloads/ESP8266_WebServer_Interface/Core/Inc/stm32f4xx_hal_conf.h_save
2023-05-16 15:30:27,456 [INFO] CodeEngine:335 - Generated code: /home/brati/Downloads/ESP8266_WebServer_Interface/Core/Inc/stm32f4xx_hal_conf.h
2023-05-16 15:30:27,475 [WARN] IPConfigManager:2937 - Warning: the RefConfig PLL2P_FOR_MCO is not available in your config.xml file
2023-05-16 15:30:27,479 [INFO] CodeEngine:255 - oldGeneratedFile, /home/brati/Downloads/ESP8266_WebServer_Interface/Core/Inc/main.h_save
2023-05-16 15:30:27,523 [INFO] CodeEngine:279 - Generated code: /home/brati/Downloads/ESP8266_WebServer_Interface/Core/Inc/main.h
2023-05-16 15:30:27,523 [INFO] CodeEngine:255 - oldGeneratedFile, /home/brati/Downloads/ESP8266_WebServer_Interface/Core/Src/main.c_save
2023-05-16 15:30:27,587 [INFO] CodeEngine:279 - Generated code: /home/brati/Downloads/ESP8266_WebServer_Interface/Core/Src/main.c
2023-05-16 15:30:28,004 [INFO] ProjectBuilder:2996 - Time for Copy HAL[1] : 13mS.
2023-05-16 15:30:28,005 [INFO] ProjectBuilder:4304 - Project Generator version: 3.19.2
2023-05-16 15:30:28,175 [INFO] ConfigFileManager:1483 - The Die is : DIE421
2023-05-16 15:30:29,212 [INFO] ProjectBuilder:4505 - Time for Generating toolchain IDE Files: 1207mS.
2023-05-16 15:30:29,212 [INFO] ProjectBuilder:2867 - Time for Copy CMSIS : 0mS.
2023-05-16 15:30:29,213 [INFO] ProjectBuilder:2867 - Time for Copy CMSIS : 0mS.
2023-05-16 15:30:54,547 [INFO] UtilMem:75 - End SaveConfig() Used Memory: 402124520 Bytes (779091968)
2023-05-16 15:30:55,319 [INFO] UtilMem:75 - End SaveConfig() Used Memory: 444067560 Bytes (779091968)
2023-05-16 15:30:56,970 [INFO] UtilMem:75 - End SaveConfig() Used Memory: 523237096 Bytes (779091968)
2023-05-16 15:30:57,181 [INFO] BlockDiagram:2759 - set Specific Code input for plugin: SYS
2023-05-16 15:30:57,182 [INFO] BlockDiagram:2759 - set Specific Code input for plugin: RCC
2023-05-16 15:30:57,182 [INFO] BlockDiagram:2759 - set Specific Code input for plugin: NVIC
2023-05-16 15:30:57,182 [INFO] BlockDiagram:2759 - set Specific Code input for plugin: USART
2023-05-16 15:30:57,182 [INFO] BlockDiagram:2759 - set Specific Code input for plugin: USART
2023-05-16 15:30:57,182 [INFO] BlockDiagram:2759 - set Specific Code input for plugin: GPIO
2023-05-16 15:30:57,183 [INFO] CodeGenerator:793 - code generatio: config db path: /opt/st/stm32cubeide_1.12.0/plugins/com.st.stm32cube.common.mx_6.8.0.202302231600//db/
2023-05-16 15:30:57,312 [INFO] CodeEngine:255 - oldGeneratedFile, /home/brati/Downloads/ESP8266_WebServer_Interface/MXTmpFiles/license.tmp_save
2023-05-16 15:30:57,353 [INFO] CodeEngine:279 - Generated code: /home/brati/Downloads/ESP8266_WebServer_Interface/MXTmpFiles/license.tmp
2023-05-16 15:30:57,364 [INFO] CodeEngine:255 - oldGeneratedFile, /home/brati/Downloads/ESP8266_WebServer_Interface/MXTmpFiles/gpio.tmp_save
2023-05-16 15:30:57,405 [INFO] CodeEngine:279 - Generated code: /home/brati/Downloads/ESP8266_WebServer_Interface/MXTmpFiles/gpio.tmp
2023-05-16 15:30:57,460 [INFO] CodeEngine:255 - oldGeneratedFile, /home/brati/Downloads/ESP8266_WebServer_Interface/Core/Src/stm32f4xx_it.c_save
2023-05-16 15:30:57,515 [INFO] CodeEngine:279 - Generated code: /home/brati/Downloads/ESP8266_WebServer_Interface/Core/Src/stm32f4xx_it.c
2023-05-16 15:30:57,516 [INFO] CodeEngine:255 - oldGeneratedFile, /home/brati/Downloads/ESP8266_WebServer_Interface/Core/Inc/stm32f4xx_it.h_save
2023-05-16 15:30:57,557 [INFO] CodeEngine:279 - Generated code: /home/brati/Downloads/ESP8266_WebServer_Interface/Core/Inc/stm32f4xx_it.h
2023-05-16 15:30:57,559 [INFO] CodeEngine:255 - oldGeneratedFile, /home/brati/Downloads/ESP8266_WebServer_Interface/Core/Src/stm32f4xx_hal_msp.c_save
2023-05-16 15:30:57,620 [INFO] CodeEngine:279 - Generated code: /home/brati/Downloads/ESP8266_WebServer_Interface/Core/Src/stm32f4xx_hal_msp.c
2023-05-16 15:30:57,621 [INFO] CodeEngine:255 - oldGeneratedFile, /home/brati/Downloads/ESP8266_WebServer_Interface/MXTmpFiles/system.tmp_save
2023-05-16 15:30:57,660 [INFO] CodeEngine:279 - Generated code: /home/brati/Downloads/ESP8266_WebServer_Interface/MXTmpFiles/system.tmp
2023-05-16 15:30:57,662 [INFO] CodeEngine:311 - oldGeneratedFile, /home/brati/Downloads/ESP8266_WebServer_Interface/Core/Inc/stm32f4xx_hal_conf.h_save
2023-05-16 15:30:57,786 [INFO] CodeEngine:335 - Generated code: /home/brati/Downloads/ESP8266_WebServer_Interface/Core/Inc/stm32f4xx_hal_conf.h
2023-05-16 15:30:57,805 [WARN] IPConfigManager:2937 - Warning: the RefConfig PLL2P_FOR_MCO is not available in your config.xml file
2023-05-16 15:30:57,809 [INFO] CodeEngine:255 - oldGeneratedFile, /home/brati/Downloads/ESP8266_WebServer_Interface/Core/Inc/main.h_save
2023-05-16 15:30:57,848 [INFO] CodeEngine:279 - Generated code: /home/brati/Downloads/ESP8266_WebServer_Interface/Core/Inc/main.h
2023-05-16 15:30:57,848 [INFO] CodeEngine:255 - oldGeneratedFile, /home/brati/Downloads/ESP8266_WebServer_Interface/Core/Src/main.c_save
2023-05-16 15:30:57,904 [INFO] CodeEngine:279 - Generated code: /home/brati/Downloads/ESP8266_WebServer_Interface/Core/Src/main.c
2023-05-16 15:30:58,260 [INFO] ProjectBuilder:2996 - Time for Copy HAL[1] : 11mS.
2023-05-16 15:30:58,261 [INFO] ProjectBuilder:4304 - Project Generator version: 3.19.2
2023-05-16 15:30:58,488 [INFO] ConfigFileManager:1483 - The Die is : DIE421
2023-05-16 15:30:59,523 [INFO] ProjectBuilder:4505 - Time for Generating toolchain IDE Files: 1262mS.
2023-05-16 15:30:59,523 [INFO] ProjectBuilder:2867 - Time for Copy CMSIS : 0mS.
2023-05-16 15:30:59,524 [INFO] ProjectBuilder:2867 - Time for Copy CMSIS : 0mS.
2023-05-16 15:31:33,470 [INFO] UtilMem:75 - End SaveConfig() Used Memory: 330082152 Bytes (819986432)
2023-05-16 15:31:34,741 [INFO] UtilMem:75 - End SaveConfig() Used Memory: 422356840 Bytes (819986432)
2023-05-16 15:31:35,589 [INFO] UtilMem:75 - End SaveConfig() Used Memory: 499163000 Bytes (819986432)
2023-05-16 15:31:35,716 [INFO] BlockDiagram:2759 - set Specific Code input for plugin: SYS
2023-05-16 15:31:35,717 [INFO] BlockDiagram:2759 - set Specific Code input for plugin: RCC
2023-05-16 15:31:35,717 [INFO] BlockDiagram:2759 - set Specific Code input for plugin: NVIC
2023-05-16 15:31:35,717 [INFO] BlockDiagram:2759 - set Specific Code input for plugin: USART
2023-05-16 15:31:35,717 [INFO] BlockDiagram:2759 - set Specific Code input for plugin: USART
2023-05-16 15:31:35,717 [INFO] BlockDiagram:2759 - set Specific Code input for plugin: GPIO
2023-05-16 15:31:35,717 [INFO] CodeGenerator:793 - code generatio: config db path: /opt/st/stm32cubeide_1.12.0/plugins/com.st.stm32cube.common.mx_6.8.0.202302231600//db/
2023-05-16 15:31:35,916 [INFO] CodeEngine:255 - oldGeneratedFile, /home/brati/Downloads/ESP8266_WebServer_Interface/MXTmpFiles/license.tmp_save
2023-05-16 15:31:35,955 [INFO] CodeEngine:279 - Generated code: /home/brati/Downloads/ESP8266_WebServer_Interface/MXTmpFiles/license.tmp
2023-05-16 15:31:35,985 [INFO] CodeEngine:255 - oldGeneratedFile, /home/brati/Downloads/ESP8266_WebServer_Interface/MXTmpFiles/gpio.tmp_save
2023-05-16 15:31:36,024 [INFO] CodeEngine:279 - Generated code: /home/brati/Downloads/ESP8266_WebServer_Interface/MXTmpFiles/gpio.tmp
2023-05-16 15:31:36,071 [INFO] CodeEngine:255 - oldGeneratedFile, /home/brati/Downloads/ESP8266_WebServer_Interface/Core/Src/stm32f4xx_it.c_save
2023-05-16 15:31:36,120 [INFO] CodeEngine:279 - Generated code: /home/brati/Downloads/ESP8266_WebServer_Interface/Core/Src/stm32f4xx_it.c
2023-05-16 15:31:36,121 [INFO] CodeEngine:255 - oldGeneratedFile, /home/brati/Downloads/ESP8266_WebServer_Interface/Core/Inc/stm32f4xx_it.h_save
2023-05-16 15:31:36,156 [INFO] CodeEngine:279 - Generated code: /home/brati/Downloads/ESP8266_WebServer_Interface/Core/Inc/stm32f4xx_it.h
2023-05-16 15:31:36,158 [INFO] CodeEngine:255 - oldGeneratedFile, /home/brati/Downloads/ESP8266_WebServer_Interface/Core/Src/stm32f4xx_hal_msp.c_save
2023-05-16 15:31:36,209 [INFO] CodeEngine:279 - Generated code: /home/brati/Downloads/ESP8266_WebServer_Interface/Core/Src/stm32f4xx_hal_msp.c
2023-05-16 15:31:36,209 [INFO] CodeEngine:255 - oldGeneratedFile, /home/brati/Downloads/ESP8266_WebServer_Interface/MXTmpFiles/system.tmp_save
2023-05-16 15:31:36,243 [INFO] CodeEngine:279 - Generated code: /home/brati/Downloads/ESP8266_WebServer_Interface/MXTmpFiles/system.tmp
2023-05-16 15:31:36,245 [INFO] CodeEngine:311 - oldGeneratedFile, /home/brati/Downloads/ESP8266_WebServer_Interface/Core/Inc/stm32f4xx_hal_conf.h_save
2023-05-16 15:31:36,284 [INFO] CodeEngine:335 - Generated code: /home/brati/Downloads/ESP8266_WebServer_Interface/Core/Inc/stm32f4xx_hal_conf.h
2023-05-16 15:31:36,301 [WARN] IPConfigManager:2937 - Warning: the RefConfig PLL2P_FOR_MCO is not available in your config.xml file
2023-05-16 15:31:36,304 [INFO] CodeEngine:255 - oldGeneratedFile, /home/brati/Downloads/ESP8266_WebServer_Interface/Core/Inc/main.h_save
2023-05-16 15:31:36,342 [INFO] CodeEngine:279 - Generated code: /home/brati/Downloads/ESP8266_WebServer_Interface/Core/Inc/main.h
2023-05-16 15:31:36,343 [INFO] CodeEngine:255 - oldGeneratedFile, /home/brati/Downloads/ESP8266_WebServer_Interface/Core/Src/main.c_save
2023-05-16 15:31:36,396 [INFO] CodeEngine:279 - Generated code: /home/brati/Downloads/ESP8266_WebServer_Interface/Core/Src/main.c
2023-05-16 15:31:36,812 [INFO] ProjectBuilder:2996 - Time for Copy HAL[1] : 16mS.
2023-05-16 15:31:36,813 [INFO] ProjectBuilder:4304 - Project Generator version: 3.19.2
2023-05-16 15:31:37,004 [INFO] ConfigFileManager:1483 - The Die is : DIE421
2023-05-16 15:31:37,902 [INFO] ProjectBuilder:4505 - Time for Generating toolchain IDE Files: 1088mS.
2023-05-16 15:31:37,902 [INFO] ProjectBuilder:2867 - Time for Copy CMSIS : 0mS.
2023-05-16 15:31:37,903 [INFO] ProjectBuilder:2867 - Time for Copy CMSIS : 0mS.
2023-05-16 15:32:02,770 [INFO] UtilMem:75 - End SaveConfig() Used Memory: 338320224 Bytes (852492288)
2023-05-16 15:32:03,701 [INFO] UtilMem:75 - End SaveConfig() Used Memory: 508189536 Bytes (852492288)
2023-05-16 15:32:04,672 [INFO] UtilMem:75 - End SaveConfig() Used Memory: 578179952 Bytes (852492288)
2023-05-16 15:32:04,852 [INFO] BlockDiagram:2759 - set Specific Code input for plugin: SYS
2023-05-16 15:32:04,852 [INFO] BlockDiagram:2759 - set Specific Code input for plugin: RCC
2023-05-16 15:32:04,852 [INFO] BlockDiagram:2759 - set Specific Code input for plugin: NVIC
2023-05-16 15:32:04,853 [INFO] BlockDiagram:2759 - set Specific Code input for plugin: USART
2023-05-16 15:32:04,853 [INFO] BlockDiagram:2759 - set Specific Code input for plugin: USART
2023-05-16 15:32:04,853 [INFO] BlockDiagram:2759 - set Specific Code input for plugin: GPIO
2023-05-16 15:32:04,853 [INFO] CodeGenerator:793 - code generatio: config db path: /opt/st/stm32cubeide_1.12.0/plugins/com.st.stm32cube.common.mx_6.8.0.202302231600//db/
2023-05-16 15:32:05,022 [INFO] CodeEngine:255 - oldGeneratedFile, /home/brati/Downloads/ESP8266_WebServer_Interface/MXTmpFiles/license.tmp_save
2023-05-16 15:32:05,060 [INFO] CodeEngine:279 - Generated code: /home/brati/Downloads/ESP8266_WebServer_Interface/MXTmpFiles/license.tmp
2023-05-16 15:32:05,069 [INFO] CodeEngine:255 - oldGeneratedFile, /home/brati/Downloads/ESP8266_WebServer_Interface/MXTmpFiles/gpio.tmp_save
2023-05-16 15:32:05,107 [INFO] CodeEngine:279 - Generated code: /home/brati/Downloads/ESP8266_WebServer_Interface/MXTmpFiles/gpio.tmp
2023-05-16 15:32:05,152 [INFO] CodeEngine:255 - oldGeneratedFile, /home/brati/Downloads/ESP8266_WebServer_Interface/Core/Src/stm32f4xx_it.c_save
2023-05-16 15:32:05,199 [INFO] CodeEngine:279 - Generated code: /home/brati/Downloads/ESP8266_WebServer_Interface/Core/Src/stm32f4xx_it.c
2023-05-16 15:32:05,199 [INFO] CodeEngine:255 - oldGeneratedFile, /home/brati/Downloads/ESP8266_WebServer_Interface/Core/Inc/stm32f4xx_it.h_save
2023-05-16 15:32:05,234 [INFO] CodeEngine:279 - Generated code: /home/brati/Downloads/ESP8266_WebServer_Interface/Core/Inc/stm32f4xx_it.h
2023-05-16 15:32:05,236 [INFO] CodeEngine:255 - oldGeneratedFile, /home/brati/Downloads/ESP8266_WebServer_Interface/Core/Src/stm32f4xx_hal_msp.c_save
2023-05-16 15:32:05,313 [INFO] CodeEngine:279 - Generated code: /home/brati/Downloads/ESP8266_WebServer_Interface/Core/Src/stm32f4xx_hal_msp.c
2023-05-16 15:32:05,314 [INFO] CodeEngine:255 - oldGeneratedFile, /home/brati/Downloads/ESP8266_WebServer_Interface/MXTmpFiles/system.tmp_save
2023-05-16 15:32:05,348 [INFO] CodeEngine:279 - Generated code: /home/brati/Downloads/ESP8266_WebServer_Interface/MXTmpFiles/system.tmp
2023-05-16 15:32:05,349 [INFO] CodeEngine:311 - oldGeneratedFile, /home/brati/Downloads/ESP8266_WebServer_Interface/Core/Inc/stm32f4xx_hal_conf.h_save
2023-05-16 15:32:05,409 [INFO] CodeEngine:335 - Generated code: /home/brati/Downloads/ESP8266_WebServer_Interface/Core/Inc/stm32f4xx_hal_conf.h
2023-05-16 15:32:05,424 [WARN] IPConfigManager:2937 - Warning: the RefConfig PLL2P_FOR_MCO is not available in your config.xml file
2023-05-16 15:32:05,427 [INFO] CodeEngine:255 - oldGeneratedFile, /home/brati/Downloads/ESP8266_WebServer_Interface/Core/Inc/main.h_save
2023-05-16 15:32:05,464 [INFO] CodeEngine:279 - Generated code: /home/brati/Downloads/ESP8266_WebServer_Interface/Core/Inc/main.h
2023-05-16 15:32:05,465 [INFO] CodeEngine:255 - oldGeneratedFile, /home/brati/Downloads/ESP8266_WebServer_Interface/Core/Src/main.c_save
2023-05-16 15:32:05,516 [INFO] CodeEngine:279 - Generated code: /home/brati/Downloads/ESP8266_WebServer_Interface/Core/Src/main.c
2023-05-16 15:32:05,862 [INFO] ProjectBuilder:2996 - Time for Copy HAL[1] : 11mS.
2023-05-16 15:32:05,863 [INFO] ProjectBuilder:4304 - Project Generator version: 3.19.2
2023-05-16 15:32:06,087 [INFO] ConfigFileManager:1483 - The Die is : DIE421
2023-05-16 15:32:06,957 [INFO] ProjectBuilder:4505 - Time for Generating toolchain IDE Files: 1094mS.
2023-05-16 15:32:06,958 [INFO] ProjectBuilder:2867 - Time for Copy CMSIS : 0mS.
2023-05-16 15:32:06,958 [INFO] ProjectBuilder:2867 - Time for Copy CMSIS : 0mS.
2023-05-16 15:33:39,435 [INFO] Gpio:273 - dependency for GPIO [RCC, SYS, USART1, USART2]
2023-05-16 15:33:39,463 [INFO] NvicIntPanel:101 - NVIC parent = com.st.microxplorer.plugins.ip.nvic.MultiNvicIntPanel[,0,0,0x0,invalid,layout=javax.swing.BoxLayout,alignmentX=0.0,alignmentY=0.0,border=,flags=9,maximumSize=,minimumSize=,preferredSize=]
2023-05-16 15:33:51,269 [INFO] Gpio:273 - dependency for GPIO [RCC, SYS, USART1, USART2]
2023-05-16 15:34:23,379 [INFO] UtilMem:75 - End SaveConfig() Used Memory: 555492496 Bytes (882900992)
2023-05-16 15:34:24,423 [INFO] UtilMem:75 - End SaveConfig() Used Memory: 581180560 Bytes (882900992)
2023-05-16 15:34:25,459 [INFO] UtilMem:75 - End SaveConfig() Used Memory: 636232848 Bytes (882900992)
2023-05-16 15:34:25,632 [INFO] BlockDiagram:2759 - set Specific Code input for plugin: SYS
2023-05-16 15:34:25,632 [INFO] BlockDiagram:2759 - set Specific Code input for plugin: RCC
2023-05-16 15:34:25,632 [INFO] BlockDiagram:2759 - set Specific Code input for plugin: NVIC
2023-05-16 15:34:25,632 [INFO] BlockDiagram:2759 - set Specific Code input for plugin: USART
2023-05-16 15:34:25,632 [INFO] BlockDiagram:2759 - set Specific Code input for plugin: USART
2023-05-16 15:34:25,632 [INFO] BlockDiagram:2759 - set Specific Code input for plugin: GPIO
2023-05-16 15:34:25,633 [INFO] CodeGenerator:793 - code generatio: config db path: /opt/st/stm32cubeide_1.12.0/plugins/com.st.stm32cube.common.mx_6.8.0.202302231600//db/
2023-05-16 15:34:25,813 [INFO] CodeEngine:255 - oldGeneratedFile, /home/brati/Downloads/ESP8266_WebServer_Interface/MXTmpFiles/license.tmp_save
2023-05-16 15:34:25,849 [INFO] CodeEngine:279 - Generated code: /home/brati/Downloads/ESP8266_WebServer_Interface/MXTmpFiles/license.tmp
2023-05-16 15:34:25,857 [INFO] CodeEngine:255 - oldGeneratedFile, /home/brati/Downloads/ESP8266_WebServer_Interface/MXTmpFiles/gpio.tmp_save
2023-05-16 15:34:25,896 [INFO] CodeEngine:279 - Generated code: /home/brati/Downloads/ESP8266_WebServer_Interface/MXTmpFiles/gpio.tmp
2023-05-16 15:34:25,942 [INFO] CodeEngine:255 - oldGeneratedFile, /home/brati/Downloads/ESP8266_WebServer_Interface/Core/Src/stm32f4xx_it.c_save
2023-05-16 15:34:25,993 [INFO] CodeEngine:279 - Generated code: /home/brati/Downloads/ESP8266_WebServer_Interface/Core/Src/stm32f4xx_it.c
2023-05-16 15:34:25,994 [INFO] CodeEngine:255 - oldGeneratedFile, /home/brati/Downloads/ESP8266_WebServer_Interface/Core/Inc/stm32f4xx_it.h_save
2023-05-16 15:34:26,033 [INFO] CodeEngine:279 - Generated code: /home/brati/Downloads/ESP8266_WebServer_Interface/Core/Inc/stm32f4xx_it.h
2023-05-16 15:34:26,035 [INFO] CodeEngine:255 - oldGeneratedFile, /home/brati/Downloads/ESP8266_WebServer_Interface/Core/Src/stm32f4xx_hal_msp.c_save
2023-05-16 15:34:26,088 [INFO] CodeEngine:279 - Generated code: /home/brati/Downloads/ESP8266_WebServer_Interface/Core/Src/stm32f4xx_hal_msp.c
2023-05-16 15:34:26,089 [INFO] CodeEngine:255 - oldGeneratedFile, /home/brati/Downloads/ESP8266_WebServer_Interface/MXTmpFiles/system.tmp_save
2023-05-16 15:34:26,125 [INFO] CodeEngine:279 - Generated code: /home/brati/Downloads/ESP8266_WebServer_Interface/MXTmpFiles/system.tmp
2023-05-16 15:34:26,126 [INFO] CodeEngine:311 - oldGeneratedFile, /home/brati/Downloads/ESP8266_WebServer_Interface/Core/Inc/stm32f4xx_hal_conf.h_save
2023-05-16 15:34:26,167 [INFO] CodeEngine:335 - Generated code: /home/brati/Downloads/ESP8266_WebServer_Interface/Core/Inc/stm32f4xx_hal_conf.h
2023-05-16 15:34:26,183 [WARN] IPConfigManager:2937 - Warning: the RefConfig PLL2P_FOR_MCO is not available in your config.xml file
2023-05-16 15:34:26,186 [INFO] CodeEngine:255 - oldGeneratedFile, /home/brati/Downloads/ESP8266_WebServer_Interface/Core/Inc/main.h_save
2023-05-16 15:34:26,225 [INFO] CodeEngine:279 - Generated code: /home/brati/Downloads/ESP8266_WebServer_Interface/Core/Inc/main.h
2023-05-16 15:34:26,226 [INFO] CodeEngine:255 - oldGeneratedFile, /home/brati/Downloads/ESP8266_WebServer_Interface/Core/Src/main.c_save
2023-05-16 15:34:26,277 [INFO] CodeEngine:279 - Generated code: /home/brati/Downloads/ESP8266_WebServer_Interface/Core/Src/main.c
2023-05-16 15:34:26,694 [INFO] ProjectBuilder:2996 - Time for Copy HAL[1] : 17mS.
2023-05-16 15:34:26,696 [INFO] ProjectBuilder:4304 - Project Generator version: 3.19.2
2023-05-16 15:34:26,916 [INFO] ConfigFileManager:1483 - The Die is : DIE421
2023-05-16 15:34:27,731 [INFO] ProjectBuilder:4505 - Time for Generating toolchain IDE Files: 1036mS.
2023-05-16 15:34:27,732 [INFO] ProjectBuilder:2867 - Time for Copy CMSIS : 0mS.
2023-05-16 15:34:27,732 [INFO] ProjectBuilder:2867 - Time for Copy CMSIS : 0mS.
2023-05-16 15:48:20,627 [INFO] Gpio:273 - dependency for GPIO [RCC, SYS, USART1, USART2]
2023-05-16 15:48:20,661 [INFO] NvicIntPanel:101 - NVIC parent = com.st.microxplorer.plugins.ip.nvic.MultiNvicIntPanel[,0,0,0x0,invalid,layout=javax.swing.BoxLayout,alignmentX=0.0,alignmentY=0.0,border=,flags=9,maximumSize=,minimumSize=,preferredSize=]
2023-05-16 15:48:22,832 [INFO] UtilMem:75 - End SaveConfig() Used Memory: 624274328 Bytes (898629632)
2023-05-16 15:48:24,204 [INFO] UtilMem:75 - End SaveConfig() Used Memory: 649440152 Bytes (898629632)
2023-05-16 15:48:25,290 [INFO] UtilMem:75 - End SaveConfig() Used Memory: 707111832 Bytes (898629632)
2023-05-16 15:48:25,438 [INFO] BlockDiagram:2759 - set Specific Code input for plugin: SYS
2023-05-16 15:48:25,438 [INFO] BlockDiagram:2759 - set Specific Code input for plugin: RCC
2023-05-16 15:48:25,438 [INFO] BlockDiagram:2759 - set Specific Code input for plugin: NVIC
2023-05-16 15:48:25,439 [INFO] BlockDiagram:2759 - set Specific Code input for plugin: USART
2023-05-16 15:48:25,439 [INFO] BlockDiagram:2759 - set Specific Code input for plugin: USART
2023-05-16 15:48:25,439 [INFO] BlockDiagram:2759 - set Specific Code input for plugin: GPIO
2023-05-16 15:48:25,439 [INFO] CodeGenerator:793 - code generatio: config db path: /opt/st/stm32cubeide_1.12.0/plugins/com.st.stm32cube.common.mx_6.8.0.202302231600//db/
2023-05-16 15:48:25,627 [INFO] CodeEngine:255 - oldGeneratedFile, /home/brati/Downloads/ESP8266_WebServer_Interface/MXTmpFiles/license.tmp_save
2023-05-16 15:48:25,688 [INFO] CodeEngine:279 - Generated code: /home/brati/Downloads/ESP8266_WebServer_Interface/MXTmpFiles/license.tmp
2023-05-16 15:48:25,697 [INFO] CodeEngine:255 - oldGeneratedFile, /home/brati/Downloads/ESP8266_WebServer_Interface/MXTmpFiles/gpio.tmp_save
2023-05-16 15:48:25,746 [INFO] CodeEngine:279 - Generated code: /home/brati/Downloads/ESP8266_WebServer_Interface/MXTmpFiles/gpio.tmp
2023-05-16 15:48:25,803 [INFO] CodeEngine:255 - oldGeneratedFile, /home/brati/Downloads/ESP8266_WebServer_Interface/Core/Src/stm32f4xx_it.c_save
2023-05-16 15:48:25,923 [INFO] CodeEngine:279 - Generated code: /home/brati/Downloads/ESP8266_WebServer_Interface/Core/Src/stm32f4xx_it.c
2023-05-16 15:48:25,924 [INFO] CodeEngine:255 - oldGeneratedFile, /home/brati/Downloads/ESP8266_WebServer_Interface/Core/Inc/stm32f4xx_it.h_save
2023-05-16 15:48:25,963 [INFO] CodeEngine:279 - Generated code: /home/brati/Downloads/ESP8266_WebServer_Interface/Core/Inc/stm32f4xx_it.h
2023-05-16 15:48:25,964 [INFO] CodeEngine:255 - oldGeneratedFile, /home/brati/Downloads/ESP8266_WebServer_Interface/Core/Src/stm32f4xx_hal_msp.c_save
2023-05-16 15:48:26,025 [INFO] CodeEngine:279 - Generated code: /home/brati/Downloads/ESP8266_WebServer_Interface/Core/Src/stm32f4xx_hal_msp.c
2023-05-16 15:48:26,026 [INFO] CodeEngine:255 - oldGeneratedFile, /home/brati/Downloads/ESP8266_WebServer_Interface/MXTmpFiles/system.tmp_save
2023-05-16 15:48:26,063 [INFO] CodeEngine:279 - Generated code: /home/brati/Downloads/ESP8266_WebServer_Interface/MXTmpFiles/system.tmp
2023-05-16 15:48:26,064 [INFO] CodeEngine:311 - oldGeneratedFile, /home/brati/Downloads/ESP8266_WebServer_Interface/Core/Inc/stm32f4xx_hal_conf.h_save
2023-05-16 15:48:26,106 [INFO] CodeEngine:335 - Generated code: /home/brati/Downloads/ESP8266_WebServer_Interface/Core/Inc/stm32f4xx_hal_conf.h
2023-05-16 15:48:26,124 [WARN] IPConfigManager:2937 - Warning: the RefConfig PLL2P_FOR_MCO is not available in your config.xml file
2023-05-16 15:48:26,127 [INFO] CodeEngine:255 - oldGeneratedFile, /home/brati/Downloads/ESP8266_WebServer_Interface/Core/Inc/main.h_save
2023-05-16 15:48:26,179 [INFO] CodeEngine:279 - Generated code: /home/brati/Downloads/ESP8266_WebServer_Interface/Core/Inc/main.h
2023-05-16 15:48:26,180 [INFO] CodeEngine:255 - oldGeneratedFile, /home/brati/Downloads/ESP8266_WebServer_Interface/Core/Src/main.c_save
2023-05-16 15:48:26,241 [INFO] CodeEngine:279 - Generated code: /home/brati/Downloads/ESP8266_WebServer_Interface/Core/Src/main.c
2023-05-16 15:48:26,648 [INFO] ProjectBuilder:2996 - Time for Copy HAL[1] : 11mS.
2023-05-16 15:48:26,648 [INFO] ProjectBuilder:4304 - Project Generator version: 3.19.2
2023-05-16 15:48:26,806 [INFO] ConfigFileManager:1483 - The Die is : DIE421
2023-05-16 15:48:27,673 [INFO] ProjectBuilder:4505 - Time for Generating toolchain IDE Files: 1025mS.
2023-05-16 15:48:27,673 [INFO] ProjectBuilder:2867 - Time for Copy CMSIS : 0mS.
2023-05-16 15:48:27,674 [INFO] ProjectBuilder:2867 - Time for Copy CMSIS : 0mS.
2023-05-16 17:54:15,727 [INFO] MainUpdater:2854 - connection check result : 10
2023-05-16 17:54:15,727 [INFO] MainUpdater:2854 - connection check result : 10
2023-05-16 17:54:15,750 [INFO] MicroXplorer:468 - Change Database Path : 
2023-05-16 17:54:15,750 [INFO] MicroXplorer:498 - Change Database Version : DB.6.0.80
2023-05-16 17:54:15,762 [WARN] ThirdParty:871 - waiting for thirdparty lock release [close project]
2023-05-16 17:54:15,762 [INFO] ThirdParty:873 - entering critical section [close project]
2023-05-16 17:54:15,762 [INFO] ThirdParty:883 - exiting critical section [close project]
2023-05-16 17:54:15,763 [INFO] PinOutPanel:1499 - setPackage(No Configuration,No Configuration)
2023-05-16 17:54:15,768 [WARN] IpParametersView:150 - Warning: This peripheral hasn't parameters
2023-05-16 17:54:15,770 [WARN] MainPanel:257 - <html><b><center>Warning: This peripheral has no parameters to be configured<br></b></html>
2023-05-16 17:54:15,773 [INFO] UtilMem:75 - Begin LoadConfig() Used Memory: 442203576 Bytes (811597824)
2023-05-16 17:54:28,215 [INFO] MicroXplorer:468 - Change Database Path : 
2023-05-16 17:54:28,215 [INFO] MicroXplorer:498 - Change Database Version : DB.6.0.80
2023-05-16 17:54:28,215 [INFO] OpenFileManager:308 - Change cursor
2023-05-16 17:54:28,224 [INFO] RulesReader:64 - Compatibility file has been processed (293 Rules)
2023-05-16 17:54:28,226 [INFO] Mcu:1937 - Initializing MCU STM32F411R(C-E)Tx STM32F411RETx STM32F411RET6
2023-05-16 17:54:28,755 [INFO] Context:659 - Trying to add GPIOservice into a context  which must be forbidden
2023-05-16 17:54:28,938 [INFO] Rule:228 - rule WakeUp0 Mode is applicable
2023-05-16 17:54:28,938 [INFO] Rule:228 - rule WakeUp0 SIGNAL is applicable
2023-05-16 17:54:28,938 [INFO] Rule:228 - rule WakeUp1 Mode is applicable
2023-05-16 17:54:28,938 [INFO] Rule:228 - rule WakeUp1 SIGNAL is applicable
2023-05-16 17:54:28,938 [INFO] Rule:228 - rule WakeUp2 Mode is applicable
2023-05-16 17:54:28,938 [INFO] Rule:228 - rule WakeUp2 SIGNAL is applicable
2023-05-16 17:54:28,939 [INFO] Rule:228 - rule WakeUp4 Mode is applicable
2023-05-16 17:54:28,939 [INFO] Rule:228 - rule WakeUp4 SIGNAL is applicable
2023-05-16 17:54:28,939 [INFO] Rule:228 - rule WakeUp5 Mode is applicable
2023-05-16 17:54:28,939 [INFO] Rule:228 - rule WakeUp5 SIGNAL is applicable
2023-05-16 17:54:28,941 [INFO] DbConfProperties:307 - Apply Compatibility (0/10 Rules)
2023-05-16 17:54:29,089 [INFO] RtosManager:555 - Registered RTOS mode: class=CMSIS, group=RTOS, mode=CMSIS_V1, owner=FREERTOS
2023-05-16 17:54:29,089 [INFO] RtosManager:555 - Registered RTOS mode: class=CMSIS, group=RTOS2, mode=CMSIS_V2, owner=FREERTOS
2023-05-16 17:54:29,090 [INFO] RtosManager:555 - Registered RTOS mode: class=RTOS, group=Core, mode=CMSIS_V1, owner=FREERTOS
2023-05-16 17:54:29,090 [INFO] RtosManager:555 - Registered RTOS mode: class=RTOS, group=Core, mode=CMSIS_V2, owner=FREERTOS
2023-05-16 17:54:29,090 [WARN] ModelIntegratedComponent:184 - Missing modes for component STMicroelectronics:FreeRTOS:0.0.1:STMicroelectronics:RTOS:FreeRTOS:Core:::10.2.0:
2023-05-16 17:54:29,094 [WARN] ModelIntegratedComponent:182 - Modes not found for component STMicroelectronics:USB_HOST:1.0.0:STMicroelectronics:USB::USB Host:Audio HS::1.0:USB_HOST_1_0_RESTRICTED_HS
2023-05-16 17:54:29,094 [WARN] ModelIntegratedComponent:188 - Modes not found for component STMicroelectronics:USB_HOST:1.0.0:STMicroelectronics:USB::USB Host:Audio HS::1.0:USB_HOST_1_0_RESTRICTED_HS
2023-05-16 17:54:29,094 [WARN] ModelIntegratedComponent:182 - Modes not found for component STMicroelectronics:USB_HOST:1.0.0:STMicroelectronics:USB::USB Host:CDC HS::1.0:USB_HOST_1_0_RESTRICTED_HS
2023-05-16 17:54:29,094 [WARN] ModelIntegratedComponent:188 - Modes not found for component STMicroelectronics:USB_HOST:1.0.0:STMicroelectronics:USB::USB Host:CDC HS::1.0:USB_HOST_1_0_RESTRICTED_HS
2023-05-16 17:54:29,094 [WARN] ModelIntegratedComponent:182 - Modes not found for component STMicroelectronics:USB_HOST:1.0.0:STMicroelectronics:USB::USB Host:MSC HS::1.0:USB_HOST_1_0_RESTRICTED_HS
2023-05-16 17:54:29,094 [WARN] ModelIntegratedComponent:188 - Modes not found for component STMicroelectronics:USB_HOST:1.0.0:STMicroelectronics:USB::USB Host:MSC HS::1.0:USB_HOST_1_0_RESTRICTED_HS
2023-05-16 17:54:29,094 [WARN] ModelIntegratedComponent:182 - Modes not found for component STMicroelectronics:USB_HOST:1.0.0:STMicroelectronics:USB::USB Host:HID HS::1.0:USB_HOST_1_0_RESTRICTED_HS
2023-05-16 17:54:29,094 [WARN] ModelIntegratedComponent:188 - Modes not found for component STMicroelectronics:USB_HOST:1.0.0:STMicroelectronics:USB::USB Host:HID HS::1.0:USB_HOST_1_0_RESTRICTED_HS
2023-05-16 17:54:29,094 [WARN] ModelIntegratedComponent:182 - Modes not found for component STMicroelectronics:USB_HOST:1.0.0:STMicroelectronics:USB::USB Host:MTP HS::1.0:USB_HOST_1_0_RESTRICTED_HS
2023-05-16 17:54:29,095 [WARN] ModelIntegratedComponent:188 - Modes not found for component STMicroelectronics:USB_HOST:1.0.0:STMicroelectronics:USB::USB Host:MTP HS::1.0:USB_HOST_1_0_RESTRICTED_HS
2023-05-16 17:54:29,100 [WARN] ModelIntegratedComponent:63 - No mode defined for component null
2023-05-16 17:54:29,100 [WARN] ModelIntegratedComponent:63 - No mode defined for component null
2023-05-16 17:54:29,100 [WARN] ModelIntegratedComponent:63 - No mode defined for component null
2023-05-16 17:54:29,100 [WARN] ModelIntegratedComponent:63 - No mode defined for component null
2023-05-16 17:54:29,100 [WARN] ModelIntegratedComponent:63 - No mode defined for component null
2023-05-16 17:54:29,100 [WARN] ModelIntegratedComponent:63 - No mode defined for component null
2023-05-16 17:54:29,100 [WARN] ModelIntegratedComponent:63 - No mode defined for component null
2023-05-16 17:54:29,100 [WARN] ModelIntegratedComponent:63 - No mode defined for component null
2023-05-16 17:54:29,100 [WARN] ModelIntegratedComponent:63 - No mode defined for component null
2023-05-16 17:54:29,100 [WARN] ModelIntegratedComponent:63 - No mode defined for component null
2023-05-16 17:54:29,101 [WARN] ModelIntegratedComponent:63 - No mode defined for component null
2023-05-16 17:54:29,101 [WARN] ModelIntegratedComponent:63 - No mode defined for component null
2023-05-16 17:54:29,101 [WARN] ModelIntegratedComponent:63 - No mode defined for component null
2023-05-16 17:54:29,101 [WARN] ModelIntegratedComponent:63 - No mode defined for component null
2023-05-16 17:54:29,101 [WARN] ModelIntegratedComponent:63 - No mode defined for component null
2023-05-16 17:54:29,101 [WARN] ModelIntegratedComponent:63 - No mode defined for component null
2023-05-16 17:54:29,101 [WARN] ModelIntegratedComponent:63 - No mode defined for component null
2023-05-16 17:54:29,101 [WARN] ModelIntegratedComponent:63 - No mode defined for component null
2023-05-16 17:54:29,101 [WARN] ModelIntegratedComponent:63 - No mode defined for component null
2023-05-16 17:54:29,101 [WARN] ModelIntegratedComponent:63 - No mode defined for component null
2023-05-16 17:54:29,101 [WARN] ModelIntegratedComponent:63 - No mode defined for component null
2023-05-16 17:54:29,101 [WARN] ModelIntegratedComponent:63 - No mode defined for component null
2023-05-16 17:54:29,101 [WARN] ModelIntegratedComponent:63 - No mode defined for component null
2023-05-16 17:54:29,101 [WARN] ModelIntegratedComponent:63 - No mode defined for component null
2023-05-16 17:54:29,101 [WARN] ModelIntegratedComponent:63 - No mode defined for component null
2023-05-16 17:54:29,101 [WARN] ModelIntegratedComponent:63 - No mode defined for component null
2023-05-16 17:54:29,101 [WARN] ModelIntegratedComponent:63 - No mode defined for component null
2023-05-16 17:54:29,101 [WARN] ModelIntegratedComponent:63 - No mode defined for component null
2023-05-16 17:54:29,101 [WARN] ModelIntegratedComponent:63 - No mode defined for component null
2023-05-16 17:54:29,101 [WARN] ModelIntegratedComponent:63 - No mode defined for component null
2023-05-16 17:54:29,101 [WARN] ModelIntegratedComponent:63 - No mode defined for component null
2023-05-16 17:54:29,101 [WARN] ModelIntegratedComponent:63 - No mode defined for component null
2023-05-16 17:54:29,101 [WARN] ModelIntegratedComponent:63 - No mode defined for component null
2023-05-16 17:54:29,105 [WARN] ModelIntegratedComponent:182 - Modes not found for component STMicroelectronics:USB_DEVICE:1.0.0:STMicroelectronics:USB::USB Device:Audio HS::1.0:USB_DEVICE_1_0_RESTRICTED_HS
2023-05-16 17:54:29,105 [WARN] ModelIntegratedComponent:188 - Modes not found for component STMicroelectronics:USB_DEVICE:1.0.0:STMicroelectronics:USB::USB Device:Audio HS::1.0:USB_DEVICE_1_0_RESTRICTED_HS
2023-05-16 17:54:29,106 [WARN] ModelIntegratedComponent:182 - Modes not found for component STMicroelectronics:USB_DEVICE:1.0.0:STMicroelectronics:USB::USB Device:CDC HS::1.0:USB_DEVICE_1_0_RESTRICTED_HS
2023-05-16 17:54:29,106 [WARN] ModelIntegratedComponent:188 - Modes not found for component STMicroelectronics:USB_DEVICE:1.0.0:STMicroelectronics:USB::USB Device:CDC HS::1.0:USB_DEVICE_1_0_RESTRICTED_HS
2023-05-16 17:54:29,106 [WARN] ModelIntegratedComponent:182 - Modes not found for component STMicroelectronics:USB_DEVICE:1.0.0:STMicroelectronics:USB::USB Device:DFU HS::1.0:USB_DEVICE_1_0_RESTRICTED_HS
2023-05-16 17:54:29,106 [WARN] ModelIntegratedComponent:188 - Modes not found for component STMicroelectronics:USB_DEVICE:1.0.0:STMicroelectronics:USB::USB Device:DFU HS::1.0:USB_DEVICE_1_0_RESTRICTED_HS
2023-05-16 17:54:29,106 [WARN] ModelIntegratedComponent:182 - Modes not found for component STMicroelectronics:USB_DEVICE:1.0.0:STMicroelectronics:USB::USB Device:HID HS::1.0:USB_DEVICE_1_0_RESTRICTED_HS
2023-05-16 17:54:29,106 [WARN] ModelIntegratedComponent:188 - Modes not found for component STMicroelectronics:USB_DEVICE:1.0.0:STMicroelectronics:USB::USB Device:HID HS::1.0:USB_DEVICE_1_0_RESTRICTED_HS
2023-05-16 17:54:29,106 [WARN] ModelIntegratedComponent:182 - Modes not found for component STMicroelectronics:USB_DEVICE:1.0.0:STMicroelectronics:USB::USB Device:Custom HID HS::1.0:USB_DEVICE_1_0_RESTRICTED_HS
2023-05-16 17:54:29,106 [WARN] ModelIntegratedComponent:188 - Modes not found for component STMicroelectronics:USB_DEVICE:1.0.0:STMicroelectronics:USB::USB Device:Custom HID HS::1.0:USB_DEVICE_1_0_RESTRICTED_HS
2023-05-16 17:54:29,106 [WARN] ModelIntegratedComponent:182 - Modes not found for component STMicroelectronics:USB_DEVICE:1.0.0:STMicroelectronics:USB::USB Device:MSC HS::1.0:USB_DEVICE_1_0_RESTRICTED_HS
2023-05-16 17:54:29,106 [WARN] ModelIntegratedComponent:188 - Modes not found for component STMicroelectronics:USB_DEVICE:1.0.0:STMicroelectronics:USB::USB Device:MSC HS::1.0:USB_DEVICE_1_0_RESTRICTED_HS
2023-05-16 17:54:29,113 [INFO] ThirdPartyModel:298 - Start build external matchings
2023-05-16 17:54:29,563 [INFO] ThirdPartyModel:316 - End build external matchings
2023-05-16 17:54:29,573 [INFO] ImportTextPane:194 - (OptionalMessage_ERROR) IP (RCC) : Parameter (48MHZClocksFreq_Value) has invalid value (84000000)
2023-05-16 17:54:29,574 [INFO] ImportTextPane:194 - (OptionalMessage_ERROR) IP (RCC) : Parameter (FLatency) has Id (AdvancedSettings) currently not set
2023-05-16 17:54:29,574 [INFO] ImportTextPane:194 - (OptionalMessage_ERROR) IP (RCC) : Parameter (RTCHSEDivFreq_Value) has invalid value (4000000)
2023-05-16 17:54:29,670 [INFO] UtilMem:75 - End LoadConfig() Used Memory: 559569096 Bytes (811597824)
2023-05-16 17:54:29,791 [WARN] ThirdParty:833 - waiting for thirdparty lock release [change project]
2023-05-16 17:54:29,791 [INFO] ThirdParty:835 - entering critical section [change project]
2023-05-16 17:54:29,791 [INFO] ThirdParty:1030 - CMSIS Pack Vendor :STMicroelectronics X-CUBE-ISPU 1.1.0
2023-05-16 17:54:29,791 [INFO] ThirdParty:1030 - CMSIS Pack Vendor :STMicroelectronics X-CUBE-GNSS1 6.0.0
2023-05-16 17:54:29,791 [INFO] ThirdParty:1030 - CMSIS Pack Vendor :STMicroelectronics USB_HOST 2.0.0
2023-05-16 17:54:29,791 [INFO] ThirdParty:1030 - CMSIS Pack Vendor :STMicroelectronics X-CUBE-AZRTOS-F4 1.1.0
2023-05-16 17:54:29,791 [INFO] ThirdParty:1030 - CMSIS Pack Vendor :STMicroelectronics LIBJPEG 8.0.0
2023-05-16 17:54:29,791 [INFO] ThirdParty:1030 - CMSIS Pack Vendor :STMicroelectronics X-CUBE-SMBUS 2.1.0
2023-05-16 17:54:29,791 [INFO] ThirdParty:1030 - CMSIS Pack Vendor :wolfSSL I-CUBE-wolfSSL 5.6.0
2023-05-16 17:54:29,791 [INFO] ThirdParty:1030 - CMSIS Pack Vendor :STMicroelectronics USB_DEVICE 3.0.0
2023-05-16 17:54:29,791 [INFO] ThirdParty:1030 - CMSIS Pack Vendor :STMicroelectronics X-CUBE-AI 8.0.0
2023-05-16 17:54:29,791 [INFO] ThirdParty:1030 - CMSIS Pack Vendor :STMicroelectronics X-CUBE-FREERTOS 1.0.1
2023-05-16 17:54:29,791 [INFO] ThirdParty:1030 - CMSIS Pack Vendor :STMicroelectronics X-CUBE-TOUCHGFX 4.21.3
2023-05-16 17:54:29,791 [INFO] ThirdParty:1030 - CMSIS Pack Vendor :STMicroelectronics X-CUBE-AZRTOS-F7 1.1.0
2023-05-16 17:54:29,791 [INFO] ThirdParty:1030 - CMSIS Pack Vendor :STMicroelectronics X-CUBE-TOUCHGFX 4.21.4
2023-05-16 17:54:29,791 [INFO] ThirdParty:1030 - CMSIS Pack Vendor :STMicroelectronics USB_DEVICE 2.0.0
2023-05-16 17:54:29,791 [INFO] ThirdParty:1030 - CMSIS Pack Vendor :STMicroelectronics X-CUBE-MEMS1 9.6.0
2023-05-16 17:54:29,791 [INFO] ThirdParty:1030 - CMSIS Pack Vendor :STMicroelectronics FP-SNS-MOTENV1 4.3.0
2023-05-16 17:54:29,791 [INFO] ThirdParty:1030 - CMSIS Pack Vendor :STMicroelectronics FP-SNS-FLIGHT1 5.0.0
2023-05-16 17:54:29,791 [INFO] ThirdParty:1030 - CMSIS Pack Vendor :STMicroelectronics X-CUBE-ALGOBUILD 1.3.0
2023-05-16 17:54:29,791 [INFO] ThirdParty:1030 - CMSIS Pack Vendor :STMicroelectronics X-CUBE-BLE1 6.2.4
2023-05-16 17:54:29,791 [INFO] ThirdParty:1030 - CMSIS Pack Vendor :STMicroelectronics X-CUBE-AZRTOS-L5 1.1.0
2023-05-16 17:54:29,791 [INFO] ThirdParty:1030 - CMSIS Pack Vendor :STMicroelectronics FreeRTOS 0.0.1
2023-05-16 17:54:29,791 [INFO] ThirdParty:1030 - CMSIS Pack Vendor :emotas I-CUBE-CANOPEN 1.1.3
2023-05-16 17:54:29,791 [INFO] ThirdParty:1030 - CMSIS Pack Vendor :STMicroelectronics X-CUBE-AZRTOS-G0 1.1.0
2023-05-16 17:54:29,791 [INFO] ThirdParty:1030 - CMSIS Pack Vendor :STMicroelectronics X-CUBE-BLEMGR 2.0.0
2023-05-16 17:54:29,792 [INFO] ThirdParty:1030 - CMSIS Pack Vendor :STMicroelectronics X-CUBE-AI 8.0.1
2023-05-16 17:54:29,792 [INFO] ThirdParty:1030 - CMSIS Pack Vendor :STMicroelectronics X-CUBE-SUBG2 5.0.0
2023-05-16 17:54:29,792 [INFO] ThirdParty:1030 - CMSIS Pack Vendor :STMicroelectronics X-CUBE-NFC4 3.0.0
2023-05-16 17:54:29,792 [INFO] ThirdParty:1030 - CMSIS Pack Vendor :STMicroelectronics STM32_WPAN 1.0.0
2023-05-16 17:54:29,792 [INFO] ThirdParty:1030 - CMSIS Pack Vendor :STMicroelectronics lwIP 2.0.3
2023-05-16 17:54:29,792 [INFO] ThirdParty:1030 - CMSIS Pack Vendor :STMicroelectronics USB_HOST 1.0.0
2023-05-16 17:54:29,792 [INFO] ThirdParty:1030 - CMSIS Pack Vendor :STMicroelectronics X-CUBE-AZRTOS-G4 2.0.0
2023-05-16 17:54:29,792 [INFO] ThirdParty:1030 - CMSIS Pack Vendor :STMicroelectronics PDM2PCM 3.1.0
2023-05-16 17:54:29,792 [INFO] ThirdParty:1030 - CMSIS Pack Vendor :STMicroelectronics X-CUBE-AZRTOS-H7 3.1.0
2023-05-16 17:54:29,792 [INFO] ThirdParty:1030 - CMSIS Pack Vendor :STMicroelectronics X-CUBE-TOF1 3.3.0
2023-05-16 17:54:29,792 [INFO] ThirdParty:1030 - CMSIS Pack Vendor :STMicroelectronics PDM2PCM 3.3.0
2023-05-16 17:54:29,792 [INFO] ThirdParty:1030 - CMSIS Pack Vendor :STMicroelectronics X-CUBE-DISPLAY 3.0.0
2023-05-16 17:54:29,792 [INFO] ThirdParty:1030 - CMSIS Pack Vendor :STMicroelectronics FP-ATR-SIGFOX1 3.2.0
2023-05-16 17:54:29,792 [INFO] ThirdParty:1030 - CMSIS Pack Vendor :STMicroelectronics X-CUBE-AZRTOS-L4 1.0.0
2023-05-16 17:54:29,792 [INFO] ThirdParty:1030 - CMSIS Pack Vendor :STMicroelectronics HAL Drivers 0.0.0
2023-05-16 17:54:29,792 [INFO] ThirdParty:1030 - CMSIS Pack Vendor :STMicroelectronics MBEDTLS 2.16.2
2023-05-16 17:54:29,792 [INFO] ThirdParty:1030 - CMSIS Pack Vendor :STMicroelectronics MBEDTLS 2.14.1
2023-05-16 17:54:29,792 [INFO] ThirdParty:1030 - CMSIS Pack Vendor :STMicroelectronics X-CUBE-NFC7 1.0.0
2023-05-16 17:54:29,792 [INFO] ThirdParty:1030 - CMSIS Pack Vendor :STMicroelectronics X-CUBE-AZRTOS-WL 1.0.0
2023-05-16 17:54:29,792 [INFO] ThirdParty:1030 - CMSIS Pack Vendor :STMicroelectronics X-CUBE-EEPRMA1 4.1.0
2023-05-16 17:54:29,792 [INFO] ThirdParty:1030 - CMSIS Pack Vendor :portGmbH I-Cube-SoM-uGOAL 1.1.0
2023-05-16 17:54:29,792 [INFO] ThirdParty:1030 - CMSIS Pack Vendor :STMicroelectronics X-CUBE-ALS 1.0.1
2023-05-16 17:54:29,792 [INFO] ThirdParty:1030 - CMSIS Pack Vendor :STMicroelectronics ThreadX 1.0.0
2023-05-16 17:54:29,792 [INFO] ThirdParty:1030 - CMSIS Pack Vendor :STMicroelectronics X-CUBE-AZRTOS-WB 1.1.0
2023-05-16 17:54:29,792 [INFO] ThirdParty:1030 - CMSIS Pack Vendor :SEGGER I-CUBE-embOS 1.3.1
2023-05-16 17:54:29,792 [INFO] ThirdParty:1030 - CMSIS Pack Vendor :STMicroelectronics USB_DEVICE 1.0.0
2023-05-16 17:54:29,792 [INFO] ThirdParty:1030 - CMSIS Pack Vendor :STMicroelectronics ThreadX 0.0.2
2023-05-16 17:54:29,792 [INFO] ThirdParty:1030 - CMSIS Pack Vendor :WES I-CUBE-Cesium 1.3.0
2023-05-16 17:54:29,792 [INFO] ThirdParty:1030 - CMSIS Pack Vendor :STMicroelectronics FP-ATR-ASTRA1 2.0.0
2023-05-16 17:54:29,792 [INFO] ThirdParty:1030 - CMSIS Pack Vendor :STMicroelectronics lwIP 2.1.2
2023-05-16 17:54:29,793 [INFO] ThirdParty:1030 - CMSIS Pack Vendor :STMicroelectronics X-CUBE-SFXS2LP1 4.0.0
2023-05-16 17:54:29,793 [INFO] ThirdParty:1030 - CMSIS Pack Vendor :STMicroelectronics X-CUBE-BLE2 3.3.0
2023-05-16 17:54:29,793 [INFO] ThirdParty:1030 - CMSIS Pack Vendor :STMicroelectronics PDM2PCM 3.2.0
2023-05-16 17:54:29,793 [INFO] ThirdParty:841 - exiting critical section [change project]
2023-05-16 17:54:29,902 [INFO] PinOutPanel:1499 - setPackage(No Configuration,No Configuration)
2023-05-16 17:54:29,903 [INFO] PinOutPanel:1499 - setPackage(STM32F411RETx,LQFP64)
2023-05-16 17:54:30,191 [INFO] UtilMem:75 - Before build in PCC Used Memory: 328232440 Bytes (811597824)
2023-05-16 17:54:30,312 [INFO] UtilMem:75 - After build in PCC Used Memory: 370701816 Bytes (811597824)
2023-05-16 17:54:30,324 [INFO] IPUIPlugin:80 - create IPUIPlugin
2023-05-16 17:54:30,325 [INFO] IPUIPlugin:80 - create IPUIPlugin
2023-05-16 17:54:30,325 [INFO] IPUIPlugin:80 - create IPUIPlugin
2023-05-16 17:54:30,325 [INFO] IPUIPlugin:80 - create IPUIPlugin
2023-05-16 17:54:30,325 [INFO] IPUIPlugin:80 - create IPUIPlugin
2023-05-16 17:54:30,325 [INFO] IPUIPlugin:80 - create IPUIPlugin
2023-05-16 17:54:30,325 [INFO] IPUIPlugin:80 - create IPUIPlugin
2023-05-16 17:54:30,325 [INFO] IPUIPlugin:80 - create IPUIPlugin
2023-05-16 17:54:30,325 [INFO] IPUIPlugin:80 - create IPUIPlugin
2023-05-16 17:54:30,325 [INFO] IPUIPlugin:80 - create IPUIPlugin
2023-05-16 17:54:30,325 [INFO] IPUIPlugin:80 - create IPUIPlugin
2023-05-16 17:54:30,325 [INFO] IPUIPlugin:80 - create IPUIPlugin
2023-05-16 17:54:30,326 [INFO] IPUIPlugin:80 - create IPUIPlugin
2023-05-16 17:54:30,326 [INFO] IPUIPlugin:80 - create IPUIPlugin
2023-05-16 17:54:30,326 [INFO] IPUIPlugin:80 - create IPUIPlugin
2023-05-16 17:54:30,326 [INFO] IPUIPlugin:80 - create IPUIPlugin
2023-05-16 17:54:30,326 [INFO] IPUIPlugin:80 - create IPUIPlugin
2023-05-16 17:54:30,326 [INFO] IPUIPlugin:80 - create IPUIPlugin
2023-05-16 17:54:30,326 [INFO] IPUIPlugin:80 - create IPUIPlugin
2023-05-16 17:54:30,326 [INFO] IPUIPlugin:80 - create IPUIPlugin
2023-05-16 17:54:30,326 [INFO] IPUIPlugin:80 - create IPUIPlugin
2023-05-16 17:54:30,326 [INFO] IPUIPlugin:80 - create IPUIPlugin
2023-05-16 17:54:30,326 [INFO] IPUIPlugin:80 - create IPUIPlugin
2023-05-16 17:54:30,327 [INFO] IPUIPlugin:80 - create IPUIPlugin
2023-05-16 17:54:30,327 [INFO] IPUIPlugin:80 - create IPUIPlugin
2023-05-16 17:54:30,327 [INFO] IPUIPlugin:80 - create IPUIPlugin
2023-05-16 17:54:30,327 [INFO] IPUIPlugin:80 - create IPUIPlugin
2023-05-16 17:54:30,327 [INFO] IPUIPlugin:80 - create IPUIPlugin
2023-05-16 17:54:30,327 [INFO] IPUIPlugin:80 - create IPUIPlugin
2023-05-16 17:54:30,327 [INFO] IPUIPlugin:80 - create IPUIPlugin
2023-05-16 17:54:30,327 [INFO] IPUIPlugin:80 - create IPUIPlugin
2023-05-16 17:54:30,327 [INFO] IPUIPlugin:80 - create IPUIPlugin
2023-05-16 17:54:30,328 [INFO] IPUIPlugin:80 - create IPUIPlugin
2023-05-16 17:54:30,328 [INFO] IPUIPlugin:80 - create IPUIPlugin
2023-05-16 17:54:30,328 [INFO] IPUIPlugin:80 - create IPUIPlugin
2023-05-16 17:54:30,328 [INFO] IPUIPlugin:80 - create IPUIPlugin
2023-05-16 17:54:30,328 [INFO] IPUIPlugin:80 - create IPUIPlugin
2023-05-16 17:54:30,328 [INFO] IPUIPlugin:80 - create IPUIPlugin
2023-05-16 17:54:30,328 [INFO] IPUIPlugin:80 - create IPUIPlugin
2023-05-16 17:54:30,328 [INFO] IPUIPlugin:80 - create IPUIPlugin
2023-05-16 17:54:30,329 [INFO] IPUIPlugin:80 - create IPUIPlugin
2023-05-16 17:54:30,329 [INFO] IPUIPlugin:80 - create IPUIPlugin
2023-05-16 17:54:30,329 [INFO] IPUIPlugin:80 - create IPUIPlugin
2023-05-16 17:54:30,331 [INFO] ApiDbMcu:507 - Load IP Config File for PDM2PCM
2023-05-16 17:54:30,358 [INFO] CADModel:165 - CPN selected for project levelSTM32F411RET6
2023-05-16 17:54:30,358 [INFO] CADModel:114 - Register for checkConnection events
2023-05-16 17:54:30,395 [INFO] OpenFileManager:328 - Restore cursor
2023-05-16 17:54:42,272 [INFO] UtilMem:75 - End SaveConfig() Used Memory: 422538112 Bytes (811597824)
2023-05-16 17:54:44,599 [INFO] UtilMem:75 - End SaveConfig() Used Memory: 450049808 Bytes (811597824)
2023-05-16 17:54:44,767 [INFO] UtilMem:75 - End SaveConfig() Used Memory: 519529344 Bytes (811597824)
2023-05-16 17:54:44,967 [INFO] BlockDiagram:2759 - set Specific Code input for plugin: SYS
2023-05-16 17:54:44,968 [INFO] BlockDiagram:2759 - set Specific Code input for plugin: RCC
2023-05-16 17:54:44,968 [INFO] BlockDiagram:2759 - set Specific Code input for plugin: NVIC
2023-05-16 17:54:44,968 [INFO] BlockDiagram:2759 - set Specific Code input for plugin: USART
2023-05-16 17:54:44,968 [INFO] BlockDiagram:2759 - set Specific Code input for plugin: USART
2023-05-16 17:54:44,968 [INFO] BlockDiagram:2759 - set Specific Code input for plugin: GPIO
2023-05-16 17:54:44,968 [INFO] CodeGenerator:793 - code generatio: config db path: /opt/st/stm32cubeide_1.12.0/plugins/com.st.stm32cube.common.mx_6.8.0.202302231600//db/
2023-05-16 17:54:45,214 [INFO] CodeEngine:255 - oldGeneratedFile, /home/brati/Downloads/we10_mqtt/MXTmpFiles/license.tmp_save
2023-05-16 17:54:45,261 [INFO] CodeEngine:279 - Generated code: /home/brati/Downloads/we10_mqtt/MXTmpFiles/license.tmp
2023-05-16 17:54:45,275 [INFO] CodeEngine:255 - oldGeneratedFile, /home/brati/Downloads/we10_mqtt/MXTmpFiles/gpio.tmp_save
2023-05-16 17:54:45,317 [INFO] CodeEngine:279 - Generated code: /home/brati/Downloads/we10_mqtt/MXTmpFiles/gpio.tmp
2023-05-16 17:54:45,352 [INFO] CodeEngine:255 - oldGeneratedFile, /home/brati/Downloads/we10_mqtt/Core/Src/stm32f4xx_it.c_save
2023-05-16 17:54:45,444 [INFO] CodeEngine:279 - Generated code: /home/brati/Downloads/we10_mqtt/Core/Src/stm32f4xx_it.c
2023-05-16 17:54:45,444 [INFO] CodeEngine:255 - oldGeneratedFile, /home/brati/Downloads/we10_mqtt/Core/Inc/stm32f4xx_it.h_save
2023-05-16 17:54:45,487 [INFO] CodeEngine:279 - Generated code: /home/brati/Downloads/we10_mqtt/Core/Inc/stm32f4xx_it.h
2023-05-16 17:54:45,490 [INFO] CodeEngine:255 - oldGeneratedFile, /home/brati/Downloads/we10_mqtt/Core/Src/stm32f4xx_hal_msp.c_save
2023-05-16 17:54:45,558 [INFO] CodeEngine:279 - Generated code: /home/brati/Downloads/we10_mqtt/Core/Src/stm32f4xx_hal_msp.c
2023-05-16 17:54:45,558 [INFO] CodeEngine:255 - oldGeneratedFile, /home/brati/Downloads/we10_mqtt/MXTmpFiles/system.tmp_save
2023-05-16 17:54:45,595 [INFO] CodeEngine:279 - Generated code: /home/brati/Downloads/we10_mqtt/MXTmpFiles/system.tmp
2023-05-16 17:54:45,596 [INFO] CodeEngine:311 - oldGeneratedFile, /home/brati/Downloads/we10_mqtt/Core/Inc/stm32f4xx_hal_conf.h_save
2023-05-16 17:54:45,702 [INFO] CodeEngine:335 - Generated code: /home/brati/Downloads/we10_mqtt/Core/Inc/stm32f4xx_hal_conf.h
2023-05-16 17:54:45,719 [INFO] CodeEngine:255 - oldGeneratedFile, /home/brati/Downloads/we10_mqtt/Core/Inc/main.h_save
2023-05-16 17:54:45,768 [INFO] CodeEngine:279 - Generated code: /home/brati/Downloads/we10_mqtt/Core/Inc/main.h
2023-05-16 17:54:45,769 [INFO] CodeEngine:255 - oldGeneratedFile, /home/brati/Downloads/we10_mqtt/Core/Src/main.c_save
2023-05-16 17:54:45,828 [INFO] CodeEngine:279 - Generated code: /home/brati/Downloads/we10_mqtt/Core/Src/main.c
2023-05-16 17:54:46,197 [INFO] ProjectBuilder:2996 - Time for Copy HAL[1] : 16mS.
2023-05-16 17:54:46,198 [INFO] ProjectBuilder:4304 - Project Generator version: 3.19.2
2023-05-16 17:54:46,362 [INFO] ConfigFileManager:1483 - The Die is : DIE431
2023-05-16 17:54:46,367 [INFO] ApiDbMcu:507 - Load IP Config File for FATFS
2023-05-16 17:54:46,385 [INFO] ApiDbMcu:507 - Load IP Config File for FREERTOS
2023-05-16 17:54:46,388 [INFO] ApiDbMcu:507 - Load IP Config File for LIBJPEG
2023-05-16 17:54:46,415 [INFO] ApiDbMcu:507 - Load IP Config File for MBEDTLS
2023-05-16 17:54:46,441 [INFO] ApiDbMcu:507 - Load IP Config File for USB_DEVICE
2023-05-16 17:54:46,447 [INFO] ApiDbMcu:507 - Load IP Config File for USB_HOST
2023-05-16 17:54:47,386 [INFO] ProjectBuilder:4505 - Time for Generating toolchain IDE Files: 1188mS.
2023-05-16 17:54:47,386 [INFO] ProjectBuilder:2867 - Time for Copy CMSIS : 0mS.
2023-05-16 17:54:47,387 [INFO] ProjectBuilder:2867 - Time for Copy CMSIS : 0mS.
2023-05-16 18:35:16,070 [INFO] UtilMem:75 - End SaveConfig() Used Memory: 565293472 Bytes (826277888)
2023-05-16 18:35:17,014 [INFO] UtilMem:75 - End SaveConfig() Used Memory: 300119888 Bytes (826277888)
2023-05-16 18:35:18,053 [INFO] UtilMem:75 - End SaveConfig() Used Memory: 365983600 Bytes (826277888)
2023-05-16 18:35:18,174 [INFO] BlockDiagram:2759 - set Specific Code input for plugin: SYS
2023-05-16 18:35:18,174 [INFO] BlockDiagram:2759 - set Specific Code input for plugin: RCC
2023-05-16 18:35:18,174 [INFO] BlockDiagram:2759 - set Specific Code input for plugin: NVIC
2023-05-16 18:35:18,174 [INFO] BlockDiagram:2759 - set Specific Code input for plugin: USART
2023-05-16 18:35:18,174 [INFO] BlockDiagram:2759 - set Specific Code input for plugin: USART
2023-05-16 18:35:18,174 [INFO] BlockDiagram:2759 - set Specific Code input for plugin: GPIO
2023-05-16 18:35:18,174 [INFO] CodeGenerator:793 - code generatio: config db path: /opt/st/stm32cubeide_1.12.0/plugins/com.st.stm32cube.common.mx_6.8.0.202302231600//db/
2023-05-16 18:35:18,281 [INFO] CodeEngine:255 - oldGeneratedFile, /home/brati/Downloads/we10_mqtt/MXTmpFiles/license.tmp_save
2023-05-16 18:35:18,345 [INFO] CodeEngine:279 - Generated code: /home/brati/Downloads/we10_mqtt/MXTmpFiles/license.tmp
2023-05-16 18:35:18,356 [INFO] CodeEngine:255 - oldGeneratedFile, /home/brati/Downloads/we10_mqtt/MXTmpFiles/gpio.tmp_save
2023-05-16 18:35:18,399 [INFO] CodeEngine:279 - Generated code: /home/brati/Downloads/we10_mqtt/MXTmpFiles/gpio.tmp
2023-05-16 18:35:18,434 [INFO] CodeEngine:255 - oldGeneratedFile, /home/brati/Downloads/we10_mqtt/Core/Src/stm32f4xx_it.c_save
2023-05-16 18:35:18,544 [INFO] CodeEngine:279 - Generated code: /home/brati/Downloads/we10_mqtt/Core/Src/stm32f4xx_it.c
2023-05-16 18:35:18,544 [INFO] CodeEngine:255 - oldGeneratedFile, /home/brati/Downloads/we10_mqtt/Core/Inc/stm32f4xx_it.h_save
2023-05-16 18:35:18,581 [INFO] CodeEngine:279 - Generated code: /home/brati/Downloads/we10_mqtt/Core/Inc/stm32f4xx_it.h
2023-05-16 18:35:18,582 [INFO] CodeEngine:255 - oldGeneratedFile, /home/brati/Downloads/we10_mqtt/Core/Src/stm32f4xx_hal_msp.c_save
2023-05-16 18:35:18,642 [INFO] CodeEngine:279 - Generated code: /home/brati/Downloads/we10_mqtt/Core/Src/stm32f4xx_hal_msp.c
2023-05-16 18:35:18,643 [INFO] CodeEngine:255 - oldGeneratedFile, /home/brati/Downloads/we10_mqtt/MXTmpFiles/system.tmp_save
2023-05-16 18:35:18,755 [INFO] CodeEngine:279 - Generated code: /home/brati/Downloads/we10_mqtt/MXTmpFiles/system.tmp
2023-05-16 18:35:18,756 [INFO] CodeEngine:311 - oldGeneratedFile, /home/brati/Downloads/we10_mqtt/Core/Inc/stm32f4xx_hal_conf.h_save
2023-05-16 18:35:18,798 [INFO] CodeEngine:335 - Generated code: /home/brati/Downloads/we10_mqtt/Core/Inc/stm32f4xx_hal_conf.h
2023-05-16 18:35:18,815 [INFO] CodeEngine:255 - oldGeneratedFile, /home/brati/Downloads/we10_mqtt/Core/Inc/main.h_save
2023-05-16 18:35:18,869 [INFO] CodeEngine:279 - Generated code: /home/brati/Downloads/we10_mqtt/Core/Inc/main.h
2023-05-16 18:35:18,870 [INFO] CodeEngine:255 - oldGeneratedFile, /home/brati/Downloads/we10_mqtt/Core/Src/main.c_save
2023-05-16 18:35:18,936 [INFO] CodeEngine:279 - Generated code: /home/brati/Downloads/we10_mqtt/Core/Src/main.c
2023-05-16 18:35:19,356 [INFO] ProjectBuilder:2996 - Time for Copy HAL[1] : 11mS.
2023-05-16 18:35:19,357 [INFO] ProjectBuilder:4304 - Project Generator version: 3.19.2
2023-05-16 18:35:19,528 [INFO] ConfigFileManager:1483 - The Die is : DIE431
2023-05-16 18:35:20,700 [INFO] ProjectBuilder:4505 - Time for Generating toolchain IDE Files: 1343mS.
2023-05-16 18:35:20,701 [INFO] ProjectBuilder:2867 - Time for Copy CMSIS : 0mS.
2023-05-16 18:35:20,702 [INFO] ProjectBuilder:2867 - Time for Copy CMSIS : 0mS.
2023-05-16 20:01:24,962 [INFO] Gpio:273 - dependency for GPIO [RCC, SYS, USART1, USART2]
2023-05-16 20:01:32,222 [INFO] UtilMem:75 - End SaveConfig() Used Memory: 602792608 Bytes (826277888)
2023-05-16 20:01:33,093 [INFO] UtilMem:75 - End SaveConfig() Used Memory: 345738736 Bytes (826277888)
2023-05-16 20:01:34,134 [INFO] UtilMem:75 - End SaveConfig() Used Memory: 421762544 Bytes (826277888)
2023-05-16 20:01:34,296 [INFO] BlockDiagram:2759 - set Specific Code input for plugin: SYS
2023-05-16 20:01:34,296 [INFO] BlockDiagram:2759 - set Specific Code input for plugin: RCC
2023-05-16 20:01:34,296 [INFO] BlockDiagram:2759 - set Specific Code input for plugin: NVIC
2023-05-16 20:01:34,296 [INFO] BlockDiagram:2759 - set Specific Code input for plugin: USART
2023-05-16 20:01:34,296 [INFO] BlockDiagram:2759 - set Specific Code input for plugin: USART
2023-05-16 20:01:34,296 [INFO] BlockDiagram:2759 - set Specific Code input for plugin: GPIO
2023-05-16 20:01:34,296 [INFO] CodeGenerator:793 - code generatio: config db path: /opt/st/stm32cubeide_1.12.0/plugins/com.st.stm32cube.common.mx_6.8.0.202302231600//db/
2023-05-16 20:01:34,429 [INFO] CodeEngine:255 - oldGeneratedFile, /home/brati/Downloads/we10_mqtt/MXTmpFiles/license.tmp_save
2023-05-16 20:01:34,481 [INFO] CodeEngine:279 - Generated code: /home/brati/Downloads/we10_mqtt/MXTmpFiles/license.tmp
2023-05-16 20:01:34,488 [INFO] CodeEngine:255 - oldGeneratedFile, /home/brati/Downloads/we10_mqtt/MXTmpFiles/gpio.tmp_save
2023-05-16 20:01:34,536 [INFO] CodeEngine:279 - Generated code: /home/brati/Downloads/we10_mqtt/MXTmpFiles/gpio.tmp
2023-05-16 20:01:34,583 [INFO] CodeEngine:255 - oldGeneratedFile, /home/brati/Downloads/we10_mqtt/Core/Src/stm32f4xx_it.c_save
2023-05-16 20:01:34,775 [INFO] CodeEngine:279 - Generated code: /home/brati/Downloads/we10_mqtt/Core/Src/stm32f4xx_it.c
2023-05-16 20:01:34,776 [INFO] CodeEngine:255 - oldGeneratedFile, /home/brati/Downloads/we10_mqtt/Core/Inc/stm32f4xx_it.h_save
2023-05-16 20:01:34,837 [INFO] CodeEngine:279 - Generated code: /home/brati/Downloads/we10_mqtt/Core/Inc/stm32f4xx_it.h
2023-05-16 20:01:34,839 [INFO] CodeEngine:255 - oldGeneratedFile, /home/brati/Downloads/we10_mqtt/Core/Src/stm32f4xx_hal_msp.c_save
2023-05-16 20:01:34,936 [INFO] CodeEngine:279 - Generated code: /home/brati/Downloads/we10_mqtt/Core/Src/stm32f4xx_hal_msp.c
2023-05-16 20:01:34,936 [INFO] CodeEngine:255 - oldGeneratedFile, /home/brati/Downloads/we10_mqtt/MXTmpFiles/system.tmp_save
2023-05-16 20:01:34,996 [INFO] CodeEngine:279 - Generated code: /home/brati/Downloads/we10_mqtt/MXTmpFiles/system.tmp
2023-05-16 20:01:34,997 [INFO] CodeEngine:311 - oldGeneratedFile, /home/brati/Downloads/we10_mqtt/Core/Inc/stm32f4xx_hal_conf.h_save
2023-05-16 20:01:35,065 [INFO] CodeEngine:335 - Generated code: /home/brati/Downloads/we10_mqtt/Core/Inc/stm32f4xx_hal_conf.h
2023-05-16 20:01:35,090 [INFO] CodeEngine:255 - oldGeneratedFile, /home/brati/Downloads/we10_mqtt/Core/Inc/main.h_save
2023-05-16 20:01:35,147 [INFO] CodeEngine:279 - Generated code: /home/brati/Downloads/we10_mqtt/Core/Inc/main.h
2023-05-16 20:01:35,148 [INFO] CodeEngine:255 - oldGeneratedFile, /home/brati/Downloads/we10_mqtt/Core/Src/main.c_save
2023-05-16 20:01:35,206 [INFO] CodeEngine:279 - Generated code: /home/brati/Downloads/we10_mqtt/Core/Src/main.c
2023-05-16 20:01:35,629 [INFO] ProjectBuilder:2996 - Time for Copy HAL[1] : 11mS.
2023-05-16 20:01:35,630 [INFO] ProjectBuilder:4304 - Project Generator version: 3.19.2
2023-05-16 20:01:35,805 [INFO] ConfigFileManager:1483 - The Die is : DIE431
2023-05-16 20:01:36,891 [INFO] ProjectBuilder:4505 - Time for Generating toolchain IDE Files: 1261mS.
2023-05-16 20:01:36,892 [INFO] ProjectBuilder:2867 - Time for Copy CMSIS : 1mS.
2023-05-16 20:01:36,893 [INFO] ProjectBuilder:2867 - Time for Copy CMSIS : 0mS.
2023-05-16 20:08:34,338 [INFO] UtilMem:75 - End SaveConfig() Used Memory: 476927488 Bytes (826277888)
2023-05-16 20:08:34,865 [INFO] UtilMem:75 - End SaveConfig() Used Memory: 502093312 Bytes (826277888)
2023-05-16 20:08:35,769 [INFO] UtilMem:75 - End SaveConfig() Used Memory: 573396480 Bytes (826277888)
2023-05-16 20:08:35,995 [INFO] BlockDiagram:2759 - set Specific Code input for plugin: SYS
2023-05-16 20:08:35,995 [INFO] BlockDiagram:2759 - set Specific Code input for plugin: RCC
2023-05-16 20:08:35,995 [INFO] BlockDiagram:2759 - set Specific Code input for plugin: NVIC
2023-05-16 20:08:35,995 [INFO] BlockDiagram:2759 - set Specific Code input for plugin: USART
2023-05-16 20:08:35,995 [INFO] BlockDiagram:2759 - set Specific Code input for plugin: USART
2023-05-16 20:08:35,995 [INFO] BlockDiagram:2759 - set Specific Code input for plugin: GPIO
2023-05-16 20:08:35,996 [INFO] CodeGenerator:793 - code generatio: config db path: /opt/st/stm32cubeide_1.12.0/plugins/com.st.stm32cube.common.mx_6.8.0.202302231600//db/
2023-05-16 20:08:36,202 [INFO] CodeEngine:255 - oldGeneratedFile, /home/brati/Downloads/we10_mqtt/MXTmpFiles/license.tmp_save
2023-05-16 20:08:36,259 [INFO] CodeEngine:279 - Generated code: /home/brati/Downloads/we10_mqtt/MXTmpFiles/license.tmp
2023-05-16 20:08:36,269 [INFO] CodeEngine:255 - oldGeneratedFile, /home/brati/Downloads/we10_mqtt/MXTmpFiles/gpio.tmp_save
2023-05-16 20:08:36,326 [INFO] CodeEngine:279 - Generated code: /home/brati/Downloads/we10_mqtt/MXTmpFiles/gpio.tmp
2023-05-16 20:08:36,365 [INFO] CodeEngine:255 - oldGeneratedFile, /home/brati/Downloads/we10_mqtt/Core/Src/stm32f4xx_it.c_save
2023-05-16 20:08:36,411 [INFO] CodeEngine:279 - Generated code: /home/brati/Downloads/we10_mqtt/Core/Src/stm32f4xx_it.c
2023-05-16 20:08:36,412 [INFO] CodeEngine:255 - oldGeneratedFile, /home/brati/Downloads/we10_mqtt/Core/Inc/stm32f4xx_it.h_save
2023-05-16 20:08:36,450 [INFO] CodeEngine:279 - Generated code: /home/brati/Downloads/we10_mqtt/Core/Inc/stm32f4xx_it.h
2023-05-16 20:08:36,452 [INFO] CodeEngine:255 - oldGeneratedFile, /home/brati/Downloads/we10_mqtt/Core/Src/stm32f4xx_hal_msp.c_save
2023-05-16 20:08:36,509 [INFO] CodeEngine:279 - Generated code: /home/brati/Downloads/we10_mqtt/Core/Src/stm32f4xx_hal_msp.c
2023-05-16 20:08:36,510 [INFO] CodeEngine:255 - oldGeneratedFile, /home/brati/Downloads/we10_mqtt/MXTmpFiles/system.tmp_save
2023-05-16 20:08:36,549 [INFO] CodeEngine:279 - Generated code: /home/brati/Downloads/we10_mqtt/MXTmpFiles/system.tmp
2023-05-16 20:08:36,551 [INFO] CodeEngine:311 - oldGeneratedFile, /home/brati/Downloads/we10_mqtt/Core/Inc/stm32f4xx_hal_conf.h_save
2023-05-16 20:08:36,597 [INFO] CodeEngine:335 - Generated code: /home/brati/Downloads/we10_mqtt/Core/Inc/stm32f4xx_hal_conf.h
2023-05-16 20:08:36,614 [INFO] CodeEngine:255 - oldGeneratedFile, /home/brati/Downloads/we10_mqtt/Core/Inc/main.h_save
2023-05-16 20:08:36,657 [INFO] CodeEngine:279 - Generated code: /home/brati/Downloads/we10_mqtt/Core/Inc/main.h
2023-05-16 20:08:36,658 [INFO] CodeEngine:255 - oldGeneratedFile, /home/brati/Downloads/we10_mqtt/Core/Src/main.c_save
2023-05-16 20:08:36,718 [INFO] CodeEngine:279 - Generated code: /home/brati/Downloads/we10_mqtt/Core/Src/main.c
2023-05-16 20:08:37,220 [INFO] ProjectBuilder:2996 - Time for Copy HAL[1] : 13mS.
2023-05-16 20:08:37,221 [INFO] ProjectBuilder:4304 - Project Generator version: 3.19.2
2023-05-16 20:08:37,455 [INFO] ConfigFileManager:1483 - The Die is : DIE431
2023-05-16 20:08:38,497 [INFO] ProjectBuilder:4505 - Time for Generating toolchain IDE Files: 1276mS.
2023-05-16 20:08:38,498 [INFO] ProjectBuilder:2867 - Time for Copy CMSIS : 0mS.
2023-05-16 20:08:38,498 [INFO] ProjectBuilder:2867 - Time for Copy CMSIS : 0mS.
2023-05-16 20:09:27,647 [INFO] UtilMem:75 - End SaveConfig() Used Memory: 318658232 Bytes (826277888)
2023-05-16 20:09:28,863 [INFO] UtilMem:75 - End SaveConfig() Used Memory: 477519544 Bytes (826277888)
2023-05-16 20:09:30,263 [INFO] UtilMem:75 - End SaveConfig() Used Memory: 578705080 Bytes (826277888)
2023-05-16 20:09:30,429 [INFO] BlockDiagram:2759 - set Specific Code input for plugin: SYS
2023-05-16 20:09:30,429 [INFO] BlockDiagram:2759 - set Specific Code input for plugin: RCC
2023-05-16 20:09:30,429 [INFO] BlockDiagram:2759 - set Specific Code input for plugin: NVIC
2023-05-16 20:09:30,429 [INFO] BlockDiagram:2759 - set Specific Code input for plugin: USART
2023-05-16 20:09:30,429 [INFO] BlockDiagram:2759 - set Specific Code input for plugin: USART
2023-05-16 20:09:30,430 [INFO] BlockDiagram:2759 - set Specific Code input for plugin: GPIO
2023-05-16 20:09:30,430 [INFO] CodeGenerator:793 - code generatio: config db path: /opt/st/stm32cubeide_1.12.0/plugins/com.st.stm32cube.common.mx_6.8.0.202302231600//db/
2023-05-16 20:09:30,642 [INFO] CodeEngine:255 - oldGeneratedFile, /home/brati/Downloads/we10_mqtt/MXTmpFiles/license.tmp_save
2023-05-16 20:09:30,680 [INFO] CodeEngine:279 - Generated code: /home/brati/Downloads/we10_mqtt/MXTmpFiles/license.tmp
2023-05-16 20:09:30,689 [INFO] CodeEngine:255 - oldGeneratedFile, /home/brati/Downloads/we10_mqtt/MXTmpFiles/gpio.tmp_save
2023-05-16 20:09:30,729 [INFO] CodeEngine:279 - Generated code: /home/brati/Downloads/we10_mqtt/MXTmpFiles/gpio.tmp
2023-05-16 20:09:30,772 [INFO] CodeEngine:255 - oldGeneratedFile, /home/brati/Downloads/we10_mqtt/Core/Src/stm32f4xx_it.c_save
2023-05-16 20:09:30,815 [INFO] CodeEngine:279 - Generated code: /home/brati/Downloads/we10_mqtt/Core/Src/stm32f4xx_it.c
2023-05-16 20:09:30,815 [INFO] CodeEngine:255 - oldGeneratedFile, /home/brati/Downloads/we10_mqtt/Core/Inc/stm32f4xx_it.h_save
2023-05-16 20:09:30,853 [INFO] CodeEngine:279 - Generated code: /home/brati/Downloads/we10_mqtt/Core/Inc/stm32f4xx_it.h
2023-05-16 20:09:30,854 [INFO] CodeEngine:255 - oldGeneratedFile, /home/brati/Downloads/we10_mqtt/Core/Src/stm32f4xx_hal_msp.c_save
2023-05-16 20:09:30,909 [INFO] CodeEngine:279 - Generated code: /home/brati/Downloads/we10_mqtt/Core/Src/stm32f4xx_hal_msp.c
2023-05-16 20:09:30,909 [INFO] CodeEngine:255 - oldGeneratedFile, /home/brati/Downloads/we10_mqtt/MXTmpFiles/system.tmp_save
2023-05-16 20:09:30,946 [INFO] CodeEngine:279 - Generated code: /home/brati/Downloads/we10_mqtt/MXTmpFiles/system.tmp
2023-05-16 20:09:30,947 [INFO] CodeEngine:311 - oldGeneratedFile, /home/brati/Downloads/we10_mqtt/Core/Inc/stm32f4xx_hal_conf.h_save
2023-05-16 20:09:30,991 [INFO] CodeEngine:335 - Generated code: /home/brati/Downloads/we10_mqtt/Core/Inc/stm32f4xx_hal_conf.h
2023-05-16 20:09:31,008 [INFO] CodeEngine:255 - oldGeneratedFile, /home/brati/Downloads/we10_mqtt/Core/Inc/main.h_save
2023-05-16 20:09:31,048 [INFO] CodeEngine:279 - Generated code: /home/brati/Downloads/we10_mqtt/Core/Inc/main.h
2023-05-16 20:09:31,049 [INFO] CodeEngine:255 - oldGeneratedFile, /home/brati/Downloads/we10_mqtt/Core/Src/main.c_save
2023-05-16 20:09:31,107 [INFO] CodeEngine:279 - Generated code: /home/brati/Downloads/we10_mqtt/Core/Src/main.c
2023-05-16 20:09:31,673 [INFO] ProjectBuilder:2996 - Time for Copy HAL[1] : 17mS.
2023-05-16 20:09:31,674 [INFO] ProjectBuilder:4304 - Project Generator version: 3.19.2
2023-05-16 20:09:31,860 [INFO] ConfigFileManager:1483 - The Die is : DIE431
2023-05-16 20:09:32,935 [INFO] ProjectBuilder:4505 - Time for Generating toolchain IDE Files: 1261mS.
2023-05-16 20:09:32,935 [INFO] ProjectBuilder:2867 - Time for Copy CMSIS : 0mS.
2023-05-16 20:09:32,936 [INFO] ProjectBuilder:2867 - Time for Copy CMSIS : 0mS.
2023-05-16 20:10:07,169 [INFO] UtilMem:75 - End SaveConfig() Used Memory: 597127224 Bytes (826277888)
2023-05-16 20:10:08,278 [INFO] UtilMem:75 - End SaveConfig() Used Memory: 338809416 Bytes (826277888)
2023-05-16 20:10:09,263 [INFO] UtilMem:75 - End SaveConfig() Used Memory: 426889800 Bytes (826277888)
2023-05-16 20:10:09,524 [INFO] BlockDiagram:2759 - set Specific Code input for plugin: SYS
2023-05-16 20:10:09,524 [INFO] BlockDiagram:2759 - set Specific Code input for plugin: RCC
2023-05-16 20:10:09,524 [INFO] BlockDiagram:2759 - set Specific Code input for plugin: NVIC
2023-05-16 20:10:09,524 [INFO] BlockDiagram:2759 - set Specific Code input for plugin: USART
2023-05-16 20:10:09,524 [INFO] BlockDiagram:2759 - set Specific Code input for plugin: USART
2023-05-16 20:10:09,524 [INFO] BlockDiagram:2759 - set Specific Code input for plugin: GPIO
2023-05-16 20:10:09,526 [INFO] CodeGenerator:793 - code generatio: config db path: /opt/st/stm32cubeide_1.12.0/plugins/com.st.stm32cube.common.mx_6.8.0.202302231600//db/
2023-05-16 20:10:09,777 [INFO] CodeEngine:255 - oldGeneratedFile, /home/brati/Downloads/we10_mqtt/MXTmpFiles/license.tmp_save
2023-05-16 20:10:09,838 [INFO] CodeEngine:279 - Generated code: /home/brati/Downloads/we10_mqtt/MXTmpFiles/license.tmp
2023-05-16 20:10:09,850 [INFO] CodeEngine:255 - oldGeneratedFile, /home/brati/Downloads/we10_mqtt/MXTmpFiles/gpio.tmp_save
2023-05-16 20:10:09,914 [INFO] CodeEngine:279 - Generated code: /home/brati/Downloads/we10_mqtt/MXTmpFiles/gpio.tmp
2023-05-16 20:10:09,971 [INFO] CodeEngine:255 - oldGeneratedFile, /home/brati/Downloads/we10_mqtt/Core/Src/stm32f4xx_it.c_save
2023-05-16 20:10:10,013 [INFO] CodeEngine:279 - Generated code: /home/brati/Downloads/we10_mqtt/Core/Src/stm32f4xx_it.c
2023-05-16 20:10:10,014 [INFO] CodeEngine:255 - oldGeneratedFile, /home/brati/Downloads/we10_mqtt/Core/Inc/stm32f4xx_it.h_save
2023-05-16 20:10:10,055 [INFO] CodeEngine:279 - Generated code: /home/brati/Downloads/we10_mqtt/Core/Inc/stm32f4xx_it.h
2023-05-16 20:10:10,056 [INFO] CodeEngine:255 - oldGeneratedFile, /home/brati/Downloads/we10_mqtt/Core/Src/stm32f4xx_hal_msp.c_save
2023-05-16 20:10:10,112 [INFO] CodeEngine:279 - Generated code: /home/brati/Downloads/we10_mqtt/Core/Src/stm32f4xx_hal_msp.c
2023-05-16 20:10:10,112 [INFO] CodeEngine:255 - oldGeneratedFile, /home/brati/Downloads/we10_mqtt/MXTmpFiles/system.tmp_save
2023-05-16 20:10:10,152 [INFO] CodeEngine:279 - Generated code: /home/brati/Downloads/we10_mqtt/MXTmpFiles/system.tmp
2023-05-16 20:10:10,153 [INFO] CodeEngine:311 - oldGeneratedFile, /home/brati/Downloads/we10_mqtt/Core/Inc/stm32f4xx_hal_conf.h_save
2023-05-16 20:10:10,195 [INFO] CodeEngine:335 - Generated code: /home/brati/Downloads/we10_mqtt/Core/Inc/stm32f4xx_hal_conf.h
2023-05-16 20:10:10,212 [INFO] CodeEngine:255 - oldGeneratedFile, /home/brati/Downloads/we10_mqtt/Core/Inc/main.h_save
2023-05-16 20:10:10,252 [INFO] CodeEngine:279 - Generated code: /home/brati/Downloads/we10_mqtt/Core/Inc/main.h
2023-05-16 20:10:10,253 [INFO] CodeEngine:255 - oldGeneratedFile, /home/brati/Downloads/we10_mqtt/Core/Src/main.c_save
2023-05-16 20:10:10,311 [INFO] CodeEngine:279 - Generated code: /home/brati/Downloads/we10_mqtt/Core/Src/main.c
2023-05-16 20:10:10,879 [INFO] ProjectBuilder:2996 - Time for Copy HAL[1] : 11mS.
2023-05-16 20:10:10,879 [INFO] ProjectBuilder:4304 - Project Generator version: 3.19.2
2023-05-16 20:10:11,060 [INFO] ConfigFileManager:1483 - The Die is : DIE431
2023-05-16 20:10:12,058 [INFO] ProjectBuilder:4505 - Time for Generating toolchain IDE Files: 1179mS.
2023-05-16 20:10:12,058 [INFO] ProjectBuilder:2867 - Time for Copy CMSIS : 0mS.
2023-05-16 20:10:12,059 [INFO] ProjectBuilder:2867 - Time for Copy CMSIS : 0mS.
2023-05-16 20:10:47,471 [INFO] Gpio:273 - dependency for GPIO [RCC, SYS, USART1, USART2]
2023-05-16 20:10:47,500 [INFO] NvicIntPanel:101 - NVIC parent = com.st.microxplorer.plugins.ip.nvic.MultiNvicIntPanel[,0,0,0x0,invalid,layout=javax.swing.BoxLayout,alignmentX=0.0,alignmentY=0.0,border=,flags=9,maximumSize=,minimumSize=,preferredSize=]
2023-05-16 20:10:53,179 [INFO] Gpio:273 - dependency for GPIO [RCC, SYS, USART1, USART2]
2023-05-16 20:10:53,202 [INFO] NvicIntPanel:101 - NVIC parent = com.st.microxplorer.plugins.ip.nvic.MultiNvicIntPanel[,0,0,0x0,invalid,layout=javax.swing.BoxLayout,alignmentX=0.0,alignmentY=0.0,border=,flags=9,maximumSize=,minimumSize=,preferredSize=]
2023-05-16 20:11:12,479 [INFO] UtilMem:75 - End SaveConfig() Used Memory: 445235936 Bytes (826277888)
2023-05-16 20:11:15,794 [INFO] UtilMem:75 - End SaveConfig() Used Memory: 487115144 Bytes (826277888)
2023-05-16 20:11:16,976 [INFO] UtilMem:75 - End SaveConfig() Used Memory: 542595856 Bytes (826277888)
2023-05-16 20:11:17,230 [INFO] BlockDiagram:2759 - set Specific Code input for plugin: SYS
2023-05-16 20:11:17,231 [INFO] BlockDiagram:2759 - set Specific Code input for plugin: RCC
2023-05-16 20:11:17,231 [INFO] BlockDiagram:2759 - set Specific Code input for plugin: NVIC
2023-05-16 20:11:17,231 [INFO] BlockDiagram:2759 - set Specific Code input for plugin: USART
2023-05-16 20:11:17,231 [INFO] BlockDiagram:2759 - set Specific Code input for plugin: USART
2023-05-16 20:11:17,231 [INFO] BlockDiagram:2759 - set Specific Code input for plugin: GPIO
2023-05-16 20:11:17,232 [INFO] CodeGenerator:793 - code generatio: config db path: /opt/st/stm32cubeide_1.12.0/plugins/com.st.stm32cube.common.mx_6.8.0.202302231600//db/
2023-05-16 20:11:17,432 [INFO] CodeEngine:255 - oldGeneratedFile, /home/brati/Downloads/we10_mqtt/MXTmpFiles/license.tmp_save
2023-05-16 20:11:17,473 [INFO] CodeEngine:279 - Generated code: /home/brati/Downloads/we10_mqtt/MXTmpFiles/license.tmp
2023-05-16 20:11:17,480 [INFO] CodeEngine:255 - oldGeneratedFile, /home/brati/Downloads/we10_mqtt/MXTmpFiles/gpio.tmp_save
2023-05-16 20:11:17,520 [INFO] CodeEngine:279 - Generated code: /home/brati/Downloads/we10_mqtt/MXTmpFiles/gpio.tmp
2023-05-16 20:11:17,555 [INFO] CodeEngine:255 - oldGeneratedFile, /home/brati/Downloads/we10_mqtt/Core/Src/stm32f4xx_it.c_save
2023-05-16 20:11:17,596 [INFO] CodeEngine:279 - Generated code: /home/brati/Downloads/we10_mqtt/Core/Src/stm32f4xx_it.c
2023-05-16 20:11:17,596 [INFO] CodeEngine:255 - oldGeneratedFile, /home/brati/Downloads/we10_mqtt/Core/Inc/stm32f4xx_it.h_save
2023-05-16 20:11:17,635 [INFO] CodeEngine:279 - Generated code: /home/brati/Downloads/we10_mqtt/Core/Inc/stm32f4xx_it.h
2023-05-16 20:11:17,637 [INFO] CodeEngine:255 - oldGeneratedFile, /home/brati/Downloads/we10_mqtt/Core/Src/stm32f4xx_hal_msp.c_save
2023-05-16 20:11:17,694 [INFO] CodeEngine:279 - Generated code: /home/brati/Downloads/we10_mqtt/Core/Src/stm32f4xx_hal_msp.c
2023-05-16 20:11:17,695 [INFO] CodeEngine:255 - oldGeneratedFile, /home/brati/Downloads/we10_mqtt/MXTmpFiles/system.tmp_save
2023-05-16 20:11:17,731 [INFO] CodeEngine:279 - Generated code: /home/brati/Downloads/we10_mqtt/MXTmpFiles/system.tmp
2023-05-16 20:11:17,733 [INFO] CodeEngine:311 - oldGeneratedFile, /home/brati/Downloads/we10_mqtt/Core/Inc/stm32f4xx_hal_conf.h_save
2023-05-16 20:11:17,776 [INFO] CodeEngine:335 - Generated code: /home/brati/Downloads/we10_mqtt/Core/Inc/stm32f4xx_hal_conf.h
2023-05-16 20:11:17,793 [INFO] CodeEngine:255 - oldGeneratedFile, /home/brati/Downloads/we10_mqtt/Core/Inc/main.h_save
2023-05-16 20:11:17,833 [INFO] CodeEngine:279 - Generated code: /home/brati/Downloads/we10_mqtt/Core/Inc/main.h
2023-05-16 20:11:17,834 [INFO] CodeEngine:255 - oldGeneratedFile, /home/brati/Downloads/we10_mqtt/Core/Src/main.c_save
2023-05-16 20:11:17,894 [INFO] CodeEngine:279 - Generated code: /home/brati/Downloads/we10_mqtt/Core/Src/main.c
2023-05-16 20:11:18,422 [INFO] ProjectBuilder:2996 - Time for Copy HAL[1] : 18mS.
2023-05-16 20:11:18,423 [INFO] ProjectBuilder:4304 - Project Generator version: 3.19.2
2023-05-16 20:11:18,730 [INFO] ConfigFileManager:1483 - The Die is : DIE431
2023-05-16 20:11:19,786 [INFO] ProjectBuilder:4505 - Time for Generating toolchain IDE Files: 1363mS.
2023-05-16 20:11:19,786 [INFO] ProjectBuilder:2867 - Time for Copy CMSIS : 0mS.
2023-05-16 20:11:19,786 [INFO] ProjectBuilder:2867 - Time for Copy CMSIS : 0mS.
