2023-05-04 08:55:29,248 [INFO] ApplicationProperties:184 - Using Application install path: /opt/st/stm32cubeide_1.12.0/plugins/com.st.stm32cube.common.mx_6.8.0.202302231600
2023-05-04 08:55:29,264 [INFO] DbMcusXml:78 - Set database path to: /opt/st/stm32cubeide_1.12.0/plugins/com.st.stm32cube.common.mx_6.8.0.202302231600//db//mcu/
2023-05-04 08:55:29,264 [INFO] ApiDb:274 - Set plugin database path to: /opt/st/stm32cubeide_1.12.0/plugins/com.st.stm32cube.common.mx_6.8.0.202302231600//db//plugins/boardmanager/
2023-05-04 08:55:29,266 [WARN] ApiDb:259 - Overriding images path with different value:  => /opt/st/stm32cubeide_1.12.0/plugins/com.st.stm32cube.common.mx_6.8.0.202302231600//db//plugins/mcufinder/images/
2023-05-04 08:55:29,277 [INFO] ApiDb:250 - Set database path to: /home/brati/.stmcufinder/plugins/mcufinder//mcu/
2023-05-04 08:55:29,278 [INFO] DbMcusAds:125 - Set database path to: /home/brati/.stmcufinder/plugins/mcufinder//mcu/
2023-05-04 08:55:29,577 [INFO] CrossReferenceDbSqlite:203 - Set database path to: /home/brati/.stmcufinder/plugins/mcufinder//mcu/cs/
2023-05-04 08:55:29,784 [INFO] RulesReader:64 - Compatibility file has been processed (293 Rules)
2023-05-04 08:55:29,828 [INFO] DbMcusXml:78 - Set database path to: /opt/st/stm32cubeide_1.12.0/plugins/com.st.stm32cube.common.mx_6.8.0.202302231600//db//mcu/
2023-05-04 08:55:29,829 [INFO] ApiDb:274 - Set plugin database path to: /opt/st/stm32cubeide_1.12.0/plugins/com.st.stm32cube.common.mx_6.8.0.202302231600//db//plugins/boardmanager/
2023-05-04 08:55:29,829 [INFO] ApiDb:261 - Set plugin images path to: /opt/st/stm32cubeide_1.12.0/plugins/com.st.stm32cube.common.mx_6.8.0.202302231600//db//plugins/mcufinder/images/
2023-05-04 08:55:29,829 [WARN] DbFile:41 - Overriding database path with different value: /home/brati/.stmcufinder/plugins/mcufinder/ => /home/brati/.stmcufinder/plugins/mcufinder
2023-05-04 08:55:29,829 [INFO] ApiDb:250 - Set database path to: /home/brati/.stmcufinder/plugins/mcufinder//mcu/
2023-05-04 08:55:29,829 [WARN] DbFile:41 - Overriding database path with different value: /home/brati/.stmcufinder/plugins/mcufinder/ => /home/brati/.stmcufinder/plugins/mcufinder
2023-05-04 08:55:29,829 [INFO] DbMcusAds:125 - Set database path to: /home/brati/.stmcufinder/plugins/mcufinder//mcu/
2023-05-04 08:55:29,829 [WARN] DbFile:41 - Overriding database path with different value: /home/brati/.stmcufinder/plugins/mcufinder/ => /home/brati/.stmcufinder/plugins/mcufinder
2023-05-04 08:55:29,829 [WARN] DbFile:41 - Overriding database path with different value: /home/brati/.stmcufinder/plugins/mcufinder/ => /home/brati/.stmcufinder/plugins/mcufinder
2023-05-04 08:55:29,829 [INFO] CrossReferenceDbSqlite:203 - Set database path to: /home/brati/.stmcufinder/plugins/mcufinder//mcu/cs/
2023-05-04 08:55:29,880 [INFO] MainPanel:253 - HeapMemory: 304087040
2023-05-04 08:55:29,956 [INFO] DbMcusXml:78 - Set database path to: /opt/st/stm32cubeide_1.12.0/plugins/com.st.stm32cube.common.mx_6.8.0.202302231600//db//mcu/
2023-05-04 08:55:29,956 [INFO] ApiDb:274 - Set plugin database path to: /opt/st/stm32cubeide_1.12.0/plugins/com.st.stm32cube.common.mx_6.8.0.202302231600//db//plugins/boardmanager/
2023-05-04 08:55:29,956 [INFO] ApiDb:261 - Set plugin images path to: /opt/st/stm32cubeide_1.12.0/plugins/com.st.stm32cube.common.mx_6.8.0.202302231600//db//plugins/mcufinder/images/
2023-05-04 08:55:29,956 [WARN] DbFile:41 - Overriding database path with different value: /home/brati/.stmcufinder/plugins/mcufinder/ => /home/brati/.stmcufinder/plugins/mcufinder
2023-05-04 08:55:29,956 [INFO] ApiDb:250 - Set database path to: /home/brati/.stmcufinder/plugins/mcufinder//mcu/
2023-05-04 08:55:29,956 [WARN] DbFile:41 - Overriding database path with different value: /home/brati/.stmcufinder/plugins/mcufinder/ => /home/brati/.stmcufinder/plugins/mcufinder
2023-05-04 08:55:29,956 [INFO] DbMcusAds:125 - Set database path to: /home/brati/.stmcufinder/plugins/mcufinder//mcu/
2023-05-04 08:55:29,956 [WARN] DbFile:41 - Overriding database path with different value: /home/brati/.stmcufinder/plugins/mcufinder/ => /home/brati/.stmcufinder/plugins/mcufinder
2023-05-04 08:55:29,956 [WARN] DbFile:41 - Overriding database path with different value: /home/brati/.stmcufinder/plugins/mcufinder/ => /home/brati/.stmcufinder/plugins/mcufinder
2023-05-04 08:55:29,956 [INFO] CrossReferenceDbSqlite:203 - Set database path to: /home/brati/.stmcufinder/plugins/mcufinder//mcu/cs/
2023-05-04 08:55:29,968 [INFO] ApplicationProperties:184 - Using Application install path: /opt/st/stm32cubeide_1.12.0/plugins/com.st.stm32cube.common.mx_6.8.0.202302231600
2023-05-04 08:55:29,969 [INFO] PluginManage:196 - Search for loadable plugins [exclusion list=, ]
2023-05-04 08:55:29,970 [INFO] PluginManage:310 - Check plugin analytics
2023-05-04 08:55:30,072 [INFO] AnalyticsPlugin:253 - Accepted Software Licenses: 
2023-05-04 08:55:30,072 [INFO] AnalyticsPlugin:255 - Accepted CMSIS Pack Licenses: 
2023-05-04 08:55:30,072 [INFO] AnalyticsPlugin:257 - Accepted Firmware Licenses: FW.F4.1.27.0
2023-05-04 08:55:30,074 [INFO] PluginManage:359 - Loaded plugin analytics (category:tool,tabindex:-1)
2023-05-04 08:55:30,075 [INFO] PluginManage:310 - Check plugin cadmodel
2023-05-04 08:55:30,135 [INFO] CADModel:105 - Init CAD model plugin
2023-05-04 08:55:30,136 [INFO] PluginManage:359 - Loaded plugin cadmodel (category:power,tabindex:5)
2023-05-04 08:55:30,136 [INFO] PluginManage:310 - Check plugin clock
2023-05-04 08:55:30,143 [INFO] PluginManage:359 - Loaded plugin clock (category:base,tabindex:2)
2023-05-04 08:55:30,143 [INFO] PluginManage:310 - Check plugin ddr
2023-05-04 08:55:30,145 [INFO] PluginManage:359 - Loaded plugin ddr (category:tool,tabindex:6)
2023-05-04 08:55:30,145 [INFO] PluginManage:310 - Check plugin filemanager
2023-05-04 08:55:30,259 [INFO] PluginManage:359 - Loaded plugin filemanager (category:base,tabindex:10)
2023-05-04 08:55:30,259 [INFO] PluginManage:310 - Check plugin ipmanager
2023-05-04 08:55:30,263 [INFO] PluginManage:359 - Loaded plugin ipmanager (category:base,tabindex:5)
2023-05-04 08:55:30,263 [INFO] PluginManage:310 - Check plugin lpbam
2023-05-04 08:55:30,270 [INFO] PluginManage:359 - Loaded plugin lpbam (category:base,tabindex:0)
2023-05-04 08:55:30,270 [INFO] PluginManage:310 - Check plugin pinoutandconfiguration
2023-05-04 08:55:30,277 [INFO] PluginManage:359 - Loaded plugin pinoutandconfiguration (category:base,tabindex:1)
2023-05-04 08:55:30,277 [INFO] PluginManage:310 - Check plugin pinoutconfig
2023-05-04 08:55:30,342 [WARN] SupportedApi:132 - Cannot load RTOS API schema: s4s-elt-must-match.1: The content of 'definitions' must match (annotation?, (simpleType | complexType)?, (unique | key | keyref)*)). A problem was found starting at: attribute.
2023-05-04 08:55:30,441 [INFO] PluginManage:359 - Loaded plugin pinoutconfig (category:base,tabindex:0)
2023-05-04 08:55:30,442 [INFO] PluginManage:310 - Check plugin power
2023-05-04 08:55:30,450 [INFO] PluginManage:359 - Loaded plugin power (category:power,tabindex:4)
2023-05-04 08:55:30,450 [INFO] PluginManage:310 - Check plugin projectmanager
2023-05-04 08:55:30,459 [INFO] PluginManage:359 - Loaded plugin projectmanager (category:projectmanager,tabindex:3)
2023-05-04 08:55:30,459 [INFO] PluginManage:310 - Check plugin thirdparty
2023-05-04 08:55:30,524 [INFO] PluginManage:359 - Loaded plugin thirdparty (category:base,tabindex:-1)
2023-05-04 08:55:30,523 [WARN] IntegrityCheckThread:84 - waiting for thirdparty lock release [integrity check]
2023-05-04 08:55:30,524 [INFO] PluginManage:310 - Check plugin tools
2023-05-04 08:55:30,524 [INFO] IntegrityCheckThread:86 - entering critical section [integrity check]
2023-05-04 08:55:30,525 [INFO] ThirdPartyUpdaterWithRetryManager:70 - Updater plugin not ready yet. [1/15]
2023-05-04 08:55:30,526 [INFO] PluginManage:359 - Loaded plugin tools (category:base,tabindex:7)
2023-05-04 08:55:30,526 [INFO] PluginManage:310 - Check plugin tutovideos
2023-05-04 08:55:30,656 [INFO] PluginManage:359 - Loaded plugin tutovideos (category:base,tabindex:-1)
2023-05-04 08:55:30,656 [INFO] PluginManage:310 - Check plugin updater
2023-05-04 08:55:30,666 [INFO] PluginManage:359 - Loaded plugin updater (category:base,tabindex:12)
2023-05-04 08:55:30,666 [INFO] PluginManage:283 - PluginManage : Loaded plugins [15]
2023-05-04 08:55:30,811 [INFO] PinOutPanel:1499 - setPackage(No Configuration,No Configuration)
2023-05-04 08:55:30,854 [INFO] CADModel:165 - CPN selected for project level
2023-05-04 08:55:30,854 [INFO] CADModel:114 - Register for checkConnection events
2023-05-04 08:55:30,866 [INFO] IPUIPlugin:80 - create IPUIPlugin
2023-05-04 08:55:30,868 [INFO] PluginManager:220 - loadIPPluginJar : add plateformsettings
2023-05-04 08:55:30,874 [INFO] IPUIPlugin:80 - create IPUIPlugin
2023-05-04 08:55:30,874 [INFO] PluginManager:220 - loadIPPluginJar : add pdm2pcm
2023-05-04 08:55:30,876 [INFO] IPUIPlugin:80 - create IPUIPlugin
2023-05-04 08:55:30,876 [INFO] PluginManager:220 - loadIPPluginJar : add touchsensing
2023-05-04 08:55:30,877 [INFO] IPUIPlugin:80 - create IPUIPlugin
2023-05-04 08:55:30,877 [INFO] PluginManager:220 - loadIPPluginJar : add can
2023-05-04 08:55:30,882 [INFO] IPUIPlugin:80 - create IPUIPlugin
2023-05-04 08:55:30,882 [INFO] PluginManager:220 - loadIPPluginJar : add dma
2023-05-04 08:55:30,884 [INFO] IPUIPlugin:80 - create IPUIPlugin
2023-05-04 08:55:30,884 [INFO] PluginManager:220 - loadIPPluginJar : add ipddr
2023-05-04 08:55:30,885 [INFO] IPUIPlugin:80 - create IPUIPlugin
2023-05-04 08:55:30,885 [INFO] PluginManager:220 - loadIPPluginJar : add ts
2023-05-04 08:55:30,889 [INFO] IPUIPlugin:80 - create IPUIPlugin
2023-05-04 08:55:30,889 [INFO] PluginManager:220 - loadIPPluginJar : add gic
2023-05-04 08:55:30,890 [INFO] IPUIPlugin:80 - create IPUIPlugin
2023-05-04 08:55:30,890 [INFO] PluginManager:220 - loadIPPluginJar : add lorawan
2023-05-04 08:55:30,891 [INFO] IPUIPlugin:80 - create IPUIPlugin
2023-05-04 08:55:30,891 [INFO] PluginManager:220 - loadIPPluginJar : add gfxmmu
2023-05-04 08:55:30,892 [INFO] IPUIPlugin:80 - create IPUIPlugin
2023-05-04 08:55:30,892 [INFO] PluginManager:220 - loadIPPluginJar : add tsc
2023-05-04 08:55:30,896 [INFO] IPUIPlugin:80 - create IPUIPlugin
2023-05-04 08:55:30,896 [INFO] PluginManager:220 - loadIPPluginJar : add stm32_wpan
2023-05-04 08:55:30,899 [INFO] IPUIPlugin:80 - create IPUIPlugin
2023-05-04 08:55:30,899 [INFO] PluginManager:220 - loadIPPluginJar : add nvic
2023-05-04 08:55:30,901 [INFO] IPUIPlugin:80 - create IPUIPlugin
2023-05-04 08:55:30,901 [INFO] PluginManager:220 - loadIPPluginJar : add usbx
2023-05-04 08:55:30,902 [INFO] IPUIPlugin:80 - create IPUIPlugin
2023-05-04 08:55:30,902 [INFO] PluginManager:220 - loadIPPluginJar : add i3c
2023-05-04 08:55:30,905 [INFO] IPUIPlugin:80 - create IPUIPlugin
2023-05-04 08:55:30,905 [INFO] PluginManager:220 - loadIPPluginJar : add gpio
2023-05-04 08:55:30,907 [INFO] IPUIPlugin:80 - create IPUIPlugin
2023-05-04 08:55:30,907 [INFO] PluginManager:220 - loadIPPluginJar : add sai
2023-05-04 08:55:30,910 [INFO] IPUIPlugin:80 - create IPUIPlugin
2023-05-04 08:55:30,910 [INFO] PluginManager:220 - loadIPPluginJar : add fmc
2023-05-04 08:55:30,915 [INFO] IPUIPlugin:80 - create IPUIPlugin
2023-05-04 08:55:30,915 [INFO] PluginManager:220 - loadIPPluginJar : add freertos
2023-05-04 08:55:30,917 [INFO] IPUIPlugin:80 - create IPUIPlugin
2023-05-04 08:55:30,917 [INFO] PluginManager:220 - loadIPPluginJar : add dma3
2023-05-04 08:55:30,918 [INFO] IPUIPlugin:80 - create IPUIPlugin
2023-05-04 08:55:30,918 [INFO] PluginManager:220 - loadIPPluginJar : add aes
2023-05-04 08:55:30,920 [INFO] IPUIPlugin:80 - create IPUIPlugin
2023-05-04 08:55:30,920 [INFO] PluginManager:220 - loadIPPluginJar : add gtzc
2023-05-04 08:55:30,921 [INFO] IPUIPlugin:80 - create IPUIPlugin
2023-05-04 08:55:30,921 [INFO] PluginManager:220 - loadIPPluginJar : add comp
2023-05-04 08:55:30,922 [INFO] IPUIPlugin:80 - create IPUIPlugin
2023-05-04 08:55:30,922 [INFO] PluginManager:220 - loadIPPluginJar : add usart
2023-05-04 08:55:30,923 [INFO] IPUIPlugin:80 - create IPUIPlugin
2023-05-04 08:55:30,923 [INFO] PluginManager:220 - loadIPPluginJar : add quadspi
2023-05-04 08:55:30,924 [INFO] IPUIPlugin:80 - create IPUIPlugin
2023-05-04 08:55:30,924 [INFO] PluginManager:220 - loadIPPluginJar : add dfsdm
2023-05-04 08:55:30,926 [INFO] IPUIPlugin:80 - create IPUIPlugin
2023-05-04 08:55:30,926 [INFO] PluginManager:220 - loadIPPluginJar : add hash
2023-05-04 08:55:30,927 [INFO] IPUIPlugin:80 - create IPUIPlugin
2023-05-04 08:55:30,927 [INFO] PluginManager:220 - loadIPPluginJar : add opamp
2023-05-04 08:55:30,930 [INFO] IPUIPlugin:80 - create IPUIPlugin
2023-05-04 08:55:30,930 [INFO] PluginManager:220 - loadIPPluginJar : add resmgrutility
2023-05-04 08:55:30,931 [INFO] IPUIPlugin:80 - create IPUIPlugin
2023-05-04 08:55:30,931 [INFO] PluginManager:220 - loadIPPluginJar : add ltdc
2023-05-04 08:55:30,933 [INFO] IPUIPlugin:80 - create IPUIPlugin
2023-05-04 08:55:30,933 [INFO] PluginManager:220 - loadIPPluginJar : add openamp
2023-05-04 08:55:30,934 [INFO] IPUIPlugin:80 - create IPUIPlugin
2023-05-04 08:55:30,934 [INFO] PluginManager:220 - loadIPPluginJar : add spi
2023-05-04 08:55:30,935 [INFO] IPUIPlugin:80 - create IPUIPlugin
2023-05-04 08:55:30,935 [INFO] PluginManager:220 - loadIPPluginJar : add i2c
2023-05-04 08:55:30,939 [INFO] IPUIPlugin:80 - create IPUIPlugin
2023-05-04 08:55:30,939 [INFO] PluginManager:220 - loadIPPluginJar : add mdma
2023-05-04 08:55:30,940 [INFO] IPUIPlugin:80 - create IPUIPlugin
2023-05-04 08:55:30,940 [INFO] PluginManager:220 - loadIPPluginJar : add tim
2023-05-04 08:55:30,944 [INFO] IPUIPlugin:80 - create IPUIPlugin
2023-05-04 08:55:30,944 [INFO] PluginManager:220 - loadIPPluginJar : add linkedlist
2023-05-04 08:55:30,945 [INFO] IPUIPlugin:80 - create IPUIPlugin
2023-05-04 08:55:30,945 [INFO] PluginManager:220 - loadIPPluginJar : add tracer_emb
2023-05-04 08:55:30,946 [INFO] IPUIPlugin:80 - create IPUIPlugin
2023-05-04 08:55:30,946 [INFO] PluginManager:220 - loadIPPluginJar : add genericplugin
2023-05-04 08:55:30,948 [INFO] IPUIPlugin:80 - create IPUIPlugin
2023-05-04 08:55:30,948 [INFO] PluginManager:220 - loadIPPluginJar : add cryp
2023-05-04 08:55:30,949 [INFO] IPUIPlugin:80 - create IPUIPlugin
2023-05-04 08:55:30,949 [INFO] PluginManager:220 - loadIPPluginJar : add i2s
2023-05-04 08:55:30,953 [INFO] IPUIPlugin:80 - create IPUIPlugin
2023-05-04 08:55:30,953 [INFO] PluginManager:220 - loadIPPluginJar : add adc
2023-05-04 08:55:30,954 [INFO] IPUIPlugin:80 - create IPUIPlugin
2023-05-04 08:55:30,954 [INFO] PluginManager:220 - loadIPPluginJar : add ucpd
2023-05-04 08:55:30,955 [INFO] IPUIPlugin:80 - create IPUIPlugin
2023-05-04 08:55:30,955 [INFO] PluginManager:220 - loadIPPluginJar : add fatfs
2023-05-04 08:55:31,050 [INFO] CADModel:165 - CPN selected for project level
2023-05-04 08:55:31,050 [INFO] CADModel:114 - Register for checkConnection events
2023-05-04 08:55:31,050 [FATAL] Updater:308 - Updater called before beeing initialized
2023-05-04 08:55:31,050 [ERROR] CADModel:125 - Updater not yet initialized, retry later 
2023-05-04 08:55:31,149 [INFO] CADModel:165 - CPN selected for project level
2023-05-04 08:55:31,149 [INFO] CADModel:114 - Register for checkConnection events
2023-05-04 08:55:31,149 [FATAL] Updater:308 - Updater called before beeing initialized
2023-05-04 08:55:31,149 [ERROR] CADModel:125 - Updater not yet initialized, retry later 
2023-05-04 08:55:31,152 [FATAL] Updater:308 - Updater called before beeing initialized
2023-05-04 08:55:31,231 [FATAL] Updater:308 - Updater called before beeing initialized
2023-05-04 08:55:31,237 [INFO] DbMcusAds:53 - JSON generation date=Tue Mar 07 14:20:55 IST 2023 (1678179055335)
2023-05-04 08:55:31,237 [FATAL] Updater:308 - Updater called before beeing initialized
2023-05-04 08:55:31,264 [WARN] DetailPanel:346 - Failed to get advertising image, set to default
2023-05-04 08:55:31,335 [FATAL] Updater:308 - Updater called before beeing initialized
2023-05-04 08:55:31,337 [FATAL] Updater:308 - Updater called before beeing initialized
2023-05-04 08:55:31,337 [FATAL] Updater:308 - Updater called before beeing initialized
2023-05-04 08:55:31,337 [WARN] DetailPanel:346 - Failed to get advertising image, set to default
2023-05-04 08:55:31,338 [FATAL] Updater:308 - Updater called before beeing initialized
2023-05-04 08:55:31,358 [ERROR] Updater:1120 - MainUpdater not yet initialized. External WinMGr cannot be set.
2023-05-04 08:55:31,359 [INFO] Updater:1056 - Updater Version found : 6.8.0
2023-05-04 08:55:31,371 [INFO] ApplicationProperties:184 - Using Application install path: /opt/st/stm32cubeide_1.12.0/plugins/com.st.stm32cube.common.mx_6.8.0.202302231600
2023-05-04 08:55:31,865 [INFO] MainUpdater:2854 - connection check result : 10
2023-05-04 08:55:31,866 [INFO] MainUpdater:283 - Updater Check For Update Now.
2023-05-04 08:55:31,867 [INFO] MicroXplorer:498 - Change Database Version : DB.6.0.80
2023-05-04 08:55:32,096 [INFO] CheckServerUpdateThread:120 - End of CheckServer Thread
2023-05-04 08:55:32,286 [INFO] MainUpdater:2854 - connection check result : 10
2023-05-04 08:55:32,572 [INFO] ApiDb:581 - Connected to CubeFinder SQLite database (/home/brati/.stmcufinder/plugins/mcufinder/mcu/cube-finder-db.db)
2023-05-04 08:55:32,614 [INFO] ApiDb:668 - CubeFinder database Data Model version=2.1
2023-05-04 08:55:32,614 [INFO] ApiDb:669 - CubeFinder database Configuration version=3.0.35
2023-05-04 08:55:32,615 [INFO] ApiDb:670 - CubeFinder database generation date=2023-04-03 (1680511692)
2023-05-04 08:55:32,615 [INFO] ApiDb:671 - CubeFinder database FW Pack versions=[FP-ATR-ASTRA1_V2.0.0, STM32Cube_FW_C0_V1.0.1, STM32Cube_FW_F0_V1.11.4, STM32Cube_FW_F3_V1.11.4, STM32Cube_FW_F4_V1.27.1, STM32Cube_FW_F7_V1.17.0, STM32Cube_FW_G0_V1.6.1, STM32Cube_FW_G4_V1.5.1, STM32Cube_FW_H5_V0.5.1, STM32Cube_FW_H5_V1.0.0, STM32Cube_FW_H7_V1.11.0, STM32Cube_FW_L0_V1.12.2, STM32Cube_FW_L5_V1.5.0, STM32Cube_FW_U5_V1.2.0, STM32Cube_FW_WBA_V1.0.0, STM32Cube_FW_WBA_V1.0.0RC1, STM32Cube_FW_WBA_V1.0.0RC3, STM32Cube_FW_WB_V1.15.0RC1, STM32Cube_FW_WB_V1.16.0, STM32Cube_FW_WB_V1.16.0RC2, STM32Cube_FW_WL_V1.3.0, X-CUBE-ALGOBUILD_V1.3.0, X-CUBE-ALS_V1.0.1, X-CUBE-AZRTOS-F4_V1.1.0, X-CUBE-AZRTOS-F7_V1.1.0, X-CUBE-AZRTOS-G0_V1.1.0, X-CUBE-AZRTOS-G4_V1.0.0, X-CUBE-AZRTOS-H7_V3.0.0, X-CUBE-AZRTOS-L4_V1.0.0, X-CUBE-AZRTOS-L5_V1.1.0, X-CUBE-AZRTOS-WB_V1.1.0, X-CUBE-AZRTOS-WL_V1.0.0, X-CUBE-BLE1_V6.2.4, X-CUBE-BLE2_V3.3.0, X-CUBE-BLEMGR_V1.3.0, X-CUBE-EEPRMA1_V4.1.0, X-CUBE-FREERTOS_V1.0.1, X-CUBE-GNSS1_V6.0.0, X-CUBE-MEMS1_V9.1.0, X-CUBE-MEMS1_V9.4.0, X-CUBE-MEMS1_V9.5.0, X-CUBE-NFC4_V3.0.0, X-CUBE-NFC7_V1.0.0, X-CUBE-SFXS2LP1_V4.0.0, X-CUBE-SUBG2_V5.0.0]
2023-05-04 08:55:32,724 [INFO] DbBoardsSqlite:226 - include board P-NUCLEO-WB55-NUCLEO as a kit item of type 'Nucleo-64'
2023-05-04 08:55:32,725 [INFO] DbBoardsSqlite:226 - include board P-NUCLEO-WB55-USBDONGLE as a kit item of type 'Nucleo USB Dongle'
2023-05-04 08:55:32,727 [INFO] DbBoardsSqlite:226 - include board STEVAL-IDP005V1 as a kit item of type 'Evaluation Board'
2023-05-04 08:55:32,727 [INFO] DbBoardsSqlite:226 - include board STEVAL-IDP005V2 as a kit item of type 'Evaluation Board'
2023-05-04 08:55:32,835 [INFO] ApiDb:240 - Found 297 in-development CPN: [B-G473E-ZEST1S, B-WB1M-WPAN1, B-WL5M-SUBG1, NUCLEO-C031C6, NUCLEO-H503RB, NUCLEO-H563ZI, NUCLEO-U545RE-Q, NUCLEO-U5A5ZJ-Q, NUCLEO-WBA52CG, STEVAL-PROTEUS1, STEVAL-STWINBX1, STM320518-EVAL, STM32C0116-DK, STM32C011D6Y3TR, STM32C011D6Y6TR, STM32C011F4P3, STM32C011F4P6, STM32C011F4U3, STM32C011F4U6TR, STM32C011F6P3, STM32C011F6P6, STM32C011F6U3, STM32C011F6U6TR, STM32C011J4M3, STM32C011J4M6, STM32C011J6M3, STM32C011J6M6, STM32C0316-DK, STM32C031C4T3, STM32C031C4T6, STM32C031C4U3, STM32C031C4U6, STM32C031C6T3, STM32C031C6T6, STM32C031C6U3, STM32C031C6U6, STM32C031F4P3, STM32C031F4P6, STM32C031F6P3, STM32C031F6P6, STM32C031G4U3, STM32C031G4U6, STM32C031G6U3, STM32C031G6U6, STM32C031K4T3, STM32C031K4T6, STM32C031K4U3, STM32C031K4U6, STM32C031K6T3, STM32C031K6T6, STM32C031K6U3, STM32C031K6U6, STM32G071K8TXN, STM32G071K8UXN, STM32G081GBU6N, STM32G081KBT6N, STM32G081KBUXN, STM32G0B1CCT6N, STM32G0B1KCT6, STM32G0B1NEY6TR, STM32G0B1RCT6N, STM32G0C1CCT6, STM32G0C1CCT6N, STM32G0C1CCU6N, STM32G0C1CET6N, STM32G0C1CEU6N, STM32G0C1KCT6, STM32G0C1NEY6TR, STM32G0C1RCI6N, STM32G0C1RCT6N, STM32G0C1REI6N, STM32G0C1RET6N, STM32G0C1VCI6, STM32G0C1VEI6, STM32G471CCT6, STM32G471CCU6, STM32G471CET3, STM32G471CET6, STM32G471CEU3, STM32G471CEU6, STM32G471MCT6, STM32G471MET3, STM32G471MET6, STM32G471MEY6TR, STM32G471QCT6, STM32G471QET3, STM32G471RCT6, STM32G471RET3, STM32G471RET6, STM32G471VCH6, STM32G471VCI6, STM32G471VCT6, STM32G471VEH3, STM32G471VEH6, STM32G471VEI3, STM32G471VEI6, STM32G471VET3, STM32G471VET6, STM32G474CCT6, STM32H503CBT6, STM32H503CBU6, STM32H503EBY6TR, STM32H503KBU6, STM32H503RBT6, STM32H562AGI6, STM32H562AII6, STM32H562IGK6, STM32H562IGT6, STM32H562IIK6, STM32H562IIT6, STM32H562RGT6, STM32H562RGV6, STM32H562RIT6, STM32H562RIV6, STM32H562VGT6, STM32H562VIT6, STM32H562ZGT6, STM32H562ZIT6, STM32H563AGI6, STM32H563AII3Q, STM32H563AII6, STM32H563IGK6, STM32H563IGT6, STM32H563IIK3Q, STM32H563IIK6, STM32H563IIT3Q, STM32H563IIT6, STM32H563MIY3QTR, STM32H563RGT6, STM32H563RGV6, STM32H563RIT6, STM32H563RIV6, STM32H563VGT6, STM32H563VIT3Q, STM32H563VIT6, STM32H563ZGT6, STM32H563ZIT3Q, STM32H563ZIT6, STM32H573AII3Q, STM32H573AII6, STM32H573I-DK, STM32H573IIK3Q, STM32H573IIK6, STM32H573IIT3Q, STM32H573IIT6, STM32H573MIY3QTR, STM32H573RIT6, STM32H573RIV6, STM32H573VIT3Q, STM32H573VIT6, STM32H573ZIT3Q, STM32H573ZIT6, STM32L4R5QGI6STR, STM32MP131AAE3, STM32MP131AAF3, STM32MP131AAG3, STM32MP131CAE3, STM32MP131CAF3, STM32MP131CAG3, STM32MP131DAE7, STM32MP131DAF7, STM32MP131DAG7, STM32MP131FAE7, STM32MP131FAF7, STM32MP131FAG7, STM32MP133AAE3, STM32MP133AAF3, STM32MP133AAG3, STM32MP133CAE3, STM32MP133CAF3, STM32MP133CAG3, STM32MP133DAE7, STM32MP133DAF7, STM32MP133DAG7, STM32MP133FAE7, STM32MP133FAF7, STM32MP133FAG7, STM32MP135AAE3, STM32MP135AAF3, STM32MP135AAG3, STM32MP135CAE3, STM32MP135CAF3, STM32MP135CAG3, STM32MP135DAE7, STM32MP135DAF7, STM32MP135DAG7, STM32MP135F-DK, STM32MP135FAE7, STM32MP135FAF7, STM32MP135FAF7T, STM32MP135FAF7U, STM32MP135FAG7, STM32U535CBT6, STM32U535CBT6Q, STM32U535CBU6, STM32U535CBU6Q, STM32U535CCT6, STM32U535CCT6Q, STM32U535CCU6, STM32U535CCU6Q, STM32U535CET6, STM32U535CET6Q, STM32U535CEU6, STM32U535CEU6Q, STM32U535JEY6QTR, STM32U535NCY6QTR, STM32U535NEY6QTR, STM32U535RBI6, STM32U535RBI6Q, STM32U535RBT6, STM32U535RBT6Q, STM32U535RCI6, STM32U535RCI6Q, STM32U535RCT6, STM32U535RCT6Q, STM32U535REI6, STM32U535REI6Q, STM32U535RET6, STM32U535RET6Q, STM32U535VCI6, STM32U535VCI6Q, STM32U535VCT6, STM32U535VCT6Q, STM32U535VEI6, STM32U535VEI6Q, STM32U535VET6, STM32U535VET6Q, STM32U545CET6, STM32U545CET6Q, STM32U545CEU6, STM32U545CEU6Q, STM32U545JEY6QTR, STM32U545NEY6QTR, STM32U545REI6, STM32U545REI6Q, STM32U545RET6, STM32U545RET6Q, STM32U545VEI6, STM32U545VEI6Q, STM32U545VET6, STM32U545VET6Q, STM32U595AIH6, STM32U595AIH6Q, STM32U595AJH6, STM32U595AJH6Q, STM32U595QII6, STM32U595QII6Q, STM32U595QJI6, STM32U595QJI6Q, STM32U595RIT6, STM32U595RIT6Q, STM32U595RJT6, STM32U595RJT6Q, STM32U595VIT6, STM32U595VIT6Q, STM32U595VJT6, STM32U595VJT6Q, STM32U595ZIT6, STM32U595ZIT6Q, STM32U595ZIY6QTR, STM32U595ZJT6, STM32U595ZJT6Q, STM32U595ZJY6QTR, STM32U599BJY6QTR, STM32U599NIH6Q, STM32U599NJH6Q, STM32U599VIT6Q, STM32U599VJT6, STM32U599VJT6Q, STM32U599ZIT6Q, STM32U599ZIY6QTR, STM32U599ZJT6Q, STM32U599ZJY6QTR, STM32U5A5AJH6, STM32U5A5AJH6Q, STM32U5A5QJI6, STM32U5A5QJI6Q, STM32U5A5RJT6, STM32U5A5RJT6Q, STM32U5A5VJT6, STM32U5A5VJT6Q, STM32U5A5ZJT6, STM32U5A5ZJT6Q, STM32U5A5ZJY6QTR, STM32U5A9BJY6QTR, STM32U5A9J-DK, STM32U5A9NJH6Q, STM32U5A9VJT6Q, STM32U5A9ZJT6Q, STM32U5A9ZJY6QTR, STM32WB1MMCH6, STM32WBA52CEU6, STM32WBA52CEU6T, STM32WBA52CGU6, STM32WBA52CGU6T, STM32WL5MOCH6, STM32WL5MOCH6TR]
2023-05-04 08:55:32,927 [INFO] BoardInfo:880 - No configuration file found for board P-NUCLEO-WB55
2023-05-04 08:55:32,927 [INFO] DbBoards:157 - Kit is not supported: P-NUCLEO-WB55
2023-05-04 08:55:32,931 [INFO] BoardInfo:880 - No configuration file found for board STEVAL-BFA001V1B
2023-05-04 08:55:32,931 [INFO] DbBoards:157 - Kit is not supported: STEVAL-BFA001V1B
2023-05-04 08:55:32,932 [INFO] BoardInfo:880 - No configuration file found for board STEVAL-BFA001V2B
2023-05-04 08:55:32,932 [INFO] DbBoards:157 - Kit is not supported: STEVAL-BFA001V2B
2023-05-04 08:55:33,054 [INFO] DbBoards:161 - Found 187 boards, 184 are supported
2023-05-04 08:55:33,059 [INFO] ApiDb:668 - CubeFinder database Data Model version=2.1
2023-05-04 08:55:33,059 [INFO] ApiDb:669 - CubeFinder database Configuration version=3.0.35
2023-05-04 08:55:33,059 [INFO] ApiDb:670 - CubeFinder database generation date=2023-04-03 (1680511692)
2023-05-04 08:55:33,059 [INFO] ApiDb:671 - CubeFinder database FW Pack versions=[FP-ATR-ASTRA1_V2.0.0, STM32Cube_FW_C0_V1.0.1, STM32Cube_FW_F0_V1.11.4, STM32Cube_FW_F3_V1.11.4, STM32Cube_FW_F4_V1.27.1, STM32Cube_FW_F7_V1.17.0, STM32Cube_FW_G0_V1.6.1, STM32Cube_FW_G4_V1.5.1, STM32Cube_FW_H5_V0.5.1, STM32Cube_FW_H5_V1.0.0, STM32Cube_FW_H7_V1.11.0, STM32Cube_FW_L0_V1.12.2, STM32Cube_FW_L5_V1.5.0, STM32Cube_FW_U5_V1.2.0, STM32Cube_FW_WBA_V1.0.0, STM32Cube_FW_WBA_V1.0.0RC1, STM32Cube_FW_WBA_V1.0.0RC3, STM32Cube_FW_WB_V1.15.0RC1, STM32Cube_FW_WB_V1.16.0, STM32Cube_FW_WB_V1.16.0RC2, STM32Cube_FW_WL_V1.3.0, X-CUBE-ALGOBUILD_V1.3.0, X-CUBE-ALS_V1.0.1, X-CUBE-AZRTOS-F4_V1.1.0, X-CUBE-AZRTOS-F7_V1.1.0, X-CUBE-AZRTOS-G0_V1.1.0, X-CUBE-AZRTOS-G4_V1.0.0, X-CUBE-AZRTOS-H7_V3.0.0, X-CUBE-AZRTOS-L4_V1.0.0, X-CUBE-AZRTOS-L5_V1.1.0, X-CUBE-AZRTOS-WB_V1.1.0, X-CUBE-AZRTOS-WL_V1.0.0, X-CUBE-BLE1_V6.2.4, X-CUBE-BLE2_V3.3.0, X-CUBE-BLEMGR_V1.3.0, X-CUBE-EEPRMA1_V4.1.0, X-CUBE-FREERTOS_V1.0.1, X-CUBE-GNSS1_V6.0.0, X-CUBE-MEMS1_V9.1.0, X-CUBE-MEMS1_V9.4.0, X-CUBE-MEMS1_V9.5.0, X-CUBE-NFC4_V3.0.0, X-CUBE-NFC7_V1.0.0, X-CUBE-SFXS2LP1_V4.0.0, X-CUBE-SUBG2_V5.0.0]
2023-05-04 08:55:33,593 [WARN] PackLoader:240 - Cannot read IP mode file for STMicroelectronics.X-CUBE-GNSS1.6.0.0
2023-05-04 08:55:33,612 [WARN] PackLoader:240 - Cannot read IP mode file for STMicroelectronics.X-CUBE-AZRTOS-F4.1.1.0
2023-05-04 08:55:33,631 [WARN] PackLoader:240 - Cannot read IP mode file for STMicroelectronics.X-CUBE-SMBUS.2.1.0
2023-05-04 08:55:33,633 [WARN] PackLoader:240 - Cannot read IP mode file for wolfSSL.I-CUBE-wolfSSL.5.6.0
2023-05-04 08:55:33,647 [WARN] PackLoader:240 - Cannot read IP mode file for STMicroelectronics.X-CUBE-AZRTOS-F7.1.1.0
2023-05-04 08:55:33,699 [WARN] PackLoader:240 - Cannot read IP mode file for STMicroelectronics.X-CUBE-MEMS1.9.6.0
2023-05-04 08:55:33,895 [WARN] PackLoader:240 - Cannot read IP mode file for STMicroelectronics.X-CUBE-BLE1.6.2.4
2023-05-04 08:55:33,900 [WARN] PackLoader:240 - Cannot read IP mode file for emotas.I-CUBE-CANOPEN.1.1.3
2023-05-04 08:55:33,907 [WARN] PackLoader:240 - Cannot read IP mode file for STMicroelectronics.X-CUBE-BLEMGR.2.0.0
2023-05-04 08:55:33,930 [WARN] ConditionMgr:438 - getConditionDescription Invalid condition id : UX DEVICE CLASS RTOS Condition cause : null
2023-05-04 08:55:33,930 [WARN] ConditionMgr:438 - getConditionDescription Invalid condition id : UX DEVICE CLASS RTOS Condition cause : null
2023-05-04 08:55:33,934 [WARN] PackLoader:240 - Cannot read IP mode file for STMicroelectronics.X-CUBE-AZRTOS-H7.3.1.0
2023-05-04 08:55:33,935 [WARN] ConditionMgr:1039 - genDependencies : Invalid condition id : UX DEVICE CLASS RTOS Condition cause : null
2023-05-04 08:55:33,936 [WARN] ConditionMgr:1039 - genDependencies : Invalid condition id : UX DEVICE CLASS RTOS Condition cause : null
2023-05-04 08:55:33,936 [WARN] ConditionMgr:1039 - genDependencies : Invalid condition id : UX DEVICE CLASS RTOS Condition cause : null
2023-05-04 08:55:33,937 [WARN] ConditionMgr:1039 - genDependencies : Invalid condition id : UX DEVICE CLASS RTOS Condition cause : null
2023-05-04 08:55:33,937 [WARN] ConditionMgr:1039 - genDependencies : Invalid condition id : UX DEVICE CLASS RTOS Condition cause : null
2023-05-04 08:55:33,943 [WARN] PackLoader:240 - Cannot read IP mode file for STMicroelectronics.X-CUBE-DISPLAY.3.0.0
2023-05-04 08:55:33,951 [WARN] PackLoader:240 - Cannot read IP mode file for STMicroelectronics.X-CUBE-NFC7.1.0.0
2023-05-04 08:55:33,956 [WARN] PackLoader:240 - Cannot read IP mode file for STMicroelectronics.X-CUBE-EEPRMA1.4.1.0
2023-05-04 08:55:33,962 [WARN] PackLoader:240 - Cannot read IP mode file for WES.I-CUBE-Cesium.1.3.0
2023-05-04 08:55:33,967 [WARN] PackLoader:240 - Cannot read IP mode file for STMicroelectronics.X-CUBE-SFXS2LP1.4.0.0
2023-05-04 08:55:33,971 [WARN] PackLoader:240 - Cannot read IP mode file for STMicroelectronics.X-CUBE-BLE2.3.3.0
2023-05-04 08:55:33,975 [WARN] PackLoader:240 - Cannot read IP mode file for STMicroelectronics.X-CUBE-ISPU.1.1.0
2023-05-04 08:55:33,978 [WARN] PackLoader:240 - Cannot read IP mode file for STMicroelectronics.X-CUBE-AI.8.0.0
2023-05-04 08:55:33,987 [WARN] PackLoader:240 - Cannot read IP mode file for STMicroelectronics.X-CUBE-FREERTOS.1.0.1
2023-05-04 08:55:33,990 [WARN] PackLoader:240 - Cannot read IP mode file for STMicroelectronics.X-CUBE-TOUCHGFX.4.21.3
2023-05-04 08:55:33,993 [WARN] PackLoader:240 - Cannot read IP mode file for STMicroelectronics.X-CUBE-ALGOBUILD.1.3.0
2023-05-04 08:55:34,003 [WARN] PackLoader:240 - Cannot read IP mode file for STMicroelectronics.X-CUBE-AZRTOS-L5.1.1.0
2023-05-04 08:55:34,042 [WARN] PackLoader:240 - Cannot read IP mode file for STMicroelectronics.X-CUBE-AZRTOS-G0.1.1.0
2023-05-04 08:55:34,050 [WARN] PackLoader:240 - Cannot read IP mode file for STMicroelectronics.X-CUBE-SUBG2.5.0.0
2023-05-04 08:55:34,072 [WARN] PackLoader:240 - Cannot read IP mode file for STMicroelectronics.X-CUBE-NFC4.3.0.0
2023-05-04 08:55:34,085 [WARN] PackLoader:240 - Cannot read IP mode file for STMicroelectronics.X-CUBE-AZRTOS-G4.2.0.0
2023-05-04 08:55:34,095 [WARN] PackLoader:240 - Cannot read IP mode file for STMicroelectronics.X-CUBE-TOF1.3.3.0
2023-05-04 08:55:34,103 [WARN] PackLoader:240 - Cannot read IP mode file for STMicroelectronics.FP-ATR-SIGFOX1.3.2.0
2023-05-04 08:55:34,120 [WARN] PackLoader:240 - Cannot read IP mode file for STMicroelectronics.X-CUBE-AZRTOS-L4.1.0.0
2023-05-04 08:55:34,129 [WARN] PackLoader:240 - Cannot read IP mode file for STMicroelectronics.X-CUBE-AZRTOS-WL.1.0.0
2023-05-04 08:55:34,132 [WARN] PackLoader:240 - Cannot read IP mode file for portGmbH.I-Cube-SoM-uGOAL.1.1.0
2023-05-04 08:55:34,137 [WARN] PackLoader:240 - Cannot read IP mode file for STMicroelectronics.X-CUBE-ALS.1.0.1
2023-05-04 08:55:34,145 [WARN] PackLoader:240 - Cannot read IP mode file for STMicroelectronics.X-CUBE-AZRTOS-WB.1.1.0
2023-05-04 08:55:34,172 [WARN] PackLoader:240 - Cannot read IP mode file for SEGGER.I-CUBE-embOS.1.3.1
2023-05-04 08:55:34,213 [WARN] PackLoader:240 - Cannot read IP mode file for STMicroelectronics.FP-ATR-ASTRA1.2.0.0
2023-05-04 08:55:34,215 [INFO] ThirdParty:978 - Integrity check success = true
2023-05-04 08:55:34,215 [INFO] IntegrityCheckThread:100 - exiting critical section [integrity check]
2023-05-04 08:55:34,215 [INFO] IntegrityCheckThread:103 - End integrity checks thread
2023-05-04 08:55:34,701 [INFO] ApiDb:240 - Found 297 in-development CPN: [B-G473E-ZEST1S, B-WB1M-WPAN1, B-WL5M-SUBG1, NUCLEO-C031C6, NUCLEO-H503RB, NUCLEO-H563ZI, NUCLEO-U545RE-Q, NUCLEO-U5A5ZJ-Q, NUCLEO-WBA52CG, STEVAL-PROTEUS1, STEVAL-STWINBX1, STM320518-EVAL, STM32C0116-DK, STM32C011D6Y3TR, STM32C011D6Y6TR, STM32C011F4P3, STM32C011F4P6, STM32C011F4U3, STM32C011F4U6TR, STM32C011F6P3, STM32C011F6P6, STM32C011F6U3, STM32C011F6U6TR, STM32C011J4M3, STM32C011J4M6, STM32C011J6M3, STM32C011J6M6, STM32C0316-DK, STM32C031C4T3, STM32C031C4T6, STM32C031C4U3, STM32C031C4U6, STM32C031C6T3, STM32C031C6T6, STM32C031C6U3, STM32C031C6U6, STM32C031F4P3, STM32C031F4P6, STM32C031F6P3, STM32C031F6P6, STM32C031G4U3, STM32C031G4U6, STM32C031G6U3, STM32C031G6U6, STM32C031K4T3, STM32C031K4T6, STM32C031K4U3, STM32C031K4U6, STM32C031K6T3, STM32C031K6T6, STM32C031K6U3, STM32C031K6U6, STM32G071K8TXN, STM32G071K8UXN, STM32G081GBU6N, STM32G081KBT6N, STM32G081KBUXN, STM32G0B1CCT6N, STM32G0B1KCT6, STM32G0B1NEY6TR, STM32G0B1RCT6N, STM32G0C1CCT6, STM32G0C1CCT6N, STM32G0C1CCU6N, STM32G0C1CET6N, STM32G0C1CEU6N, STM32G0C1KCT6, STM32G0C1NEY6TR, STM32G0C1RCI6N, STM32G0C1RCT6N, STM32G0C1REI6N, STM32G0C1RET6N, STM32G0C1VCI6, STM32G0C1VEI6, STM32G471CCT6, STM32G471CCU6, STM32G471CET3, STM32G471CET6, STM32G471CEU3, STM32G471CEU6, STM32G471MCT6, STM32G471MET3, STM32G471MET6, STM32G471MEY6TR, STM32G471QCT6, STM32G471QET3, STM32G471RCT6, STM32G471RET3, STM32G471RET6, STM32G471VCH6, STM32G471VCI6, STM32G471VCT6, STM32G471VEH3, STM32G471VEH6, STM32G471VEI3, STM32G471VEI6, STM32G471VET3, STM32G471VET6, STM32G474CCT6, STM32H503CBT6, STM32H503CBU6, STM32H503EBY6TR, STM32H503KBU6, STM32H503RBT6, STM32H562AGI6, STM32H562AII6, STM32H562IGK6, STM32H562IGT6, STM32H562IIK6, STM32H562IIT6, STM32H562RGT6, STM32H562RGV6, STM32H562RIT6, STM32H562RIV6, STM32H562VGT6, STM32H562VIT6, STM32H562ZGT6, STM32H562ZIT6, STM32H563AGI6, STM32H563AII3Q, STM32H563AII6, STM32H563IGK6, STM32H563IGT6, STM32H563IIK3Q, STM32H563IIK6, STM32H563IIT3Q, STM32H563IIT6, STM32H563MIY3QTR, STM32H563RGT6, STM32H563RGV6, STM32H563RIT6, STM32H563RIV6, STM32H563VGT6, STM32H563VIT3Q, STM32H563VIT6, STM32H563ZGT6, STM32H563ZIT3Q, STM32H563ZIT6, STM32H573AII3Q, STM32H573AII6, STM32H573I-DK, STM32H573IIK3Q, STM32H573IIK6, STM32H573IIT3Q, STM32H573IIT6, STM32H573MIY3QTR, STM32H573RIT6, STM32H573RIV6, STM32H573VIT3Q, STM32H573VIT6, STM32H573ZIT3Q, STM32H573ZIT6, STM32L4R5QGI6STR, STM32MP131AAE3, STM32MP131AAF3, STM32MP131AAG3, STM32MP131CAE3, STM32MP131CAF3, STM32MP131CAG3, STM32MP131DAE7, STM32MP131DAF7, STM32MP131DAG7, STM32MP131FAE7, STM32MP131FAF7, STM32MP131FAG7, STM32MP133AAE3, STM32MP133AAF3, STM32MP133AAG3, STM32MP133CAE3, STM32MP133CAF3, STM32MP133CAG3, STM32MP133DAE7, STM32MP133DAF7, STM32MP133DAG7, STM32MP133FAE7, STM32MP133FAF7, STM32MP133FAG7, STM32MP135AAE3, STM32MP135AAF3, STM32MP135AAG3, STM32MP135CAE3, STM32MP135CAF3, STM32MP135CAG3, STM32MP135DAE7, STM32MP135DAF7, STM32MP135DAG7, STM32MP135F-DK, STM32MP135FAE7, STM32MP135FAF7, STM32MP135FAF7T, STM32MP135FAF7U, STM32MP135FAG7, STM32U535CBT6, STM32U535CBT6Q, STM32U535CBU6, STM32U535CBU6Q, STM32U535CCT6, STM32U535CCT6Q, STM32U535CCU6, STM32U535CCU6Q, STM32U535CET6, STM32U535CET6Q, STM32U535CEU6, STM32U535CEU6Q, STM32U535JEY6QTR, STM32U535NCY6QTR, STM32U535NEY6QTR, STM32U535RBI6, STM32U535RBI6Q, STM32U535RBT6, STM32U535RBT6Q, STM32U535RCI6, STM32U535RCI6Q, STM32U535RCT6, STM32U535RCT6Q, STM32U535REI6, STM32U535REI6Q, STM32U535RET6, STM32U535RET6Q, STM32U535VCI6, STM32U535VCI6Q, STM32U535VCT6, STM32U535VCT6Q, STM32U535VEI6, STM32U535VEI6Q, STM32U535VET6, STM32U535VET6Q, STM32U545CET6, STM32U545CET6Q, STM32U545CEU6, STM32U545CEU6Q, STM32U545JEY6QTR, STM32U545NEY6QTR, STM32U545REI6, STM32U545REI6Q, STM32U545RET6, STM32U545RET6Q, STM32U545VEI6, STM32U545VEI6Q, STM32U545VET6, STM32U545VET6Q, STM32U595AIH6, STM32U595AIH6Q, STM32U595AJH6, STM32U595AJH6Q, STM32U595QII6, STM32U595QII6Q, STM32U595QJI6, STM32U595QJI6Q, STM32U595RIT6, STM32U595RIT6Q, STM32U595RJT6, STM32U595RJT6Q, STM32U595VIT6, STM32U595VIT6Q, STM32U595VJT6, STM32U595VJT6Q, STM32U595ZIT6, STM32U595ZIT6Q, STM32U595ZIY6QTR, STM32U595ZJT6, STM32U595ZJT6Q, STM32U595ZJY6QTR, STM32U599BJY6QTR, STM32U599NIH6Q, STM32U599NJH6Q, STM32U599VIT6Q, STM32U599VJT6, STM32U599VJT6Q, STM32U599ZIT6Q, STM32U599ZIY6QTR, STM32U599ZJT6Q, STM32U599ZJY6QTR, STM32U5A5AJH6, STM32U5A5AJH6Q, STM32U5A5QJI6, STM32U5A5QJI6Q, STM32U5A5RJT6, STM32U5A5RJT6Q, STM32U5A5VJT6, STM32U5A5VJT6Q, STM32U5A5ZJT6, STM32U5A5ZJT6Q, STM32U5A5ZJY6QTR, STM32U5A9BJY6QTR, STM32U5A9J-DK, STM32U5A9NJH6Q, STM32U5A9VJT6Q, STM32U5A9ZJT6Q, STM32U5A9ZJY6QTR, STM32WB1MMCH6, STM32WBA52CEU6, STM32WBA52CEU6T, STM32WBA52CGU6, STM32WBA52CGU6T, STM32WL5MOCH6, STM32WL5MOCH6TR]
2023-05-04 08:55:34,703 [INFO] DbMcus:216 - Found 3775 MCUs, 3775 are supported
2023-05-04 08:55:34,706 [INFO] ApiDb:423 - Load user favorites file /home/brati/.stm32cubeide/favorites.mcus.txt: 0 item(s)
2023-05-04 08:55:34,706 [INFO] ApiDb:427 - User favorites MCUs=[]
2023-05-04 08:55:34,706 [INFO] DbMcus:222 - Set 0 / 0 favorites MCUs
2023-05-04 08:55:34,927 [INFO] ApiDb:423 - Load user favorites file /home/brati/.stm32cubeide/favorites.boards.txt: 1 item(s)
2023-05-04 08:55:34,927 [INFO] ApiDb:427 - User favorites Boards=[NUCLEO-F446RE]
2023-05-04 08:55:34,927 [INFO] DbBoards:190 - Set 1 / 1 favorites Boards
2023-05-04 08:55:34,928 [INFO] McuFinderGlobals:66 - Set McuFinderConnectedMode to true
2023-05-04 08:55:34,934 [INFO] MultiScanPanel:200 - Auto-refresh data requested => check proxy status ongoing
2023-05-04 08:55:34,936 [INFO] FinderPluginLoader:95 - Searching for filters in installed packs
2023-05-04 08:55:35,963 [INFO] LoadUrlFilesThread:185 - End of LoadServerUrlFiles without Thread
2023-05-04 08:55:35,972 [INFO] DetailPanel:341 - Set advertising image to /home/brati/STM32Cube/Repository//en.prom-stm32h5-mcu-finder.jpg
2023-05-04 08:55:38,827 [INFO] MultiScanPanel:200 - Auto-refresh data requested => check proxy status ongoing
2023-05-04 08:55:39,020 [INFO] LoadUrlFilesThread:185 - End of LoadServerUrlFiles without Thread
2023-05-04 08:55:39,020 [INFO] DetailPanel:341 - Set advertising image to /home/brati/STM32Cube/Repository//en.prom-stm32h5-mcu-finder.jpg
2023-05-04 08:55:52,004 [INFO] MainUpdater:2854 - connection check result : 10
2023-05-04 08:55:52,004 [INFO] MainUpdater:2854 - connection check result : 10
2023-05-04 08:55:52,013 [INFO] MicroXplorer:468 - Change Database Path : 
2023-05-04 08:55:52,013 [INFO] MicroXplorer:498 - Change Database Version : DB.6.0.80
2023-05-04 08:55:52,014 [WARN] ThirdParty:871 - waiting for thirdparty lock release [close project]
2023-05-04 08:55:52,014 [INFO] ThirdParty:873 - entering critical section [close project]
2023-05-04 08:55:52,014 [INFO] ThirdParty:883 - exiting critical section [close project]
2023-05-04 08:55:52,017 [INFO] PinOutPanel:1499 - setPackage(No Configuration,No Configuration)
2023-05-04 08:55:52,029 [INFO] UtilMem:75 - Begin LoadConfig() Used Memory: 407174488 Bytes (514850816)
2023-05-04 08:55:52,034 [INFO] OpenFileManager:308 - Change cursor
2023-05-04 08:55:52,051 [INFO] ProjectFactory:402 - No CPN specified for board NUCLEO-F446RE => set CPN to STM32F446RET6
2023-05-04 08:55:52,052 [INFO] Mcu:1937 - Initializing MCU STM32F446R(C-E)Tx STM32F446RETx STM32F446RET6
2023-05-04 08:55:53,043 [INFO] Context:659 - Trying to add GPIOservice into a context  which must be forbidden
2023-05-04 08:55:53,453 [INFO] Rule:228 - rule 117617 - U5Cobra4M][GTZC] default value MPCBB3 and MPCBB5 - Not Secured memory - MPCBB1 is applicable
2023-05-04 08:55:53,454 [INFO] Rule:228 - rule 117617 - U5Cobra4M][GTZC] default value MPCBB3 and MPCBB5 - Not Secured memory - MPCBB1 is applicable
2023-05-04 08:55:53,454 [INFO] Rule:228 - rule 117617 - U5Cobra4M][GTZC] default value MPCBB3 and MPCBB5 - Not Secured memory - MPCBB2 is applicable
2023-05-04 08:55:53,454 [INFO] Rule:228 - rule 117617 - U5Cobra4M][GTZC] default value MPCBB3 and MPCBB5 - Not Secured memory - MPCBB2 is applicable
2023-05-04 08:55:53,454 [INFO] Rule:228 - rule 117617 - U5Cobra4M][GTZC] default value MPCBB3 and MPCBB5 - Not Secured memory - MPCBB3 is applicable
2023-05-04 08:55:53,454 [INFO] Rule:228 - rule 117617 - U5Cobra4M][GTZC] default value MPCBB3 and MPCBB5 - Not Secured memory - MPCBB3 is applicable
2023-05-04 08:55:53,454 [INFO] Rule:228 - rule 117617 - U5Cobra4M][GTZC] default value MPCBB3 and MPCBB5 - Not Secured memory - MPCBB4 is applicable
2023-05-04 08:55:53,454 [INFO] Rule:228 - rule 117617 - U5Cobra4M][GTZC] default value MPCBB3 and MPCBB5 - Not Secured memory - MPCBB4 is applicable
2023-05-04 08:55:53,454 [INFO] Rule:228 - rule 117617 - U5Cobra4M][GTZC] default value MPCBB3 and MPCBB5 - Secured memory - MPCBB1 is applicable
2023-05-04 08:55:53,454 [INFO] Rule:228 - rule 117617 - U5Cobra4M][GTZC] default value MPCBB3 and MPCBB5 - Secured memory - MPCBB2 is applicable
2023-05-04 08:55:53,454 [INFO] Rule:228 - rule 117617 - U5Cobra4M][GTZC] default value MPCBB3 and MPCBB5 - Secured memory - MPCBB3 is applicable
2023-05-04 08:55:53,454 [INFO] Rule:228 - rule 117617 - U5Cobra4M][GTZC] default value MPCBB3 and MPCBB5 - Secured memory - MPCBB4 is applicable
2023-05-04 08:55:53,454 [INFO] Rule:228 - rule 117617 - U5Cobra4M][GTZC] default value MPCBB3 and MPCBB5 - Privileged memory - MPCBB1 is applicable
2023-05-04 08:55:53,454 [INFO] Rule:228 - rule 117617 - U5Cobra4M][GTZC] default value MPCBB3 and MPCBB5 - Privileged memory - MPCBB2 is applicable
2023-05-04 08:55:53,454 [INFO] Rule:228 - rule 117617 - U5Cobra4M][GTZC] default value MPCBB3 and MPCBB5 - Privileged memory - MPCBB3 is applicable
2023-05-04 08:55:53,454 [INFO] Rule:228 - rule 117617 - U5Cobra4M][GTZC] default value MPCBB3 and MPCBB5 - Privileged memory - MPCBB4 is applicable
2023-05-04 08:55:53,454 [INFO] Rule:228 - rule 117617 - U5Cobra4M][GTZC] default value MPCBB3 and MPCBB5 - Not Privileged memory - MPCBB1 is applicable
2023-05-04 08:55:53,455 [INFO] Rule:228 - rule 117617 - U5Cobra4M][GTZC] default value MPCBB3 and MPCBB5 - Not Privileged memory - MPCBB2 is applicable
2023-05-04 08:55:53,455 [INFO] Rule:228 - rule 117617 - U5Cobra4M][GTZC] default value MPCBB3 and MPCBB5 - Not Privileged memory - MPCBB3 is applicable
2023-05-04 08:55:53,455 [INFO] Rule:228 - rule 117617 - U5Cobra4M][GTZC] default value MPCBB3 and MPCBB5 - Not Privileged memory - MPCBB4 is applicable
2023-05-04 08:55:53,455 [INFO] Rule:228 - rule 117617 - U5Cobra4M][GTZC] default value MPCBB3 and MPCBB5 - Privileged memory - MPCBB1 is applicable
2023-05-04 08:55:53,455 [INFO] Rule:228 - rule 117617 - U5Cobra4M][GTZC] default value MPCBB3 and MPCBB5 - Privileged memory - MPCBB2 is applicable
2023-05-04 08:55:53,455 [INFO] Rule:228 - rule 117617 - U5Cobra4M][GTZC] default value MPCBB3 and MPCBB5 - Privileged memory - MPCBB3 is applicable
2023-05-04 08:55:53,455 [INFO] Rule:228 - rule 117617 - U5Cobra4M][GTZC] default value MPCBB3 and MPCBB5 - Privileged memory - MPCBB4 is applicable
2023-05-04 08:55:53,455 [INFO] Rule:228 - rule 117617 - U5Cobra4M][GTZC] default value MPCBB3 and MPCBB5 - Privileged memory - MPCBB1 is applicable
2023-05-04 08:55:53,475 [INFO] Rule:228 - rule 117617 - U5Cobra4M][GTZC] default value MPCBB3 and MPCBB5 - Privileged memory - MPCBB2 is applicable
2023-05-04 08:55:53,475 [INFO] Rule:228 - rule 117617 - U5Cobra4M][GTZC] default value MPCBB3 and MPCBB5 - Privileged memory - MPCBB3 is applicable
2023-05-04 08:55:53,475 [INFO] Rule:228 - rule 117617 - U5Cobra4M][GTZC] default value MPCBB3 and MPCBB5 - Privileged memory - MPCBB4 is applicable
2023-05-04 08:55:53,475 [INFO] Rule:228 - rule 117617 - U5Cobra4M][GTZC] default value MPCBB3 and MPCBB5 - Not Privileged memory - MPCBB1 is applicable
2023-05-04 08:55:53,475 [INFO] Rule:228 - rule 117617 - U5Cobra4M][GTZC] default value MPCBB3 and MPCBB5 - Not Privileged memory - MPCBB2 is applicable
2023-05-04 08:55:53,476 [INFO] Rule:228 - rule 117617 - U5Cobra4M][GTZC] default value MPCBB3 and MPCBB5 - Not Privileged memory - MPCBB3 is applicable
2023-05-04 08:55:53,476 [INFO] Rule:228 - rule 117617 - U5Cobra4M][GTZC] default value MPCBB3 and MPCBB5 - Not Privileged memory - MPCBB4 is applicable
2023-05-04 08:55:53,476 [INFO] Rule:228 - rule 117617 - U5Cobra4M][GTZC] default value MPCBB3 and MPCBB5 - Privileged memory - MPCBB1 is applicable
2023-05-04 08:55:53,476 [INFO] Rule:228 - rule 117617 - U5Cobra4M][GTZC] default value MPCBB3 and MPCBB5 - Privileged memory - MPCBB2 is applicable
2023-05-04 08:55:53,476 [INFO] Rule:228 - rule 117617 - U5Cobra4M][GTZC] default value MPCBB3 and MPCBB5 - Privileged memory - MPCBB3 is applicable
2023-05-04 08:55:53,476 [INFO] Rule:228 - rule 117617 - U5Cobra4M][GTZC] default value MPCBB3 and MPCBB5 - Privileged memory - MPCBB4 is applicable
2023-05-04 08:55:53,476 [INFO] Rule:228 - rule Rename SubGHz_Phy SUBGHZ_APPLICATION SUBGHZ_PINGPONG to SUBGHZ_ADV_APPLICATION is applicable
2023-05-04 08:55:53,476 [INFO] Rule:228 - rule Rename Enabled to IBEACON is applicable
2023-05-04 08:55:53,476 [INFO] Rule:228 - rule GTZC_S instance for project manager is applicable
2023-05-04 08:55:53,476 [INFO] Rule:228 - rule GTZC_S instance for context M33S is applicable
2023-05-04 08:55:53,476 [INFO] Rule:228 - rule GTZC_S instance value for IP GTZC is applicable
2023-05-04 08:55:53,476 [INFO] Rule:228 - rule GTZC_S instance for mcu.IP is applicable
2023-05-04 08:55:53,476 [INFO] Rule:228 - rule GTZC_S instance for VP is applicable
2023-05-04 08:55:53,476 [INFO] Rule:228 - rule GTZC_S instance for signal is applicable
2023-05-04 08:55:53,476 [INFO] Rule:228 - rule GTZC_S instance for mcu.Pin is applicable
2023-05-04 08:55:53,476 [INFO] Rule:228 - rule GTZC_S instance for VP is applicable
2023-05-04 08:55:53,476 [INFO] Rule:228 - rule GTZC_S instance for signal is applicable
2023-05-04 08:55:53,477 [INFO] Rule:228 - rule GTZC_S instance for mcu is applicable
2023-05-04 08:55:53,477 [INFO] Rule:228 - rule GTZC_S instance for mcu.Pin is applicable
2023-05-04 08:55:53,477 [INFO] Rule:228 - rule GTZC_S instance value for IP GTZC is applicable
2023-05-04 08:55:53,477 [INFO] Rule:228 - rule GTZC_S instance for project manager is applicable
2023-05-04 08:55:53,477 [INFO] Rule:228 - rule GTZC_S instance for context M33S is applicable
2023-05-04 08:55:53,477 [INFO] Rule:228 - rule GTZC_S instance for VP is applicable
2023-05-04 08:55:53,477 [INFO] Rule:228 - rule GTZC_S instance for signal is applicable
2023-05-04 08:55:53,477 [INFO] Rule:228 - rule SPDIFRX instance for mcu is applicable
2023-05-04 08:55:53,477 [INFO] Rule:228 - rule Rename Tracer Mode is applicable
2023-05-04 08:55:53,477 [INFO] Rule:228 - rule SPDIFRX instance value for IP SPDIFRX is applicable
2023-05-04 08:55:53,477 [INFO] Rule:228 - rule SPDIFRX instance for signal is applicable
2023-05-04 08:55:53,477 [INFO] Rule:228 - rule SPDIFRX instance for project manager is applicable
2023-05-04 08:55:53,477 [INFO] Rule:228 - rule SPDIFRX instance for project manager is applicable
2023-05-04 08:55:53,477 [INFO] Rule:228 - rule ADC Scan  fix with FW F7 is applicable
2023-05-04 08:55:53,477 [INFO] Rule:228 - rule ADC Scan  fix with FW F7 is applicable
2023-05-04 08:55:53,477 [INFO] Rule:228 - rule DFSDM instance value for IP DFSDM is applicable
2023-05-04 08:55:53,477 [INFO] Rule:228 - rule DFSDM instance for mcu is applicable
2023-05-04 08:55:53,477 [INFO] Rule:228 - rule DFSDM instance for VP is applicable
2023-05-04 08:55:53,478 [INFO] Rule:228 - rule DFSDM instance for signal is applicable
2023-05-04 08:55:53,478 [INFO] Rule:228 - rule DFSDM instance for shared is applicable
2023-05-04 08:55:53,478 [INFO] Rule:228 - rule BreakInputSource parameter for IP Timer is applicable
2023-05-04 08:55:53,478 [INFO] Rule:228 - rule Sourcebreak parameter for IP Timer is applicable
2023-05-04 08:55:53,478 [INFO] Rule:228 - rule Sourcebreak parameter for IP Timer is applicable
2023-05-04 08:55:53,478 [INFO] Rule:228 - rule DFSDM for PCC is applicable
2023-05-04 08:55:53,478 [INFO] Rule:228 - rule Serial_Wire Mode is applicable
2023-05-04 08:55:53,478 [INFO] Rule:228 - rule JTAG_4_pins Mode is applicable
2023-05-04 08:55:53,478 [INFO] Rule:228 - rule JTAG_5_pins Mode is applicable
2023-05-04 08:55:53,478 [INFO] Rule:228 - rule Trace_Asynchronous_SW Mode is applicable
2023-05-04 08:55:53,478 [INFO] Rule:228 - rule Trace_Synchro_1bit_JTAG Mode is applicable
2023-05-04 08:55:53,478 [INFO] Rule:228 - rule Trace_Synchro_2bits_JTAG Mode is applicable
2023-05-04 08:55:53,478 [INFO] Rule:228 - rule Trace_Synchro_4bits_JTAG Mode is applicable
2023-05-04 08:55:53,478 [INFO] Rule:228 - rule Trace_Synchro_1bit_SW Mode is applicable
2023-05-04 08:55:53,478 [INFO] Rule:228 - rule Trace_Synchro_2bits_SW Mode is applicable
2023-05-04 08:55:53,478 [INFO] Rule:228 - rule Trace_Synchro_4bits_SW Mode is applicable
2023-05-04 08:55:53,478 [INFO] Rule:228 - rule SYS_WakeUp0 Mode is applicable
2023-05-04 08:55:53,478 [INFO] Rule:228 - rule SYS_WakeUp0 Mode for STM32F446 is applicable
2023-05-04 08:55:53,479 [INFO] Rule:228 - rule SYS_WakeUp1 Mode is applicable
2023-05-04 08:55:53,479 [INFO] Rule:228 - rule SYS_WakeUp1 Mode for STM32F446 is applicable
2023-05-04 08:55:53,479 [INFO] Rule:228 - rule SYS_WakeUp2 Mode is applicable
2023-05-04 08:55:53,479 [INFO] Rule:228 - rule SYS_WakeUp3 Mode is applicable
2023-05-04 08:55:53,479 [INFO] Rule:228 - rule SYS_WakeUp4 Mode is applicable
2023-05-04 08:55:53,479 [INFO] Rule:228 - rule SYS_WakeUp5 Mode is applicable
2023-05-04 08:55:53,479 [INFO] Rule:228 - rule SYS_WakeUp6 Mode is applicable
2023-05-04 08:55:53,479 [INFO] Rule:228 - rule SYS_WakeUp7 Mode is applicable
2023-05-04 08:55:53,479 [INFO] Rule:228 - rule WakeUp0 Mode is applicable
2023-05-04 08:55:53,479 [INFO] Rule:228 - rule WakeUp0 SIGNAL is applicable
2023-05-04 08:55:53,479 [INFO] Rule:228 - rule WakeUp1 Mode is applicable
2023-05-04 08:55:53,479 [INFO] Rule:228 - rule WakeUp1 SIGNAL is applicable
2023-05-04 08:55:53,479 [INFO] Rule:228 - rule WakeUp2 Mode is applicable
2023-05-04 08:55:53,479 [INFO] Rule:228 - rule WakeUp2 SIGNAL is applicable
2023-05-04 08:55:53,480 [INFO] Rule:228 - rule WakeUp4 Mode is applicable
2023-05-04 08:55:53,480 [INFO] Rule:228 - rule WakeUp4 SIGNAL is applicable
2023-05-04 08:55:53,480 [INFO] Rule:228 - rule WakeUp5 Mode is applicable
2023-05-04 08:55:53,480 [INFO] Rule:228 - rule WakeUp5 SIGNAL is applicable
2023-05-04 08:55:53,480 [INFO] Rule:228 - rule Mode_PVD_Ext is applicable
2023-05-04 08:55:53,480 [INFO] Rule:228 - rule Mode_PVD_Int is applicable
2023-05-04 08:55:53,480 [INFO] Rule:228 - rule Add RTC Activate Clock Source is applicable
2023-05-04 08:55:53,480 [INFO] Rule:228 - rule Add RTC Activate Calendar 1 is applicable
2023-05-04 08:55:53,480 [INFO] Rule:228 - rule Add RTC Activate Calendar 2 is applicable
2023-05-04 08:55:53,480 [INFO] Rule:228 - rule Add RTC Activate Calendar 3 is applicable
2023-05-04 08:55:53,480 [INFO] Rule:228 - rule UART/USART TX Mode is applicable
2023-05-04 08:55:53,480 [INFO] Rule:228 - rule UART/USART RX Mode is applicable
2023-05-04 08:55:53,480 [INFO] Rule:228 - rule UART/USART RX TX Mode is applicable
2023-05-04 08:55:53,480 [INFO] Rule:228 - rule UART/USART PARITY NONE is applicable
2023-05-04 08:55:53,480 [INFO] Rule:228 - rule UART/USART PARITY EVEN is applicable
2023-05-04 08:55:53,480 [INFO] Rule:228 - rule UART/USART PARITY ODD is applicable
2023-05-04 08:55:53,481 [INFO] Rule:228 - rule USART StopBits 1 is applicable
2023-05-04 08:55:53,481 [INFO] Rule:228 - rule USART StopBits 2 is applicable
2023-05-04 08:55:53,481 [INFO] Rule:228 - rule USART StopBits 1.5 is applicable
2023-05-04 08:55:53,481 [INFO] Rule:228 - rule USART StopBits 0.5 is applicable
2023-05-04 08:55:53,481 [INFO] Rule:228 - rule UART/USART WORD LENGTH 7 is applicable
2023-05-04 08:55:53,481 [INFO] Rule:228 - rule UART/USART WORD LENGTH 8 is applicable
2023-05-04 08:55:53,481 [INFO] Rule:228 - rule UART/USART WORD LENGTH 9 is applicable
2023-05-04 08:55:53,481 [INFO] Rule:228 - rule Rename FMC NAND NCE signal is applicable
2023-05-04 08:55:53,481 [INFO] Rule:228 - rule Rename FMC NAND INT signal is applicable
2023-05-04 08:55:53,481 [INFO] Rule:228 - rule Change Default Value for LSE Drive Capability for WB family is applicable
2023-05-04 08:55:53,481 [INFO] Rule:228 - rule Change Default Value for ADC Clock Prescaler G0 family is applicable
2023-05-04 08:55:53,481 [INFO] Rule:228 - rule Change Default Value for ADC ExternalTrigConv L4 family is applicable
2023-05-04 08:55:53,481 [INFO] Rule:228 - rule Change Default Value for ADC ExternalTrigInjecConv L4 family is applicable
2023-05-04 08:55:53,481 [INFO] Rule:228 - rule Change Default Value for ADC ExternalTrigConv F3 family is applicable
2023-05-04 08:55:53,481 [INFO] Rule:228 - rule Change Default Value for ADC ExternalTrigInjecConv F3 family is applicable
2023-05-04 08:55:53,481 [INFO] Rule:228 - rule Change Default Value for ADC ExternalTrigConv Goldfish serie is applicable
2023-05-04 08:55:53,481 [INFO] Rule:228 - rule Change Default Value for ADC ExternalTrigInjecConv Goldfish serie is applicable
2023-05-04 08:55:53,482 [INFO] Rule:228 - rule Change Default Value for ADC ExternalTrigConv L0 family is applicable
2023-05-04 08:55:53,482 [INFO] Rule:228 - rule Change Default Value for ADC ExternalTrigConv F0 family is applicable
2023-05-04 08:55:53,482 [INFO] Rule:228 - rule Change Default Value for ADC ExternalTrigConvn L1 family is applicable
2023-05-04 08:55:53,482 [INFO] Rule:228 - rule Change Default Value for ADC ExternalTrigInjecConv L1 family is applicable
2023-05-04 08:55:53,482 [INFO] Rule:228 - rule Change Default Value for ADC ExternalTrigConv F1 family is applicable
2023-05-04 08:55:53,482 [INFO] Rule:228 - rule Change Default Value for ADC ExternalTrigInjecConv F1 family is applicable
2023-05-04 08:55:53,482 [INFO] Rule:228 - rule Change Default Value for ADC ExternalTrigConv F7 family is applicable
2023-05-04 08:55:53,482 [INFO] Rule:228 - rule Change Default Value for ADC ExternalTrigInjecConv F7 family is applicable
2023-05-04 08:55:53,482 [INFO] Rule:228 - rule Change Default Value for ADC ExternalTrigConv F4 and F2 family is applicable
2023-05-04 08:55:53,482 [INFO] Rule:228 - rule Change Default Value for ADC ExternalTrigInjecConv F4 and F2 family is applicable
2023-05-04 08:55:53,482 [INFO] Rule:228 - rule ADC SamplingTime fix with FW L0  is applicable
2023-05-04 08:55:53,482 [INFO] Rule:228 - rule ADC SamplingTime fix with FW L0  is applicable
2023-05-04 08:55:53,482 [INFO] Rule:228 - rule ADC SamplingTime fix with FW L0 is applicable
2023-05-04 08:55:53,482 [INFO] Rule:228 - rule ADC SamplingTime fix with FW L0 is applicable
2023-05-04 08:55:53,482 [INFO] Rule:228 - rule ADC SamplingTime fix with FW L0  is applicable
2023-05-04 08:55:53,482 [INFO] Rule:228 - rule ADC SamplingTime fix with FW L0 is applicable
2023-05-04 08:55:53,482 [INFO] Rule:228 - rule Rename USB_OE Signal is applicable
2023-05-04 08:55:53,482 [INFO] Rule:228 - rule Rename Activate_OE Mode is applicable
2023-05-04 08:55:53,483 [INFO] Rule:228 - rule Rename DIE462/DIE415 pin PC14/OSC32_IN -> PC14-OSC32_IN (PC14) is applicable
2023-05-04 08:55:53,483 [INFO] Rule:228 - rule Rename DIE462/DIE415 pin PC15/OSC32_OUT -> PC15-OSC32_OUT (PC15) is applicable
2023-05-04 08:55:53,483 [INFO] Rule:228 - rule Rename DIE462/DIE415 pin PH0/OSC_IN -> PH0-OSC_IN (PH0) is applicable
2023-05-04 08:55:53,483 [INFO] Rule:228 - rule Rename DIE462/DIE415 pin PH1/OSC_OUT -> PH1-OSC_OUT (PH1) is applicable
2023-05-04 08:55:53,483 [INFO] Rule:228 - rule Rename DIE462 pin PA13 -> PA13 (JTMS/SWDIO) is applicable
2023-05-04 08:55:53,483 [INFO] Rule:228 - rule Rename DIE415 pin PA13 -> PA13 (JTMS/SWDIO) is applicable
2023-05-04 08:55:53,483 [INFO] Rule:228 - rule Rename DIE462 pin PA14 -> PA14 (JTCK/SWCLK) is applicable
2023-05-04 08:55:53,483 [INFO] Rule:228 - rule Rename DIE415 pin PA14 -> PA14 (JTCK/SWCLK) is applicable
2023-05-04 08:55:53,483 [INFO] Rule:228 - rule Rename DIE462/DIE415 pin PA15 -> PA15 (JTDI) is applicable
2023-05-04 08:55:53,483 [INFO] Rule:228 - rule Rename DIE462 pin PB3 -> PB3 (JTD0/TRACESWO) is applicable
2023-05-04 08:55:53,483 [INFO] Rule:228 - rule Rename DIE415 pin PB3 -> PB3 (JTD0-TRACESWO) is applicable
2023-05-04 08:55:53,483 [INFO] Rule:228 - rule Rename DIE462/DIE415 pin PB4 -> PB4 (NJTRST) is applicable
2023-05-04 08:55:53,483 [INFO] Rule:228 - rule Rename DIE462 pin PH3/BOOT0 -> PH3-BOOT0 (BOOT0) is applicable
2023-05-04 08:55:53,483 [INFO] Rule:228 - rule Rename CRYP DataEncryptionTypesList to Algorithm is applicable
2023-05-04 08:55:53,483 [INFO] Rule:228 - rule Rename AES DataEncryptionTypesList to Algorithm is applicable
2023-05-04 08:55:53,483 [INFO] Rule:228 - rule Rename TDESECB to CRYP_TDES_ECB is applicable
2023-05-04 08:55:53,483 [INFO] Rule:228 - rule Rename TDESCBC to CRYP_TDES_CBC is applicable
2023-05-04 08:55:53,483 [INFO] Rule:228 - rule Rename DESECB to CRYP_DES_ECB is applicable
2023-05-04 08:55:53,484 [INFO] Rule:228 - rule Rename DESCBC to CRYP_DES_CBC is applicable
2023-05-04 08:55:53,484 [INFO] Rule:228 - rule Rename AESECB to CRYP_AES_ECB is applicable
2023-05-04 08:55:53,484 [INFO] Rule:228 - rule Rename AESCBC to CRYP_AES_CBC is applicable
2023-05-04 08:55:53,484 [INFO] Rule:228 - rule Rename AESCTR to CRYP_AES_CTR is applicable
2023-05-04 08:55:53,484 [INFO] Rule:228 - rule Rename AESGCM to CRYP_AES_GCM is applicable
2023-05-04 08:55:53,484 [INFO] Rule:228 - rule Rename AESCCM to CRYP_AES_CCM is applicable
2023-05-04 08:55:53,484 [INFO] Rule:228 - rule Rename CAN TimeSeg1 to BS1 is applicable
2023-05-04 08:55:53,484 [INFO] Rule:228 - rule Rename CAN TimeSeg2 to BS2 is applicable
2023-05-04 08:55:53,484 [INFO] Rule:228 - rule Rename CAN SyncJumpWidth to SJW is applicable
2023-05-04 08:55:53,484 [INFO] Rule:228 - rule TimeTriggeredMode to TTCM is applicable
2023-05-04 08:55:53,484 [INFO] Rule:228 - rule Rename CAN AutoBusOff to ABOM is applicable
2023-05-04 08:55:53,484 [INFO] Rule:228 - rule Rename CAN AutoWakeUp to AWUM is applicable
2023-05-04 08:55:53,484 [INFO] Rule:228 - rule Rename CAN AutoRetransmission to NART is applicable
2023-05-04 08:55:53,484 [INFO] Rule:228 - rule Rename CAN ReceiveFifoLocked to RFLM is applicable
2023-05-04 08:55:53,484 [INFO] Rule:228 - rule Rename CAN TransmitFifoPriority to TXFP is applicable
2023-05-04 08:55:53,484 [INFO] Rule:228 - rule Rename HRTIMER HRTIM_OUTPUTFAULTLEVEL_HIGH in HRTIMER HRTIM_OUTPUTFAULTLEVEL_HIGHZ is applicable
2023-05-04 08:55:53,484 [INFO] Rule:228 - rule Rename TIMER TIM_CLEARINPUTSOURCE_OCREFCLR in  TIMER TIM_CLEARINPUTSOURCE_NONE for F7 family is applicable
2023-05-04 08:55:53,484 [INFO] Rule:228 - rule FDCAN_R1 - Rename FDCAN mode Master into Classic is applicable
2023-05-04 08:55:53,484 [INFO] Rule:228 - rule FDCAN_R2 - Rename FDCAN mode Slave into Classic is applicable
2023-05-04 08:55:53,485 [INFO] Rule:228 - rule FDCAN1_R3 - if PA10.Mode=FullDuplex, add Pin PA12 is applicable
2023-05-04 08:55:53,485 [INFO] Rule:228 - rule FDCAN1_R3 - if PA9.Mode=FullDuplex, add Pin PA11 is applicable
2023-05-04 08:55:53,485 [INFO] Rule:228 - rule FDCAN1_R3 - Alternatepin_1 - if PE1.Mode=FullDuplex, add Pin PB9 is applicable
2023-05-04 08:55:53,485 [INFO] Rule:228 - rule FDCAN1_R3 - Alternatepin_1 - if PE0.Mode=FullDuplex, add Pin PB8 is applicable
2023-05-04 08:55:53,485 [INFO] Rule:228 - rule FDCAN1_R3 - Alternatepin_2 - if PD5.Mode=FullDuplex, add Pin PD1 is applicable
2023-05-04 08:55:53,485 [INFO] Rule:228 - rule FDCAN1_R3 - Alternatepin_2 - if PD4.Mode=FullDuplex, add Pin PD0 is applicable
2023-05-04 08:55:53,485 [INFO] Rule:228 - rule FDCAN1_R4 - Rename Mode FullDuplex into Enable FDCAN_TXFD for pin PA10 is applicable
2023-05-04 08:55:53,485 [INFO] Rule:228 - rule FDCAN1_R4 - Rename Mode FullDuplex into Enable FDCAN_TXFD for pin PA9 is applicable
2023-05-04 08:55:53,485 [INFO] Rule:228 - rule FDCAN1_R4 - Alternatepin_1 - Rename Mode FullDuplex into Enable FDCAN_TXFD for pin PE1 is applicable
2023-05-04 08:55:53,485 [INFO] Rule:228 - rule FDCAN1_R4 - Alternatepin_1 - Rename Mode FullDuplex into Enable FDCAN_TXFD for pin PE0 is applicable
2023-05-04 08:55:53,485 [INFO] Rule:228 - rule FDCAN1_R4 - Alternatepin_2 - Rename Mode FullDuplex into Enable FDCAN_TXFD for pin PD5 is applicable
2023-05-04 08:55:53,485 [INFO] Rule:228 - rule FDCAN1_R4 - Alternatepin_2 - Rename Mode FullDuplex into Enable FDCAN_TXFD for pin PD4 is applicable
2023-05-04 08:55:53,485 [INFO] Rule:228 - rule FDCAN2_R3 - if PD10.Mode=FullDuplex, add Pin PB13 is applicable
2023-05-04 08:55:53,485 [INFO] Rule:228 - rule FDCAN2_R3 - if PD9.Mode=FullDuplex, add Pin PB12 is applicable
2023-05-04 08:55:53,485 [INFO] Rule:228 - rule FDCAN2_R3 - Alternatepin_1 - if PB7.Mode=FullDuplex, add Pin PB6 is applicable
2023-05-04 08:55:53,485 [INFO] Rule:228 - rule FDCAN2_R3 - Alternatepin_1 - if PD9.Mode=FullDuplex, add Pin PB12 is applicable
2023-05-04 08:55:53,485 [INFO] Rule:228 - rule FDCAN2_R4 - Rename Mode FullDuplex into Enable FDCAN_TXFD for pin PD10 is applicable
2023-05-04 08:55:53,485 [INFO] Rule:228 - rule FDCAN2_R4 - Rename Mode FullDuplex into Enable FDCAN_TXFD for pin PD9 is applicable
2023-05-04 08:55:53,485 [INFO] Rule:228 - rule FDCAN2_R4 - Alternatepin_1 - Rename Mode FullDuplex into Enable FDCAN_TXFD for pin PB7 is applicable
2023-05-04 08:55:53,486 [INFO] Rule:228 - rule FDCAN2_R4 - Alternatepin_1 - Rename Mode FullDuplex into Enable FDCAN_TXFD for pin PD6 is applicable
2023-05-04 08:55:53,486 [INFO] Rule:228 - rule USART TxPinLevelInvertParam Mode is applicable
2023-05-04 08:55:53,486 [INFO] Rule:228 - rule USART RxPinLevelInvertParam Mode is applicable
2023-05-04 08:55:53,486 [INFO] Rule:228 - rule USART DataInvertParam Mode is applicable
2023-05-04 08:55:53,486 [INFO] Rule:228 - rule USART SwapParam Mode is applicable
2023-05-04 08:55:53,486 [INFO] Rule:228 - rule USART OverrunDisableParam Mode is applicable
2023-05-04 08:55:53,486 [INFO] Rule:228 - rule USART DMADisableonRxErrorParam Mode is applicable
2023-05-04 08:55:53,486 [INFO] Rule:228 - rule USART MSBFirstParam Mode is applicable
2023-05-04 08:55:53,486 [INFO] Rule:228 - rule Update MwName for USB_DEVICE is applicable
2023-05-04 08:55:53,486 [INFO] Rule:228 - rule Change PWR_Regulator_Voltage_Scale Default Value for RCC  H7 family is applicable
2023-05-04 08:55:53,486 [INFO] Rule:228 - rule UART/USART IPParameter rename Prescaler parameter to ClockPrescaler is applicable
2023-05-04 08:55:53,486 [INFO] Rule:228 - rule UART/USART Prescaler rename Prescaler parameter to ClockPrescaler is applicable
2023-05-04 08:55:53,486 [INFO] Rule:228 - rule TIM1CLockSelection is applicable
2023-05-04 08:55:53,486 [INFO] Rule:228 - rule TIM15CLockSelection is applicable
2023-05-04 08:55:53,486 [INFO] Rule:228 - rule align RCC SDMMC3CLockSelection default value on MP1 is applicable
2023-05-04 08:55:53,486 [INFO] Rule:228 - rule align RCC SDMMC12CLockSelection default value on MP1 is applicable
2023-05-04 08:55:53,486 [INFO] Rule:228 - rule align RCC QSPICLockSelection default value on MP1 is applicable
2023-05-04 08:55:53,486 [INFO] Rule:228 - rule align RCC QSPICLockSelection default value on MP1 is applicable
2023-05-04 08:55:53,486 [INFO] Rule:228 - rule align RCC SPI6CLockSelection default value on MP1 is applicable
2023-05-04 08:55:53,487 [INFO] Rule:228 - rule align RCC LPTIM23CLockSelection default value on MP1 is applicable
2023-05-04 08:55:53,487 [INFO] Rule:228 - rule align RCC LPTIM1CLockSelection default value on MP1 is applicable
2023-05-04 08:55:53,487 [INFO] Rule:228 - rule align RCC USART1CLockSelection default value on MP1 is applicable
2023-05-04 08:55:53,487 [INFO] Rule:228 - rule align RCC USART24CLockSelection default value on MP1 is applicable
2023-05-04 08:55:53,487 [INFO] Rule:228 - rule align RCC USART6CLockSelection default value on MP1 is applicable
2023-05-04 08:55:53,487 [INFO] Rule:228 - rule align RCC UART78CLockSelection default value on MP1 is applicable
2023-05-04 08:55:53,487 [INFO] Rule:228 - rule align RCC USART35CLockSelection default value on MP1 is applicable
2023-05-04 08:55:53,487 [INFO] Rule:228 - rule align RCC SPI45CLockSelection default value on MP1 is applicable
2023-05-04 08:55:53,487 [INFO] Rule:228 - rule align RCC I2C46CLockSelection BCLK value on MP1 is applicable
2023-05-04 08:55:53,487 [INFO] Rule:228 - rule align RCC SPI45CLockSelection default value on MP1 is applicable
2023-05-04 08:55:53,487 [INFO] Rule:228 - rule align RCC I2C12CLockSelection default value on MP1 is applicable
2023-05-04 08:55:53,487 [INFO] Rule:228 - rule align RCC I2C35CLockSelection default value on MP1 is applicable
2023-05-04 08:55:53,488 [INFO] Rule:228 - rule align RCC LPTIM45CLockSelection default value on MP1 is applicable
2023-05-04 08:55:53,488 [INFO] Rule:228 - rule Rename DCMI PIXCK signal is applicable
2023-05-04 08:55:53,488 [INFO] Rule:228 - rule Change Default Value for I2C46CLockSelection MP1 family is applicable
2023-05-04 08:55:53,488 [INFO] Rule:228 - rule Change Default Value for UART for G4, G0 and WB families is applicable
2023-05-04 08:55:53,488 [INFO] Rule:228 - rule Change Default Value for USART for G4, G0 and WB families is applicable
2023-05-04 08:55:53,488 [INFO] Rule:228 - rule Change Default Value for USART for G4 family is applicable
2023-05-04 08:55:53,488 [INFO] Rule:228 - rule Change USART1CLockSelection refparam name for MP1 is applicable
2023-05-04 08:55:53,488 [INFO] Rule:228 - rule Change USART2CLockSelection refparam name for MP1 is applicable
2023-05-04 08:55:53,488 [INFO] Rule:228 - rule Change USART3CLockSelection refparam name for MP1 is applicable
2023-05-04 08:55:53,488 [INFO] Rule:228 - rule Change UART4CLockSelection refparam name for MP1 is applicable
2023-05-04 08:55:53,488 [INFO] Rule:228 - rule Change UART5CLockSelection refparam name for MP1 is applicable
2023-05-04 08:55:53,488 [INFO] Rule:228 - rule Change LPUART1CLockSelection refparam name for MP1 is applicable
2023-05-04 08:55:53,488 [INFO] Rule:228 - rule Change LPTIM1CLockSelection refparam name for MP1 is applicable
2023-05-04 08:55:53,488 [INFO] Rule:228 - rule Change LPTIM2CLockSelection refparam name for MP1 is applicable
2023-05-04 08:55:53,488 [INFO] Rule:228 - rule Change RCC_MCO1Source refparam name for MP1 is applicable
2023-05-04 08:55:53,488 [INFO] Rule:228 - rule Change LSCOSource1 refparam name for MP1 is applicable
2023-05-04 08:55:53,489 [INFO] Rule:228 - rule Change SMPSCLockSelection refparam name for MP1 is applicable
2023-05-04 08:55:53,489 [INFO] Rule:228 - rule Change LPTIM3CLockSelection refparam name for MP1 is applicable
2023-05-04 08:55:53,489 [INFO] Rule:228 - rule Change MPCBB* Default Template Mode to Parameters is applicable
2023-05-04 08:55:53,489 [INFO] Rule:228 - rule Change MPCWM* or MPCBB* Secure Mode to Parameters is applicable
2023-05-04 08:55:53,489 [INFO] Rule:228 - rule Change MPCWM* or MPCBB* No Secure Mode to Parameters is applicable
2023-05-04 08:55:53,489 [INFO] Rule:228 - rule Change TZSC IP Secure Mode to Parameters is applicable
2023-05-04 08:55:53,489 [INFO] Rule:228 - rule Change TZSC IP No Secure Mode to Parameters is applicable
2023-05-04 08:55:53,489 [INFO] Rule:228 - rule Change TZSC IP Privilege Mode to Parameters is applicable
2023-05-04 08:55:53,489 [INFO] Rule:228 - rule Change TZSC IP No Privilege Mode to Parameters is applicable
2023-05-04 08:55:53,489 [INFO] Rule:228 - rule Change TZIC IT Secure Mode to Parameters is applicable
2023-05-04 08:55:53,489 [INFO] Rule:228 - rule Change TZIC IT No Secure Mode to Parameters is applicable
2023-05-04 08:55:53,489 [INFO] Rule:228 - rule Add MPCBB1_NonSecureArea_Start_Address value with referenced to MPCBB1_NonSecureArea_Start value is applicable
2023-05-04 08:55:53,489 [INFO] Rule:228 - rule Add MPCBB2_NonSecureArea_Start_Address value with referenced to MPCBB2_NonSecureArea_Start value is applicable
2023-05-04 08:55:53,489 [INFO] Rule:228 - rule Add MPCWM1_NonSecureArea*_Start_Address value with referenced to MPCWM1_NonSecureArea*_Start value is applicable
2023-05-04 08:55:53,489 [INFO] Rule:228 - rule Add MPCWM2_NonSecureArea*_Start_Address value with referenced to MPCWM2_NonSecureArea*_Start value is applicable
2023-05-04 08:55:53,489 [INFO] Rule:228 - rule Add MPCWM3_NonSecureArea_Start_Address value with referenced to MPCWM3_NonSecureArea_Start value is applicable
2023-05-04 08:55:53,489 [INFO] Rule:228 - rule Change Default Value for PLL1UserDefinedConfig is applicable
2023-05-04 08:55:53,489 [INFO] Rule:228 - rule Change GPIO_PuPd Default Value for USART in async mode is applicable
2023-05-04 08:55:53,490 [INFO] Rule:228 - rule Change SMPSDivider Default Value is applicable
2023-05-04 08:55:53,490 [INFO] Rule:228 - rule OPAMP is applicable
2023-05-04 08:55:53,490 [INFO] Rule:228 - rule LPUART IPParameter rename Prescaler parameter to ClockPrescaler for STM32H7 is applicable
2023-05-04 08:55:53,490 [INFO] Rule:228 - rule LPUART IPParameter rename Prescaler parameter to ClockPrescaler for STM32H7 is applicable
2023-05-04 08:55:53,490 [INFO] Rule:228 - rule LPUART IPParameter rename Prescaler parameter to ClockPrescaler for STM32WB is applicable
2023-05-04 08:55:53,490 [INFO] Rule:228 - rule LPUART IPParameter rename Prescaler parameter to ClockPrescaler for STM32WB is applicable
2023-05-04 08:55:53,490 [INFO] Rule:228 - rule LPUART IPParameter rename Prescaler parameter to ClockPrescaler for STM32G4 is applicable
2023-05-04 08:55:53,490 [INFO] Rule:228 - rule LPUART IPParameter rename Prescaler parameter to ClockPrescaler for STM32G4 is applicable
2023-05-04 08:55:53,490 [INFO] Rule:228 - rule LPUART IPParameter rename Prescaler parameter to ClockPrescaler for STM32L5 is applicable
2023-05-04 08:55:53,490 [INFO] Rule:228 - rule LPUART IPParameter rename Prescaler parameter to ClockPrescaler for STM32L5 is applicable
2023-05-04 08:55:53,490 [INFO] Rule:228 - rule LPUART IPParameter rename Prescaler parameter to ClockPrescaler for STM32G4 is applicable
2023-05-04 08:55:53,490 [INFO] Rule:228 - rule LPUART IPParameter rename Prescaler parameter to ClockPrescaler for STM32G4 is applicable
2023-05-04 08:55:53,490 [INFO] Rule:228 - rule USB device lib V2.5.3 for L0 rename USBD_SUPPORT_USER_STRING parameter to USBD_SUPPORT_USER_STRING_DESC4 is applicable
2023-05-04 08:55:53,490 [INFO] Rule:228 - rule I2SCLockSelection clock entry align is applicable
2023-05-04 08:55:53,490 [INFO] Rule:228 - rule Assign TIMx context if used as SYS timebase is applicable
2023-05-04 08:55:53,490 [INFO] Rule:228 - rule Change GPIO_Pu Default Value for I2C is applicable
2023-05-04 08:55:53,490 [INFO] Rule:228 - rule Change GPIO_Pu Default Value for SMBus is applicable
2023-05-04 08:55:53,491 [INFO] Rule:228 - rule change FDCAN default value is applicable
2023-05-04 08:55:53,491 [INFO] Rule:228 - rule Change mode sai is applicable
2023-05-04 08:55:53,491 [INFO] Rule:228 - rule **Change sai mode is applicable
2023-05-04 08:55:53,508 [INFO] DbConfProperties:307 - Apply Compatibility (78/289 Rules)
2023-05-04 08:55:53,526 [INFO] ImportTextPane:194 - (OptionalMessage_ERROR) Unable to find key (Mcu.ThirdPartyNb) in loaded IOC file
2023-05-04 08:55:53,693 [INFO] RtosManager:555 - Registered RTOS mode: class=CMSIS, group=RTOS, mode=CMSIS_V1, owner=FREERTOS
2023-05-04 08:55:53,693 [INFO] RtosManager:555 - Registered RTOS mode: class=CMSIS, group=RTOS2, mode=CMSIS_V2, owner=FREERTOS
2023-05-04 08:55:53,694 [INFO] RtosManager:555 - Registered RTOS mode: class=RTOS, group=Core, mode=CMSIS_V1, owner=FREERTOS
2023-05-04 08:55:53,694 [INFO] RtosManager:555 - Registered RTOS mode: class=RTOS, group=Core, mode=CMSIS_V2, owner=FREERTOS
2023-05-04 08:55:53,694 [WARN] ModelIntegratedComponent:184 - Missing modes for component STMicroelectronics:FreeRTOS:0.0.1:STMicroelectronics:RTOS:FreeRTOS:Core:::10.2.0:
2023-05-04 08:55:53,711 [WARN] ModelIntegratedComponent:63 - No mode defined for component null
2023-05-04 08:55:53,711 [WARN] ModelIntegratedComponent:63 - No mode defined for component null
2023-05-04 08:55:53,711 [WARN] ModelIntegratedComponent:63 - No mode defined for component null
2023-05-04 08:55:53,711 [WARN] ModelIntegratedComponent:63 - No mode defined for component null
2023-05-04 08:55:53,711 [WARN] ModelIntegratedComponent:63 - No mode defined for component null
2023-05-04 08:55:53,711 [WARN] ModelIntegratedComponent:63 - No mode defined for component null
2023-05-04 08:55:53,712 [WARN] ModelIntegratedComponent:63 - No mode defined for component null
2023-05-04 08:55:53,712 [WARN] ModelIntegratedComponent:63 - No mode defined for component null
2023-05-04 08:55:53,712 [WARN] ModelIntegratedComponent:63 - No mode defined for component null
2023-05-04 08:55:53,712 [WARN] ModelIntegratedComponent:63 - No mode defined for component null
2023-05-04 08:55:53,712 [WARN] ModelIntegratedComponent:63 - No mode defined for component null
2023-05-04 08:55:53,712 [WARN] ModelIntegratedComponent:63 - No mode defined for component null
2023-05-04 08:55:53,712 [WARN] ModelIntegratedComponent:63 - No mode defined for component null
2023-05-04 08:55:53,712 [WARN] ModelIntegratedComponent:63 - No mode defined for component null
2023-05-04 08:55:53,712 [WARN] ModelIntegratedComponent:63 - No mode defined for component null
2023-05-04 08:55:53,712 [WARN] ModelIntegratedComponent:63 - No mode defined for component null
2023-05-04 08:55:53,712 [WARN] ModelIntegratedComponent:63 - No mode defined for component null
2023-05-04 08:55:53,712 [WARN] ModelIntegratedComponent:63 - No mode defined for component null
2023-05-04 08:55:53,712 [WARN] ModelIntegratedComponent:63 - No mode defined for component null
2023-05-04 08:55:53,712 [WARN] ModelIntegratedComponent:63 - No mode defined for component null
2023-05-04 08:55:53,712 [WARN] ModelIntegratedComponent:63 - No mode defined for component null
2023-05-04 08:55:53,712 [WARN] ModelIntegratedComponent:63 - No mode defined for component null
2023-05-04 08:55:53,712 [WARN] ModelIntegratedComponent:63 - No mode defined for component null
2023-05-04 08:55:53,712 [WARN] ModelIntegratedComponent:63 - No mode defined for component null
2023-05-04 08:55:53,712 [WARN] ModelIntegratedComponent:63 - No mode defined for component null
2023-05-04 08:55:53,712 [WARN] ModelIntegratedComponent:63 - No mode defined for component null
2023-05-04 08:55:53,712 [WARN] ModelIntegratedComponent:63 - No mode defined for component null
2023-05-04 08:55:53,712 [WARN] ModelIntegratedComponent:63 - No mode defined for component null
2023-05-04 08:55:53,713 [WARN] ModelIntegratedComponent:63 - No mode defined for component null
2023-05-04 08:55:53,713 [WARN] ModelIntegratedComponent:63 - No mode defined for component null
2023-05-04 08:55:53,713 [WARN] ModelIntegratedComponent:63 - No mode defined for component null
2023-05-04 08:55:53,713 [WARN] ModelIntegratedComponent:63 - No mode defined for component null
2023-05-04 08:55:53,713 [WARN] ModelIntegratedComponent:63 - No mode defined for component null
2023-05-04 08:55:53,729 [INFO] ThirdPartyModel:298 - Start build external matchings
2023-05-04 08:55:54,001 [INFO] ThirdPartyModel:316 - End build external matchings
2023-05-04 08:55:54,150 [INFO] UtilMem:75 - End LoadConfig() Used Memory: 415096448 Bytes (514850816)
2023-05-04 08:55:54,235 [WARN] ThirdParty:833 - waiting for thirdparty lock release [change project]
2023-05-04 08:55:54,235 [INFO] ThirdParty:835 - entering critical section [change project]
2023-05-04 08:55:54,236 [INFO] ThirdParty:1030 - CMSIS Pack Vendor :STMicroelectronics X-CUBE-ISPU 1.1.0
2023-05-04 08:55:54,236 [INFO] ThirdParty:1030 - CMSIS Pack Vendor :STMicroelectronics X-CUBE-GNSS1 6.0.0
2023-05-04 08:55:54,236 [INFO] ThirdParty:1030 - CMSIS Pack Vendor :STMicroelectronics USB_HOST 2.0.0
2023-05-04 08:55:54,236 [INFO] ThirdParty:1030 - CMSIS Pack Vendor :STMicroelectronics X-CUBE-AZRTOS-F4 1.1.0
2023-05-04 08:55:54,236 [INFO] ThirdParty:1030 - CMSIS Pack Vendor :STMicroelectronics LIBJPEG 8.0.0
2023-05-04 08:55:54,236 [INFO] ThirdParty:1030 - CMSIS Pack Vendor :STMicroelectronics X-CUBE-SMBUS 2.1.0
2023-05-04 08:55:54,236 [INFO] ThirdParty:1030 - CMSIS Pack Vendor :wolfSSL I-CUBE-wolfSSL 5.6.0
2023-05-04 08:55:54,236 [INFO] ThirdParty:1030 - CMSIS Pack Vendor :STMicroelectronics USB_DEVICE 3.0.0
2023-05-04 08:55:54,236 [INFO] ThirdParty:1030 - CMSIS Pack Vendor :STMicroelectronics X-CUBE-AI 8.0.0
2023-05-04 08:55:54,236 [INFO] ThirdParty:1030 - CMSIS Pack Vendor :STMicroelectronics X-CUBE-FREERTOS 1.0.1
2023-05-04 08:55:54,236 [INFO] ThirdParty:1030 - CMSIS Pack Vendor :STMicroelectronics X-CUBE-TOUCHGFX 4.21.3
2023-05-04 08:55:54,236 [INFO] ThirdParty:1030 - CMSIS Pack Vendor :STMicroelectronics X-CUBE-AZRTOS-F7 1.1.0
2023-05-04 08:55:54,236 [INFO] ThirdParty:1030 - CMSIS Pack Vendor :STMicroelectronics USB_DEVICE 2.0.0
2023-05-04 08:55:54,236 [INFO] ThirdParty:1030 - CMSIS Pack Vendor :STMicroelectronics X-CUBE-MEMS1 9.6.0
2023-05-04 08:55:54,236 [INFO] ThirdParty:1030 - CMSIS Pack Vendor :STMicroelectronics X-CUBE-ALGOBUILD 1.3.0
2023-05-04 08:55:54,236 [INFO] ThirdParty:1030 - CMSIS Pack Vendor :STMicroelectronics X-CUBE-BLE1 6.2.4
2023-05-04 08:55:54,236 [INFO] ThirdParty:1030 - CMSIS Pack Vendor :STMicroelectronics X-CUBE-AZRTOS-L5 1.1.0
2023-05-04 08:55:54,236 [INFO] ThirdParty:1030 - CMSIS Pack Vendor :STMicroelectronics FreeRTOS 0.0.1
2023-05-04 08:55:54,236 [INFO] ThirdParty:1030 - CMSIS Pack Vendor :emotas I-CUBE-CANOPEN 1.1.3
2023-05-04 08:55:54,236 [INFO] ThirdParty:1030 - CMSIS Pack Vendor :STMicroelectronics X-CUBE-AZRTOS-G0 1.1.0
2023-05-04 08:55:54,236 [INFO] ThirdParty:1030 - CMSIS Pack Vendor :STMicroelectronics X-CUBE-BLEMGR 2.0.0
2023-05-04 08:55:54,236 [INFO] ThirdParty:1030 - CMSIS Pack Vendor :STMicroelectronics X-CUBE-SUBG2 5.0.0
2023-05-04 08:55:54,236 [INFO] ThirdParty:1030 - CMSIS Pack Vendor :STMicroelectronics X-CUBE-NFC4 3.0.0
2023-05-04 08:55:54,236 [INFO] ThirdParty:1030 - CMSIS Pack Vendor :STMicroelectronics STM32_WPAN 1.0.0
2023-05-04 08:55:54,236 [INFO] ThirdParty:1030 - CMSIS Pack Vendor :STMicroelectronics lwIP 2.0.3
2023-05-04 08:55:54,236 [INFO] ThirdParty:1030 - CMSIS Pack Vendor :STMicroelectronics USB_HOST 1.0.0
2023-05-04 08:55:54,236 [INFO] ThirdParty:1030 - CMSIS Pack Vendor :STMicroelectronics X-CUBE-AZRTOS-G4 2.0.0
2023-05-04 08:55:54,236 [INFO] ThirdParty:1030 - CMSIS Pack Vendor :STMicroelectronics PDM2PCM 3.1.0
2023-05-04 08:55:54,236 [INFO] ThirdParty:1030 - CMSIS Pack Vendor :STMicroelectronics X-CUBE-AZRTOS-H7 3.1.0
2023-05-04 08:55:54,237 [INFO] ThirdParty:1030 - CMSIS Pack Vendor :STMicroelectronics X-CUBE-TOF1 3.3.0
2023-05-04 08:55:54,237 [INFO] ThirdParty:1030 - CMSIS Pack Vendor :STMicroelectronics PDM2PCM 3.3.0
2023-05-04 08:55:54,237 [INFO] ThirdParty:1030 - CMSIS Pack Vendor :STMicroelectronics X-CUBE-DISPLAY 3.0.0
2023-05-04 08:55:54,237 [INFO] ThirdParty:1030 - CMSIS Pack Vendor :STMicroelectronics FP-ATR-SIGFOX1 3.2.0
2023-05-04 08:55:54,237 [INFO] ThirdParty:1030 - CMSIS Pack Vendor :STMicroelectronics X-CUBE-AZRTOS-L4 1.0.0
2023-05-04 08:55:54,237 [INFO] ThirdParty:1030 - CMSIS Pack Vendor :STMicroelectronics HAL Drivers 0.0.0
2023-05-04 08:55:54,237 [INFO] ThirdParty:1030 - CMSIS Pack Vendor :STMicroelectronics MBEDTLS 2.16.2
2023-05-04 08:55:54,237 [INFO] ThirdParty:1030 - CMSIS Pack Vendor :STMicroelectronics MBEDTLS 2.14.1
2023-05-04 08:55:54,237 [INFO] ThirdParty:1030 - CMSIS Pack Vendor :STMicroelectronics X-CUBE-NFC7 1.0.0
2023-05-04 08:55:54,237 [INFO] ThirdParty:1030 - CMSIS Pack Vendor :STMicroelectronics X-CUBE-AZRTOS-WL 1.0.0
2023-05-04 08:55:54,237 [INFO] ThirdParty:1030 - CMSIS Pack Vendor :STMicroelectronics X-CUBE-EEPRMA1 4.1.0
2023-05-04 08:55:54,237 [INFO] ThirdParty:1030 - CMSIS Pack Vendor :portGmbH I-Cube-SoM-uGOAL 1.1.0
2023-05-04 08:55:54,237 [INFO] ThirdParty:1030 - CMSIS Pack Vendor :STMicroelectronics X-CUBE-ALS 1.0.1
2023-05-04 08:55:54,237 [INFO] ThirdParty:1030 - CMSIS Pack Vendor :STMicroelectronics ThreadX 1.0.0
2023-05-04 08:55:54,237 [INFO] ThirdParty:1030 - CMSIS Pack Vendor :STMicroelectronics X-CUBE-AZRTOS-WB 1.1.0
2023-05-04 08:55:54,237 [INFO] ThirdParty:1030 - CMSIS Pack Vendor :SEGGER I-CUBE-embOS 1.3.1
2023-05-04 08:55:54,237 [INFO] ThirdParty:1030 - CMSIS Pack Vendor :STMicroelectronics USB_DEVICE 1.0.0
2023-05-04 08:55:54,237 [INFO] ThirdParty:1030 - CMSIS Pack Vendor :STMicroelectronics ThreadX 0.0.2
2023-05-04 08:55:54,237 [INFO] ThirdParty:1030 - CMSIS Pack Vendor :WES I-CUBE-Cesium 1.3.0
2023-05-04 08:55:54,237 [INFO] ThirdParty:1030 - CMSIS Pack Vendor :STMicroelectronics FP-ATR-ASTRA1 2.0.0
2023-05-04 08:55:54,237 [INFO] ThirdParty:1030 - CMSIS Pack Vendor :STMicroelectronics lwIP 2.1.2
2023-05-04 08:55:54,237 [INFO] ThirdParty:1030 - CMSIS Pack Vendor :STMicroelectronics X-CUBE-SFXS2LP1 4.0.0
2023-05-04 08:55:54,237 [INFO] ThirdParty:1030 - CMSIS Pack Vendor :STMicroelectronics X-CUBE-BLE2 3.3.0
2023-05-04 08:55:54,237 [INFO] ThirdParty:1030 - CMSIS Pack Vendor :STMicroelectronics PDM2PCM 3.2.0
2023-05-04 08:55:54,237 [INFO] ThirdParty:841 - exiting critical section [change project]
2023-05-04 08:55:54,542 [INFO] PinOutPanel:1499 - setPackage(No Configuration,No Configuration)
2023-05-04 08:55:54,543 [INFO] PinOutPanel:1499 - setPackage(STM32F446RETx,LQFP64)
2023-05-04 08:55:54,994 [INFO] UtilMem:75 - Before build in PCC Used Memory: 374787456 Bytes (514850816)
2023-05-04 08:55:55,460 [INFO] UtilMem:75 - After build in PCC Used Memory: 411238016 Bytes (514850816)
2023-05-04 08:55:55,483 [INFO] IPUIPlugin:80 - create IPUIPlugin
2023-05-04 08:55:55,483 [INFO] IPUIPlugin:80 - create IPUIPlugin
2023-05-04 08:55:55,483 [INFO] IPUIPlugin:80 - create IPUIPlugin
2023-05-04 08:55:55,483 [INFO] IPUIPlugin:80 - create IPUIPlugin
2023-05-04 08:55:55,483 [INFO] IPUIPlugin:80 - create IPUIPlugin
2023-05-04 08:55:55,483 [INFO] IPUIPlugin:80 - create IPUIPlugin
2023-05-04 08:55:55,483 [INFO] IPUIPlugin:80 - create IPUIPlugin
2023-05-04 08:55:55,483 [INFO] IPUIPlugin:80 - create IPUIPlugin
2023-05-04 08:55:55,484 [INFO] IPUIPlugin:80 - create IPUIPlugin
2023-05-04 08:55:55,484 [INFO] IPUIPlugin:80 - create IPUIPlugin
2023-05-04 08:55:55,484 [INFO] IPUIPlugin:80 - create IPUIPlugin
2023-05-04 08:55:55,484 [INFO] IPUIPlugin:80 - create IPUIPlugin
2023-05-04 08:55:55,484 [INFO] IPUIPlugin:80 - create IPUIPlugin
2023-05-04 08:55:55,484 [INFO] IPUIPlugin:80 - create IPUIPlugin
2023-05-04 08:55:55,484 [INFO] IPUIPlugin:80 - create IPUIPlugin
2023-05-04 08:55:55,484 [INFO] IPUIPlugin:80 - create IPUIPlugin
2023-05-04 08:55:55,484 [INFO] IPUIPlugin:80 - create IPUIPlugin
2023-05-04 08:55:55,484 [INFO] IPUIPlugin:80 - create IPUIPlugin
2023-05-04 08:55:55,485 [INFO] IPUIPlugin:80 - create IPUIPlugin
2023-05-04 08:55:55,485 [INFO] IPUIPlugin:80 - create IPUIPlugin
2023-05-04 08:55:55,485 [INFO] IPUIPlugin:80 - create IPUIPlugin
2023-05-04 08:55:55,485 [INFO] IPUIPlugin:80 - create IPUIPlugin
2023-05-04 08:55:55,485 [INFO] IPUIPlugin:80 - create IPUIPlugin
2023-05-04 08:55:55,485 [INFO] IPUIPlugin:80 - create IPUIPlugin
2023-05-04 08:55:55,485 [INFO] IPUIPlugin:80 - create IPUIPlugin
2023-05-04 08:55:55,485 [INFO] IPUIPlugin:80 - create IPUIPlugin
2023-05-04 08:55:55,485 [INFO] IPUIPlugin:80 - create IPUIPlugin
2023-05-04 08:55:55,486 [INFO] IPUIPlugin:80 - create IPUIPlugin
2023-05-04 08:55:55,486 [INFO] IPUIPlugin:80 - create IPUIPlugin
2023-05-04 08:55:55,486 [INFO] IPUIPlugin:80 - create IPUIPlugin
2023-05-04 08:55:55,486 [INFO] IPUIPlugin:80 - create IPUIPlugin
2023-05-04 08:55:55,486 [INFO] IPUIPlugin:80 - create IPUIPlugin
2023-05-04 08:55:55,486 [INFO] IPUIPlugin:80 - create IPUIPlugin
2023-05-04 08:55:55,486 [INFO] IPUIPlugin:80 - create IPUIPlugin
2023-05-04 08:55:55,487 [INFO] IPUIPlugin:80 - create IPUIPlugin
2023-05-04 08:55:55,487 [INFO] IPUIPlugin:80 - create IPUIPlugin
2023-05-04 08:55:55,487 [INFO] IPUIPlugin:80 - create IPUIPlugin
2023-05-04 08:55:55,487 [INFO] IPUIPlugin:80 - create IPUIPlugin
2023-05-04 08:55:55,487 [INFO] IPUIPlugin:80 - create IPUIPlugin
2023-05-04 08:55:55,487 [INFO] IPUIPlugin:80 - create IPUIPlugin
2023-05-04 08:55:55,488 [INFO] IPUIPlugin:80 - create IPUIPlugin
2023-05-04 08:55:55,488 [INFO] IPUIPlugin:80 - create IPUIPlugin
2023-05-04 08:55:55,488 [INFO] IPUIPlugin:80 - create IPUIPlugin
2023-05-04 08:55:55,488 [INFO] IPUIPlugin:80 - create IPUIPlugin
2023-05-04 08:55:55,488 [INFO] IPUIPlugin:80 - create IPUIPlugin
2023-05-04 08:55:55,488 [INFO] IPUIPlugin:80 - create IPUIPlugin
2023-05-04 08:55:55,489 [INFO] IPUIPlugin:80 - create IPUIPlugin
2023-05-04 08:55:55,489 [INFO] IPUIPlugin:80 - create IPUIPlugin
2023-05-04 08:55:55,489 [INFO] IPUIPlugin:80 - create IPUIPlugin
2023-05-04 08:55:55,489 [INFO] IPUIPlugin:80 - create IPUIPlugin
2023-05-04 08:55:55,489 [INFO] IPUIPlugin:80 - create IPUIPlugin
2023-05-04 08:55:55,489 [INFO] IPUIPlugin:80 - create IPUIPlugin
2023-05-04 08:55:55,489 [INFO] IPUIPlugin:80 - create IPUIPlugin
2023-05-04 08:55:55,490 [INFO] IPUIPlugin:80 - create IPUIPlugin
2023-05-04 08:55:55,490 [INFO] IPUIPlugin:80 - create IPUIPlugin
2023-05-04 08:55:55,490 [INFO] IPUIPlugin:80 - create IPUIPlugin
2023-05-04 08:55:55,490 [INFO] IPUIPlugin:80 - create IPUIPlugin
2023-05-04 08:55:55,491 [INFO] IPUIPlugin:80 - create IPUIPlugin
2023-05-04 08:55:55,491 [INFO] IPUIPlugin:80 - create IPUIPlugin
2023-05-04 08:55:55,491 [INFO] IPUIPlugin:80 - create IPUIPlugin
2023-05-04 08:55:55,538 [INFO] ApiDbMcu:507 - Load IP Config File for PDM2PCM
2023-05-04 08:55:55,663 [INFO] CADModel:165 - CPN selected for project levelSTM32F446RET6
2023-05-04 08:55:55,663 [INFO] CADModel:114 - Register for checkConnection events
2023-05-04 08:55:55,702 [INFO] OpenFileManager:328 - Restore cursor
2023-05-04 08:55:56,086 [INFO] UtilMem:75 - End SaveConfig() Used Memory: 344952704 Bytes (514850816)
2023-05-04 08:55:56,125 [INFO] UtilMem:75 - End SaveConfig() Used Memory: 365408136 Bytes (514850816)
2023-05-04 08:55:56,546 [INFO] BlockDiagram:2759 - set Specific Code input for plugin: RCC
2023-05-04 08:55:56,547 [INFO] BlockDiagram:2759 - set Specific Code input for plugin: NVIC
2023-05-04 08:55:56,547 [INFO] BlockDiagram:2759 - set Specific Code input for plugin: GPIO
2023-05-04 08:55:56,548 [INFO] CodeGenerator:793 - code generatio: config db path: /opt/st/stm32cubeide_1.12.0/plugins/com.st.stm32cube.common.mx_6.8.0.202302231600//db/
2023-05-04 08:55:56,957 [INFO] CodeEngine:255 - oldGeneratedFile, /home/brati/STM32CubeIDE/workspace_1.12.0/free RTOsTest/MXTmpFiles/license.tmp_save
2023-05-04 08:55:57,265 [INFO] CodeEngine:279 - Generated code: /home/brati/STM32CubeIDE/workspace_1.12.0/free RTOsTest/MXTmpFiles/license.tmp
2023-05-04 08:55:57,305 [INFO] CodeEngine:255 - oldGeneratedFile, /home/brati/STM32CubeIDE/workspace_1.12.0/free RTOsTest/MXTmpFiles/gpio.tmp_save
2023-05-04 08:55:57,382 [INFO] CodeEngine:279 - Generated code: /home/brati/STM32CubeIDE/workspace_1.12.0/free RTOsTest/MXTmpFiles/gpio.tmp
2023-05-04 08:55:57,386 [INFO] CodeEngine:255 - oldGeneratedFile, /home/brati/STM32CubeIDE/workspace_1.12.0/free RTOsTest/Core/Src/stm32f4xx_it.c_save
2023-05-04 08:55:57,476 [INFO] CodeEngine:279 - Generated code: /home/brati/STM32CubeIDE/workspace_1.12.0/free RTOsTest/Core/Src/stm32f4xx_it.c
2023-05-04 08:55:57,477 [INFO] CodeEngine:255 - oldGeneratedFile, /home/brati/STM32CubeIDE/workspace_1.12.0/free RTOsTest/Core/Inc/stm32f4xx_it.h_save
2023-05-04 08:55:57,535 [INFO] CodeEngine:279 - Generated code: /home/brati/STM32CubeIDE/workspace_1.12.0/free RTOsTest/Core/Inc/stm32f4xx_it.h
2023-05-04 08:55:57,551 [INFO] CodeEngine:255 - oldGeneratedFile, /home/brati/STM32CubeIDE/workspace_1.12.0/free RTOsTest/Core/Src/stm32f4xx_hal_msp.c_save
2023-05-04 08:55:57,621 [INFO] CodeEngine:279 - Generated code: /home/brati/STM32CubeIDE/workspace_1.12.0/free RTOsTest/Core/Src/stm32f4xx_hal_msp.c
2023-05-04 08:55:57,623 [INFO] CodeEngine:255 - oldGeneratedFile, /home/brati/STM32CubeIDE/workspace_1.12.0/free RTOsTest/MXTmpFiles/system.tmp_save
2023-05-04 08:55:57,670 [INFO] CodeEngine:279 - Generated code: /home/brati/STM32CubeIDE/workspace_1.12.0/free RTOsTest/MXTmpFiles/system.tmp
2023-05-04 08:55:57,674 [INFO] CodeEngine:311 - oldGeneratedFile, /home/brati/STM32CubeIDE/workspace_1.12.0/free RTOsTest/Core/Inc/stm32f4xx_hal_conf.h_save
2023-05-04 08:55:57,729 [INFO] CodeEngine:335 - Generated code: /home/brati/STM32CubeIDE/workspace_1.12.0/free RTOsTest/Core/Inc/stm32f4xx_hal_conf.h
2023-05-04 08:55:57,758 [WARN] IPConfigManager:2937 - Warning: the RefConfig PLL2P_FOR_MCO is not available in your config.xml file
2023-05-04 08:55:57,764 [INFO] CodeEngine:255 - oldGeneratedFile, /home/brati/STM32CubeIDE/workspace_1.12.0/free RTOsTest/Core/Inc/main.h_save
2023-05-04 08:55:57,828 [INFO] CodeEngine:279 - Generated code: /home/brati/STM32CubeIDE/workspace_1.12.0/free RTOsTest/Core/Inc/main.h
2023-05-04 08:55:57,829 [INFO] CodeEngine:255 - oldGeneratedFile, /home/brati/STM32CubeIDE/workspace_1.12.0/free RTOsTest/Core/Src/main.c_save
2023-05-04 08:55:57,920 [INFO] CodeEngine:279 - Generated code: /home/brati/STM32CubeIDE/workspace_1.12.0/free RTOsTest/Core/Src/main.c
2023-05-04 08:55:58,511 [INFO] ProjectBuilder:2996 - Time for Copy HAL[1] : 41mS.
2023-05-04 08:55:58,520 [INFO] ProjectBuilder:4304 - Project Generator version: 3.19.2
2023-05-04 08:55:58,866 [INFO] ConfigFileManager:1483 - The Die is : DIE421
2023-05-04 08:55:58,877 [INFO] ApiDbMcu:507 - Load IP Config File for FATFS
2023-05-04 08:55:58,886 [INFO] ApiDbMcu:507 - Load IP Config File for FREERTOS
2023-05-04 08:55:58,889 [INFO] ApiDbMcu:507 - Load IP Config File for LIBJPEG
2023-05-04 08:55:58,897 [INFO] ApiDbMcu:507 - Load IP Config File for MBEDTLS
2023-05-04 08:55:58,907 [INFO] ApiDbMcu:507 - Load IP Config File for USB_DEVICE
2023-05-04 08:55:58,911 [INFO] ApiDbMcu:507 - Load IP Config File for USB_HOST
2023-05-04 08:56:00,852 [INFO] ProjectBuilder:4505 - Time for Generating toolchain IDE Files: 2332mS.
2023-05-04 08:56:00,853 [INFO] ProjectBuilder:2867 - Time for Copy CMSIS : 1mS.
2023-05-04 08:56:00,853 [INFO] ProjectBuilder:2867 - Time for Copy CMSIS : 0mS.
2023-05-04 08:56:01,264 [INFO] McuFinderGlobals:66 - Set McuFinderConnectedMode to true
2023-05-04 08:56:01,268 [INFO] ApiDb:448 - Save user favorites file /home/brati/.stm32cubeide/favorites.mcus.txt: 0 item(s)
2023-05-04 08:56:01,268 [INFO] ApiDb:452 - User favorites MCUs=[]
2023-05-04 08:56:01,269 [INFO] ApiDb:448 - Save user favorites file /home/brati/.stm32cubeide/favorites.boards.txt: 1 item(s)
2023-05-04 08:56:01,269 [INFO] ApiDb:452 - User favorites Boards=[NUCLEO-F446RE]
2023-05-04 09:00:15,915 [INFO] UtilMem:75 - End SaveConfig() Used Memory: 605845392 Bytes (806354944)
2023-05-04 09:00:17,218 [INFO] UtilMem:75 - End SaveConfig() Used Memory: 659322768 Bytes (806354944)
2023-05-04 09:00:18,627 [INFO] UtilMem:75 - End SaveConfig() Used Memory: 468601240 Bytes (806354944)
2023-05-04 09:00:18,832 [INFO] BlockDiagram:2759 - set Specific Code input for plugin: SYS
2023-05-04 09:00:18,833 [INFO] BlockDiagram:2759 - set Specific Code input for plugin: RCC
2023-05-04 09:00:18,833 [INFO] BlockDiagram:2759 - set Specific Code input for plugin: NVIC
2023-05-04 09:00:18,833 [INFO] BlockDiagram:2759 - set Specific Code input for plugin: GPIO
2023-05-04 09:00:18,834 [INFO] CodeGenerator:793 - code generatio: config db path: /opt/st/stm32cubeide_1.12.0/plugins/com.st.stm32cube.common.mx_6.8.0.202302231600//db/
2023-05-04 09:00:19,087 [INFO] CodeEngine:255 - oldGeneratedFile, /home/brati/STM32CubeIDE/workspace_1.12.0/free RTOsTest/MXTmpFiles/license.tmp_save
2023-05-04 09:00:19,139 [INFO] CodeEngine:279 - Generated code: /home/brati/STM32CubeIDE/workspace_1.12.0/free RTOsTest/MXTmpFiles/license.tmp
2023-05-04 09:00:19,148 [INFO] CodeEngine:255 - oldGeneratedFile, /home/brati/STM32CubeIDE/workspace_1.12.0/free RTOsTest/MXTmpFiles/gpio.tmp_save
2023-05-04 09:00:19,198 [INFO] CodeEngine:279 - Generated code: /home/brati/STM32CubeIDE/workspace_1.12.0/free RTOsTest/MXTmpFiles/gpio.tmp
2023-05-04 09:00:19,209 [INFO] CodeEngine:255 - oldGeneratedFile, /home/brati/STM32CubeIDE/workspace_1.12.0/free RTOsTest/Core/Src/stm32f4xx_it.c_save
2023-05-04 09:00:19,266 [INFO] CodeEngine:279 - Generated code: /home/brati/STM32CubeIDE/workspace_1.12.0/free RTOsTest/Core/Src/stm32f4xx_it.c
2023-05-04 09:00:19,267 [INFO] CodeEngine:255 - oldGeneratedFile, /home/brati/STM32CubeIDE/workspace_1.12.0/free RTOsTest/Core/Inc/stm32f4xx_it.h_save
2023-05-04 09:00:19,322 [INFO] CodeEngine:279 - Generated code: /home/brati/STM32CubeIDE/workspace_1.12.0/free RTOsTest/Core/Inc/stm32f4xx_it.h
2023-05-04 09:00:19,324 [INFO] CodeEngine:255 - oldGeneratedFile, /home/brati/STM32CubeIDE/workspace_1.12.0/free RTOsTest/Core/Src/stm32f4xx_hal_msp.c_save
2023-05-04 09:00:19,388 [INFO] CodeEngine:279 - Generated code: /home/brati/STM32CubeIDE/workspace_1.12.0/free RTOsTest/Core/Src/stm32f4xx_hal_msp.c
2023-05-04 09:00:19,389 [INFO] CodeEngine:255 - oldGeneratedFile, /home/brati/STM32CubeIDE/workspace_1.12.0/free RTOsTest/MXTmpFiles/system.tmp_save
2023-05-04 09:00:19,434 [INFO] CodeEngine:279 - Generated code: /home/brati/STM32CubeIDE/workspace_1.12.0/free RTOsTest/MXTmpFiles/system.tmp
2023-05-04 09:00:19,435 [INFO] CodeEngine:255 - oldGeneratedFile, /home/brati/STM32CubeIDE/workspace_1.12.0/free RTOsTest/Core/Src/stm32f4xx_hal_timebase_tim.c_save
2023-05-04 09:00:19,481 [INFO] CodeEngine:279 - Generated code: /home/brati/STM32CubeIDE/workspace_1.12.0/free RTOsTest/Core/Src/stm32f4xx_hal_timebase_tim.c
2023-05-04 09:00:19,482 [INFO] CodeEngine:311 - oldGeneratedFile, /home/brati/STM32CubeIDE/workspace_1.12.0/free RTOsTest/Core/Inc/stm32f4xx_hal_conf.h_save
2023-05-04 09:00:19,533 [INFO] CodeEngine:335 - Generated code: /home/brati/STM32CubeIDE/workspace_1.12.0/free RTOsTest/Core/Inc/stm32f4xx_hal_conf.h
2023-05-04 09:00:19,543 [WARN] IPConfigManager:2937 - Warning: the RefConfig PLL2P_FOR_MCO is not available in your config.xml file
2023-05-04 09:00:19,548 [INFO] CodeEngine:255 - oldGeneratedFile, /home/brati/STM32CubeIDE/workspace_1.12.0/free RTOsTest/Core/Inc/main.h_save
2023-05-04 09:00:19,596 [INFO] CodeEngine:279 - Generated code: /home/brati/STM32CubeIDE/workspace_1.12.0/free RTOsTest/Core/Inc/main.h
2023-05-04 09:00:19,597 [INFO] CodeEngine:255 - oldGeneratedFile, /home/brati/STM32CubeIDE/workspace_1.12.0/free RTOsTest/Core/Src/main.c_save
2023-05-04 09:00:19,658 [INFO] CodeEngine:279 - Generated code: /home/brati/STM32CubeIDE/workspace_1.12.0/free RTOsTest/Core/Src/main.c
2023-05-04 09:00:20,097 [INFO] ProjectBuilder:2996 - Time for Copy HAL[1] : 17mS.
2023-05-04 09:00:20,098 [INFO] ProjectBuilder:4304 - Project Generator version: 3.19.2
2023-05-04 09:00:20,315 [INFO] ConfigFileManager:1483 - The Die is : DIE421
2023-05-04 09:00:21,366 [INFO] ProjectBuilder:4505 - Time for Generating toolchain IDE Files: 1267mS.
2023-05-04 09:00:21,366 [INFO] ProjectBuilder:2867 - Time for Copy CMSIS : 0mS.
2023-05-04 09:00:21,366 [INFO] ProjectBuilder:2867 - Time for Copy CMSIS : 0mS.
2023-05-04 09:00:42,141 [INFO] UtilMem:75 - End SaveConfig() Used Memory: 600996424 Bytes (857735168)
2023-05-04 09:00:42,918 [INFO] UtilMem:75 - End SaveConfig() Used Memory: 389724104 Bytes (857735168)
2023-05-04 09:00:44,858 [INFO] UtilMem:75 - End SaveConfig() Used Memory: 394098064 Bytes (857735168)
2023-05-04 09:00:45,020 [INFO] BlockDiagram:2759 - set Specific Code input for plugin: SYS
2023-05-04 09:00:45,020 [INFO] BlockDiagram:2759 - set Specific Code input for plugin: RCC
2023-05-04 09:00:45,020 [INFO] BlockDiagram:2759 - set Specific Code input for plugin: NVIC
2023-05-04 09:00:45,021 [INFO] BlockDiagram:2759 - set Specific Code input for plugin: GPIO
2023-05-04 09:00:45,021 [INFO] CodeGenerator:793 - code generatio: config db path: /opt/st/stm32cubeide_1.12.0/plugins/com.st.stm32cube.common.mx_6.8.0.202302231600//db/
2023-05-04 09:00:45,210 [INFO] CodeEngine:255 - oldGeneratedFile, /home/brati/STM32CubeIDE/workspace_1.12.0/free RTOsTest/MXTmpFiles/license.tmp_save
2023-05-04 09:00:45,249 [INFO] CodeEngine:279 - Generated code: /home/brati/STM32CubeIDE/workspace_1.12.0/free RTOsTest/MXTmpFiles/license.tmp
2023-05-04 09:00:45,257 [INFO] CodeEngine:255 - oldGeneratedFile, /home/brati/STM32CubeIDE/workspace_1.12.0/free RTOsTest/MXTmpFiles/gpio.tmp_save
2023-05-04 09:00:45,297 [INFO] CodeEngine:279 - Generated code: /home/brati/STM32CubeIDE/workspace_1.12.0/free RTOsTest/MXTmpFiles/gpio.tmp
2023-05-04 09:00:45,306 [INFO] CodeEngine:255 - oldGeneratedFile, /home/brati/STM32CubeIDE/workspace_1.12.0/free RTOsTest/Core/Src/stm32f4xx_it.c_save
2023-05-04 09:00:45,350 [INFO] CodeEngine:279 - Generated code: /home/brati/STM32CubeIDE/workspace_1.12.0/free RTOsTest/Core/Src/stm32f4xx_it.c
2023-05-04 09:00:45,351 [INFO] CodeEngine:255 - oldGeneratedFile, /home/brati/STM32CubeIDE/workspace_1.12.0/free RTOsTest/Core/Inc/stm32f4xx_it.h_save
2023-05-04 09:00:45,390 [INFO] CodeEngine:279 - Generated code: /home/brati/STM32CubeIDE/workspace_1.12.0/free RTOsTest/Core/Inc/stm32f4xx_it.h
2023-05-04 09:00:45,391 [INFO] CodeEngine:255 - oldGeneratedFile, /home/brati/STM32CubeIDE/workspace_1.12.0/free RTOsTest/Core/Src/stm32f4xx_hal_msp.c_save
2023-05-04 09:00:45,444 [INFO] CodeEngine:279 - Generated code: /home/brati/STM32CubeIDE/workspace_1.12.0/free RTOsTest/Core/Src/stm32f4xx_hal_msp.c
2023-05-04 09:00:45,444 [INFO] CodeEngine:255 - oldGeneratedFile, /home/brati/STM32CubeIDE/workspace_1.12.0/free RTOsTest/MXTmpFiles/system.tmp_save
2023-05-04 09:00:45,480 [INFO] CodeEngine:279 - Generated code: /home/brati/STM32CubeIDE/workspace_1.12.0/free RTOsTest/MXTmpFiles/system.tmp
2023-05-04 09:00:45,481 [INFO] CodeEngine:255 - oldGeneratedFile, /home/brati/STM32CubeIDE/workspace_1.12.0/free RTOsTest/Core/Src/stm32f4xx_hal_timebase_tim.c_save
2023-05-04 09:00:45,519 [INFO] CodeEngine:279 - Generated code: /home/brati/STM32CubeIDE/workspace_1.12.0/free RTOsTest/Core/Src/stm32f4xx_hal_timebase_tim.c
2023-05-04 09:00:45,520 [INFO] CodeEngine:311 - oldGeneratedFile, /home/brati/STM32CubeIDE/workspace_1.12.0/free RTOsTest/Core/Inc/stm32f4xx_hal_conf.h_save
2023-05-04 09:00:45,562 [INFO] CodeEngine:335 - Generated code: /home/brati/STM32CubeIDE/workspace_1.12.0/free RTOsTest/Core/Inc/stm32f4xx_hal_conf.h
2023-05-04 09:00:45,571 [WARN] IPConfigManager:2937 - Warning: the RefConfig PLL2P_FOR_MCO is not available in your config.xml file
2023-05-04 09:00:45,575 [INFO] CodeEngine:255 - oldGeneratedFile, /home/brati/STM32CubeIDE/workspace_1.12.0/free RTOsTest/Core/Inc/main.h_save
2023-05-04 09:00:45,614 [INFO] CodeEngine:279 - Generated code: /home/brati/STM32CubeIDE/workspace_1.12.0/free RTOsTest/Core/Inc/main.h
2023-05-04 09:00:45,615 [INFO] CodeEngine:255 - oldGeneratedFile, /home/brati/STM32CubeIDE/workspace_1.12.0/free RTOsTest/Core/Src/main.c_save
2023-05-04 09:00:45,700 [INFO] CodeEngine:279 - Generated code: /home/brati/STM32CubeIDE/workspace_1.12.0/free RTOsTest/Core/Src/main.c
2023-05-04 09:00:46,079 [INFO] ProjectBuilder:2996 - Time for Copy HAL[1] : 12mS.
2023-05-04 09:00:46,080 [INFO] ProjectBuilder:4304 - Project Generator version: 3.19.2
2023-05-04 09:00:46,348 [INFO] ConfigFileManager:1483 - The Die is : DIE421
2023-05-04 09:00:47,277 [INFO] ProjectBuilder:4505 - Time for Generating toolchain IDE Files: 1197mS.
2023-05-04 09:00:47,277 [INFO] ProjectBuilder:2867 - Time for Copy CMSIS : 0mS.
2023-05-04 09:00:47,278 [INFO] ProjectBuilder:2867 - Time for Copy CMSIS : 0mS.
